# JRE version: Java(TM) SE Runtime Environment (8.0_171-b11) (build 1.8.0_171-b11)
# Java VM: Java HotSpot(TM) Client VM (25.171-b11 mixed mode, sharing windows-x86 )
Heap:
 def new generation   total 6912K, used 2310K [0x04400000, 0x04b80000, 0x09950000)
  eden space 6144K,  32% used [0x04400000, 0x045f92a8, 0x04a00000)
  from space 768K,  37% used [0x04a00000, 0x04a48918, 0x04ac0000)
  to   space 768K,   0% used [0x04ac0000, 0x04ac0000, 0x04b80000)
 tenured generation   total 15320K, used 12722K [0x09950000, 0x0a846000, 0x14400000)
   the space 15320K,  83% used [0x09950000, 0x0a5bc8f0, 0x0a5bca00, 0x0a846000)
 Metaspace       used 4277K, capacity 4486K, committed 4608K, reserved 5504K
GC Heap History (10 events):
Event: 873.099 GC heap before
{Heap before GC invocations=7175 (full 17):
 def new generation   total 6912K, used 5935K [0x04400000, 0x04b80000, 0x09950000)
  eden space 6144K,  95% used [0x04400000, 0x049bfdf8, 0x04a00000)
  from space 768K,   6% used [0x04ac0000, 0x04acc178, 0x04b80000)
  to   space 768K,   0% used [0x04a00000, 0x04a00000, 0x04ac0000)
 tenured generation   total 15320K, used 12700K [0x09950000, 0x0a846000, 0x14400000)
   the space 15320K,  82% used [0x09950000, 0x0a5b7278, 0x0a5b7400, 0x0a846000)
 Metaspace       used 4253K, capacity 4454K, committed 4608K, reserved 5504K
Event: 873.100 GC heap after
Heap after GC invocations=7176 (full 17):
 def new generation   total 6912K, used 323K [0x04400000, 0x04b80000, 0x09950000)
  eden space 6144K,   0% used [0x04400000, 0x04400000, 0x04a00000)
  from space 768K,  42% used [0x04a00000, 0x04a50c88, 0x04ac0000)
  to   space 768K,   0% used [0x04ac0000, 0x04ac0000, 0x04b80000)
 tenured generation   total 15320K, used 12700K [0x09950000, 0x0a846000, 0x14400000)
   the space 15320K,  82% used [0x09950000, 0x0a5b7278, 0x0a5b7400, 0x0a846000)
 Metaspace       used 4253K, capacity 4454K, committed 4608K, reserved 5504K
}
Event: 873.331 GC heap before
{Heap before GC invocations=7176 (full 17):
 def new generation   total 6912K, used 6391K [0x04400000, 0x04b80000, 0x09950000)
  eden space 6144K,  98% used [0x04400000, 0x049ecfc8, 0x04a00000)
  from space 768K,  42% used [0x04a00000, 0x04a50c88, 0x04ac0000)
  to   space 768K,   0% used [0x04ac0000, 0x04ac0000, 0x04b80000)
 tenured generation   total 15320K, used 12700K [0x09950000, 0x0a846000, 0x14400000)
   the space 15320K,  82% used [0x09950000, 0x0a5b7278, 0x0a5b7400, 0x0a846000)
 Metaspace       used 4253K, capacity 4454K, committed 4608K, reserved 5504K
Event: 873.332 GC heap after
Heap after GC invocations=7177 (full 17):
 def new generation   total 6912K, used 334K [0x04400000, 0x04b80000, 0x09950000)
  eden space 6144K,   0% used [0x04400000, 0x04400000, 0x04a00000)
  from space 768K,  43% used [0x04ac0000, 0x04b138b8, 0x04b80000)
  to   space 768K,   0% used [0x04a00000, 0x04a00000, 0x04ac0000)
 tenured generation   total 15320K, used 12700K [0x09950000, 0x0a846000, 0x14400000)
   the space 15320K,  82% used [0x09950000, 0x0a5b7278, 0x0a5b7400, 0x0a846000)
 Metaspace       used 4253K, capacity 4454K, committed 4608K, reserved 5504K
}
Event: 873.435 GC heap before
{Heap before GC invocations=7177 (full 17):
 def new generation   total 6912K, used 6478K [0x04400000, 0x04b80000, 0x09950000)
  eden space 6144K, 100% used [0x04400000, 0x04a00000, 0x04a00000)
  from space 768K,  43% used [0x04ac0000, 0x04b138b8, 0x04b80000)
  to   space 768K,   0% used [0x04a00000, 0x04a00000, 0x04ac0000)
 tenured generation   total 15320K, used 12700K [0x09950000, 0x0a846000, 0x14400000)
   the space 15320K,  82% used [0x09950000, 0x0a5b7278, 0x0a5b7400, 0x0a846000)
 Metaspace       used 4253K, capacity 4454K, committed 4608K, reserved 5504K
Event: 873.436 GC heap after
Heap after GC invocations=7178 (full 17):
 def new generation   total 6912K, used 563K [0x04400000, 0x04b80000, 0x09950000)
  eden space 6144K,   0% used [0x04400000, 0x04400000, 0x04a00000)
  from space 768K,  73% used [0x04a00000, 0x04a8cec0, 0x04ac0000)
  to   space 768K,   0% used [0x04ac0000, 0x04ac0000, 0x04b80000)
 tenured generation   total 15320K, used 12700K [0x09950000, 0x0a846000, 0x14400000)
   the space 15320K,  82% used [0x09950000, 0x0a5b7278, 0x0a5b7400, 0x0a846000)
 Metaspace       used 4253K, capacity 4454K, committed 4608K, reserved 5504K
}
Event: 873.656 GC heap before
{Heap before GC invocations=7178 (full 17):
 def new generation   total 6912K, used 6707K [0x04400000, 0x04b80000, 0x09950000)
  eden space 6144K, 100% used [0x04400000, 0x04a00000, 0x04a00000)
  from space 768K,  73% used [0x04a00000, 0x04a8cec0, 0x04ac0000)
  to   space 768K,   0% used [0x04ac0000, 0x04ac0000, 0x04b80000)
 tenured generation   total 15320K, used 12700K [0x09950000, 0x0a846000, 0x14400000)
   the space 15320K,  82% used [0x09950000, 0x0a5b7278, 0x0a5b7400, 0x0a846000)
 Metaspace       used 4253K, capacity 4454K, committed 4608K, reserved 5504K
Event: 873.657 GC heap after
Heap after GC invocations=7179 (full 17):
 def new generation   total 6912K, used 553K [0x04400000, 0x04b80000, 0x09950000)
  eden space 6144K,   0% used [0x04400000, 0x04400000, 0x04a00000)
  from space 768K,  72% used [0x04ac0000, 0x04b4a498, 0x04b80000)
  to   space 768K,   0% used [0x04a00000, 0x04a00000, 0x04ac0000)
 tenured generation   total 15320K, used 12711K [0x09950000, 0x0a846000, 0x14400000)
   the space 15320K,  82% used [0x09950000, 0x0a5b9d98, 0x0a5b9e00, 0x0a846000)
 Metaspace       used 4253K, capacity 4454K, committed 4608K, reserved 5504K
}
Event: 873.768 GC heap before
{Heap before GC invocations=7179 (full 17):
 def new generation   total 6912K, used 6697K [0x04400000, 0x04b80000, 0x09950000)
  eden space 6144K, 100% used [0x04400000, 0x04a00000, 0x04a00000)
  from space 768K,  72% used [0x04ac0000, 0x04b4a498, 0x04b80000)
  to   space 768K,   0% used [0x04a00000, 0x04a00000, 0x04ac0000)
 tenured generation   total 15320K, used 12711K [0x09950000, 0x0a846000, 0x14400000)
   the space 15320K,  82% used [0x09950000, 0x0a5b9d98, 0x0a5b9e00, 0x0a846000)
 Metaspace       used 4277K, capacity 4486K, committed 4608K, reserved 5504K
Event: 873.770 GC heap after
Heap after GC invocations=7180 (full 17):
 def new generation   total 6912K, used 290K [0x04400000, 0x04b80000, 0x09950000)
  eden space 6144K,   0% used [0x04400000, 0x04400000, 0x04a00000)
  from space 768K,  37% used [0x04a00000, 0x04a48918, 0x04ac0000)
  to   space 768K,   0% used [0x04ac0000, 0x04ac0000, 0x04b80000)
 tenured generation   total 15320K, used 12722K [0x09950000, 0x0a846000, 0x14400000)
   the space 15320K,  83% used [0x09950000, 0x0a5bc8f0, 0x0a5bca00, 0x0a846000)
 Metaspace       used 4277K, capacity 4486K, committed 4608K, reserved 5504K
}

