# JRE version: Java(TM) SE Runtime Environment (8.0_171-b11) (build 1.8.0_171-b11)
# Java VM: Java HotSpot(TM) Client VM (25.171-b11 mixed mode, sharing windows-x86 )
Heap:
 def new generation   total 5568K, used 1280K [0x04600000, 0x04c00000, 0x09b50000)
  eden space 4992K,  25% used [0x04600000, 0x047402e0, 0x04ae0000)
  from space 576K,   0% used [0x04ae0000, 0x04ae0000, 0x04b70000)
  to   space 576K,   0% used [0x04b70000, 0x04b70000, 0x04c00000)
 tenured generation   total 12216K, used 6310K [0x09b50000, 0x0a73e000, 0x14600000)
   the space 12216K,  51% used [0x09b50000, 0x0a179bb0, 0x0a179c00, 0x0a73e000)
 Metaspace       used 2306K, capacity 2954K, committed 3008K, reserved 4480K
GC Heap History (10 events):
Event: 652.518 GC heap before
{Heap before GC invocations=3854 (full 545):
 def new generation   total 5568K, used 5439K [0x04600000, 0x04c00000, 0x09b50000)
  eden space 4992K,  97% used [0x04600000, 0x04ac51a0, 0x04ae0000)
  from space 576K,  96% used [0x04b70000, 0x04bfac58, 0x04c00000)
  to   space 576K,   0% used [0x04ae0000, 0x04ae0000, 0x04b70000)
 tenured generation   total 12216K, used 8413K [0x09b50000, 0x0a73e000, 0x14600000)
   the space 12216K,  68% used [0x09b50000, 0x0a3877f8, 0x0a387800, 0x0a73e000)
 Metaspace       used 2282K, capacity 2954K, committed 3008K, reserved 4480K
Event: 652.519 GC heap after
Heap after GC invocations=3855 (full 545):
 def new generation   total 5568K, used 538K [0x04600000, 0x04c00000, 0x09b50000)
  eden space 4992K,   0% used [0x04600000, 0x04600000, 0x04ae0000)
  from space 576K,  93% used [0x04ae0000, 0x04b66a90, 0x04b70000)
  to   space 576K,   0% used [0x04b70000, 0x04b70000, 0x04c00000)
 tenured generation   total 12216K, used 9024K [0x09b50000, 0x0a73e000, 0x14600000)
   the space 12216K,  73% used [0x09b50000, 0x0a420170, 0x0a420200, 0x0a73e000)
 Metaspace       used 2282K, capacity 2954K, committed 3008K, reserved 4480K
}
Event: 652.754 GC heap before
{Heap before GC invocations=3855 (full 545):
 def new generation   total 5568K, used 5368K [0x04600000, 0x04c00000, 0x09b50000)
  eden space 4992K,  96% used [0x04600000, 0x04ab7790, 0x04ae0000)
  from space 576K,  93% used [0x04ae0000, 0x04b66a90, 0x04b70000)
  to   space 576K,   0% used [0x04b70000, 0x04b70000, 0x04c00000)
 tenured generation   total 12216K, used 9024K [0x09b50000, 0x0a73e000, 0x14600000)
   the space 12216K,  73% used [0x09b50000, 0x0a420170, 0x0a420200, 0x0a73e000)
 Metaspace       used 2282K, capacity 2954K, committed 3008K, reserved 4480K
Event: 652.755 GC heap after
Heap after GC invocations=3856 (full 545):
 def new generation   total 5568K, used 340K [0x04600000, 0x04c00000, 0x09b50000)
  eden space 4992K,   0% used [0x04600000, 0x04600000, 0x04ae0000)
  from space 576K,  59% used [0x04b70000, 0x04bc51a8, 0x04c00000)
  to   space 576K,   0% used [0x04ae0000, 0x04ae0000, 0x04b70000)
 tenured generation   total 12216K, used 9934K [0x09b50000, 0x0a73e000, 0x14600000)
   the space 12216K,  81% used [0x09b50000, 0x0a503830, 0x0a503a00, 0x0a73e000)
 Metaspace       used 2282K, capacity 2954K, committed 3008K, reserved 4480K
}
Event: 652.873 GC heap before
{Heap before GC invocations=3856 (full 545):
 def new generation   total 5568K, used 5332K [0x04600000, 0x04c00000, 0x09b50000)
  eden space 4992K, 100% used [0x04600000, 0x04ae0000, 0x04ae0000)
  from space 576K,  59% used [0x04b70000, 0x04bc51a8, 0x04c00000)
  to   space 576K,   0% used [0x04ae0000, 0x04ae0000, 0x04b70000)
 tenured generation   total 12216K, used 9934K [0x09b50000, 0x0a73e000, 0x14600000)
   the space 12216K,  81% used [0x09b50000, 0x0a503830, 0x0a503a00, 0x0a73e000)
 Metaspace       used 2282K, capacity 2954K, committed 3008K, reserved 4480K
Event: 652.874 GC heap after
Heap after GC invocations=3857 (full 545):
 def new generation   total 5568K, used 542K [0x04600000, 0x04c00000, 0x09b50000)
  eden space 4992K,   0% used [0x04600000, 0x04600000, 0x04ae0000)
  from space 576K,  94% used [0x04ae0000, 0x04b679f0, 0x04b70000)
  to   space 576K,   0% used [0x04b70000, 0x04b70000, 0x04c00000)
 tenured generation   total 12216K, used 10544K [0x09b50000, 0x0a73e000, 0x14600000)
   the space 12216K,  86% used [0x09b50000, 0x0a59c180, 0x0a59c200, 0x0a73e000)
 Metaspace       used 2282K, capacity 2954K, committed 3008K, reserved 4480K
}
Event: 653.085 GC heap before
{Heap before GC invocations=3857 (full 545):
 def new generation   total 5568K, used 5315K [0x04600000, 0x04c00000, 0x09b50000)
  eden space 4992K,  95% used [0x04600000, 0x04aa9240, 0x04ae0000)
  from space 576K,  94% used [0x04ae0000, 0x04b679f0, 0x04b70000)
  to   space 576K,   0% used [0x04b70000, 0x04b70000, 0x04c00000)
 tenured generation   total 12216K, used 10544K [0x09b50000, 0x0a73e000, 0x14600000)
   the space 12216K,  86% used [0x09b50000, 0x0a59c180, 0x0a59c200, 0x0a73e000)
 Metaspace       used 2282K, capacity 2954K, committed 3008K, reserved 4480K
Event: 653.086 GC heap after
Heap after GC invocations=3858 (full 545):
 def new generation   total 5568K, used 373K [0x04600000, 0x04c00000, 0x09b50000)
  eden space 4992K,   0% used [0x04600000, 0x04600000, 0x04ae0000)
  from space 576K,  64% used [0x04b70000, 0x04bcd668, 0x04c00000)
  to   space 576K,   0% used [0x04ae0000, 0x04ae0000, 0x04b70000)
 tenured generation   total 12216K, used 11154K [0x09b50000, 0x0a73e000, 0x14600000)
   the space 12216K,  91% used [0x09b50000, 0x0a634868, 0x0a634a00, 0x0a73e000)
 Metaspace       used 2282K, capacity 2954K, committed 3008K, reserved 4480K
}
Event: 653.297 GC heap before
{Heap before GC invocations=3858 (full 545):
 def new generation   total 5568K, used 5365K [0x04600000, 0x04c00000, 0x09b50000)
  eden space 4992K, 100% used [0x04600000, 0x04ae0000, 0x04ae0000)
  from space 576K,  64% used [0x04b70000, 0x04bcd668, 0x04c00000)
  to   space 576K,   0% used [0x04ae0000, 0x04ae0000, 0x04b70000)
 tenured generation   total 12216K, used 11154K [0x09b50000, 0x0a73e000, 0x14600000)
   the space 12216K,  91% used [0x09b50000, 0x0a634868, 0x0a634a00, 0x0a73e000)
 Metaspace       used 2306K, capacity 2954K, committed 3008K, reserved 4480K
Event: 653.310 GC heap after
Heap after GC invocations=3859 (full 546):
 def new generation   total 5568K, used 0K [0x04600000, 0x04c00000, 0x09b50000)
  eden space 4992K,   0% used [0x04600000, 0x04600000, 0x04ae0000)
  from space 576K,   0% used [0x04ae0000, 0x04ae0000, 0x04b70000)
  to   space 576K,   0% used [0x04b70000, 0x04b70000, 0x04c00000)
 tenured generation   total 12216K, used 6310K [0x09b50000, 0x0a73e000, 0x14600000)
   the space 12216K,  51% used [0x09b50000, 0x0a179bb0, 0x0a179c00, 0x0a73e000)
 Metaspace       used 2306K, capacity 2954K, committed 3008K, reserved 4480K
}

