# JRE version: Java(TM) SE Runtime Environment (8.0_171-b11) (build 1.8.0_171-b11)
# Java VM: Java HotSpot(TM) Client VM (25.171-b11 mixed mode windows-x86 )
Heap:
 def new generation   total 44608K, used 25776K [0x04800000, 0x07860000, 0x09d50000)
  eden space 39680K,  53% used [0x04800000, 0x05c9ec60, 0x06ec0000)
  from space 4928K,  94% used [0x06ec0000, 0x0734d480, 0x07390000)
  to   space 4928K,   0% used [0x07390000, 0x07390000, 0x07860000)
 tenured generation   total 98920K, used 81802K [0x09d50000, 0x0fdea000, 0x14800000)
   the space 98920K,  82% used [0x09d50000, 0x0ed32b90, 0x0ed32c00, 0x0fdea000)
 Metaspace       used 12221K, capacity 12420K, committed 12544K, reserved 12672K
GC Heap History (10 events):
Event: 443.089 GC heap before
{Heap before GC invocations=3921 (full 479):
 def new generation   total 44608K, used 44181K [0x04800000, 0x07860000, 0x09d50000)
  eden space 39680K,  98% used [0x04800000, 0x06e56ab0, 0x06ec0000)
  from space 4928K,  99% used [0x07390000, 0x0785ed40, 0x07860000)
  to   space 4928K,   0% used [0x06ec0000, 0x06ec0000, 0x07390000)
 tenured generation   total 98920K, used 60056K [0x09d50000, 0x0fdea000, 0x14800000)
   the space 98920K,  60% used [0x09d50000, 0x0d7f6218, 0x0d7f6400, 0x0fdea000)
 Metaspace       used 12197K, capacity 12388K, committed 12544K, reserved 12672K
Event: 443.091 GC heap after
Heap after GC invocations=3922 (full 479):
 def new generation   total 44608K, used 4892K [0x04800000, 0x07860000, 0x09d50000)
  eden space 39680K,   0% used [0x04800000, 0x04800000, 0x06ec0000)
  from space 4928K,  99% used [0x06ec0000, 0x07387380, 0x07390000)
  to   space 4928K,   0% used [0x07390000, 0x07390000, 0x07860000)
 tenured generation   total 98920K, used 63685K [0x09d50000, 0x0fdea000, 0x14800000)
   the space 98920K,  64% used [0x09d50000, 0x0db816d8, 0x0db81800, 0x0fdea000)
 Metaspace       used 12197K, capacity 12388K, committed 12544K, reserved 12672K
}
Event: 443.277 GC heap before
{Heap before GC invocations=3922 (full 479):
 def new generation   total 44608K, used 43730K [0x04800000, 0x07860000, 0x09d50000)
  eden space 39680K,  97% used [0x04800000, 0x06ded538, 0x06ec0000)
  from space 4928K,  99% used [0x06ec0000, 0x07387380, 0x07390000)
  to   space 4928K,   0% used [0x07390000, 0x07390000, 0x07860000)
 tenured generation   total 98920K, used 63685K [0x09d50000, 0x0fdea000, 0x14800000)
   the space 98920K,  64% used [0x09d50000, 0x0db816d8, 0x0db81800, 0x0fdea000)
 Metaspace       used 12197K, capacity 12388K, committed 12544K, reserved 12672K
Event: 443.280 GC heap after
Heap after GC invocations=3923 (full 479):
 def new generation   total 44608K, used 4894K [0x04800000, 0x07860000, 0x09d50000)
  eden space 39680K,   0% used [0x04800000, 0x04800000, 0x06ec0000)
  from space 4928K,  99% used [0x07390000, 0x07857b30, 0x07860000)
  to   space 4928K,   0% used [0x06ec0000, 0x06ec0000, 0x07390000)
 tenured generation   total 98920K, used 67315K [0x09d50000, 0x0fdea000, 0x14800000)
   the space 98920K,  68% used [0x09d50000, 0x0df0cd30, 0x0df0ce00, 0x0fdea000)
 Metaspace       used 12197K, capacity 12388K, committed 12544K, reserved 12672K
}
Event: 443.510 GC heap before
{Heap before GC invocations=3923 (full 479):
 def new generation   total 44608K, used 44574K [0x04800000, 0x07860000, 0x09d50000)
  eden space 39680K, 100% used [0x04800000, 0x06ec0000, 0x06ec0000)
  from space 4928K,  99% used [0x07390000, 0x07857b30, 0x07860000)
  to   space 4928K,   0% used [0x06ec0000, 0x06ec0000, 0x07390000)
 tenured generation   total 98920K, used 67315K [0x09d50000, 0x0fdea000, 0x14800000)
   the space 98920K,  68% used [0x09d50000, 0x0df0cd30, 0x0df0ce00, 0x0fdea000)
 Metaspace       used 12197K, capacity 12388K, committed 12544K, reserved 12672K
Event: 443.513 GC heap after
Heap after GC invocations=3924 (full 479):
 def new generation   total 44608K, used 4603K [0x04800000, 0x07860000, 0x09d50000)
  eden space 39680K,   0% used [0x04800000, 0x04800000, 0x06ec0000)
  from space 4928K,  93% used [0x06ec0000, 0x0733ed60, 0x07390000)
  to   space 4928K,   0% used [0x07390000, 0x07390000, 0x07860000)
 tenured generation   total 98920K, used 72144K [0x09d50000, 0x0fdea000, 0x14800000)
   the space 98920K,  72% used [0x09d50000, 0x0e3c41a8, 0x0e3c4200, 0x0fdea000)
 Metaspace       used 12197K, capacity 12388K, committed 12544K, reserved 12672K
}
Event: 443.754 GC heap before
{Heap before GC invocations=3924 (full 479):
 def new generation   total 44608K, used 44283K [0x04800000, 0x07860000, 0x09d50000)
  eden space 39680K, 100% used [0x04800000, 0x06ec0000, 0x06ec0000)
  from space 4928K,  93% used [0x06ec0000, 0x0733ed60, 0x07390000)
  to   space 4928K,   0% used [0x07390000, 0x07390000, 0x07860000)
 tenured generation   total 98920K, used 72144K [0x09d50000, 0x0fdea000, 0x14800000)
   the space 98920K,  72% used [0x09d50000, 0x0e3c41a8, 0x0e3c4200, 0x0fdea000)
 Metaspace       used 12197K, capacity 12388K, committed 12544K, reserved 12672K
Event: 443.756 GC heap after
Heap after GC invocations=3925 (full 479):
 def new generation   total 44608K, used 4603K [0x04800000, 0x07860000, 0x09d50000)
  eden space 39680K,   0% used [0x04800000, 0x04800000, 0x06ec0000)
  from space 4928K,  93% used [0x07390000, 0x0780ee48, 0x07860000)
  to   space 4928K,   0% used [0x06ec0000, 0x06ec0000, 0x07390000)
 tenured generation   total 98920K, used 76973K [0x09d50000, 0x0fdea000, 0x14800000)
   the space 98920K,  77% used [0x09d50000, 0x0e87b6c0, 0x0e87b800, 0x0fdea000)
 Metaspace       used 12197K, capacity 12388K, committed 12544K, reserved 12672K
}
Event: 444.045 GC heap before
{Heap before GC invocations=3925 (full 479):
 def new generation   total 44608K, used 44283K [0x04800000, 0x07860000, 0x09d50000)
  eden space 39680K, 100% used [0x04800000, 0x06ec0000, 0x06ec0000)
  from space 4928K,  93% used [0x07390000, 0x0780ee48, 0x07860000)
  to   space 4928K,   0% used [0x06ec0000, 0x06ec0000, 0x07390000)
 tenured generation   total 98920K, used 76973K [0x09d50000, 0x0fdea000, 0x14800000)
   the space 98920K,  77% used [0x09d50000, 0x0e87b6c0, 0x0e87b800, 0x0fdea000)
 Metaspace       used 12197K, capacity 12388K, committed 12544K, reserved 12672K
Event: 444.047 GC heap after
Heap after GC invocations=3926 (full 479):
 def new generation   total 44608K, used 4661K [0x04800000, 0x07860000, 0x09d50000)
  eden space 39680K,   0% used [0x04800000, 0x04800000, 0x06ec0000)
  from space 4928K,  94% used [0x06ec0000, 0x0734d480, 0x07390000)
  to   space 4928K,   0% used [0x07390000, 0x07390000, 0x07860000)
 tenured generation   total 98920K, used 81802K [0x09d50000, 0x0fdea000, 0x14800000)
   the space 98920K,  82% used [0x09d50000, 0x0ed32b90, 0x0ed32c00, 0x0fdea000)
 Metaspace       used 12197K, capacity 12388K, committed 12544K, reserved 12672K
}

