# JRE version: Java(TM) SE Runtime Environment (8.0_171-b11) (build 1.8.0_171-b11)
# Java VM: Java HotSpot(TM) Client VM (25.171-b11 mixed mode windows-x86 )
Heap:
 def new generation   total 4992K, used 3236K [0x04e00000, 0x05360000, 0x0a350000)
  eden space 4480K,  63% used [0x04e00000, 0x050cb740, 0x05260000)
  from space 512K,  73% used [0x052e0000, 0x0533db70, 0x05360000)
  to   space 512K,   0% used [0x05260000, 0x05260000, 0x052e0000)
 tenured generation   total 10944K, used 6306K [0x0a350000, 0x0ae00000, 0x14e00000)
   the space 10944K,  57% used [0x0a350000, 0x0a978b00, 0x0a978c00, 0x0ae00000)
 Metaspace       used 8672K, capacity 8860K, committed 8960K, reserved 9600K
GC Heap History (10 events):
Event: 7.505 GC heap before
{Heap before GC invocations=42 (full 1):
 def new generation   total 4992K, used 4854K [0x04e00000, 0x05360000, 0x0a350000)
  eden space 4480K, 100% used [0x04e00000, 0x05260000, 0x05260000)
  from space 512K,  73% used [0x05260000, 0x052bd968, 0x052e0000)
  to   space 512K,   0% used [0x052e0000, 0x052e0000, 0x05360000)
 tenured generation   total 10944K, used 5441K [0x0a350000, 0x0ae00000, 0x14e00000)
   the space 10944K,  49% used [0x0a350000, 0x0a8a0448, 0x0a8a0600, 0x0ae00000)
 Metaspace       used 8656K, capacity 8828K, committed 8960K, reserved 9600K
Event: 7.506 GC heap after
Heap after GC invocations=43 (full 1):
 def new generation   total 4992K, used 262K [0x04e00000, 0x05360000, 0x0a350000)
  eden space 4480K,   0% used [0x04e00000, 0x04e00000, 0x05260000)
  from space 512K,  51% used [0x052e0000, 0x05321968, 0x05360000)
  to   space 512K,   0% used [0x05260000, 0x05260000, 0x052e0000)
 tenured generation   total 10944K, used 5451K [0x0a350000, 0x0ae00000, 0x14e00000)
   the space 10944K,  49% used [0x0a350000, 0x0a8a2f78, 0x0a8a3000, 0x0ae00000)
 Metaspace       used 8656K, capacity 8828K, committed 8960K, reserved 9600K
}
Event: 7.644 GC heap before
{Heap before GC invocations=43 (full 1):
 def new generation   total 4992K, used 4742K [0x04e00000, 0x05360000, 0x0a350000)
  eden space 4480K, 100% used [0x04e00000, 0x05260000, 0x05260000)
  from space 512K,  51% used [0x052e0000, 0x05321968, 0x05360000)
  to   space 512K,   0% used [0x05260000, 0x05260000, 0x052e0000)
 tenured generation   total 10944K, used 5451K [0x0a350000, 0x0ae00000, 0x14e00000)
   the space 10944K,  49% used [0x0a350000, 0x0a8a2f78, 0x0a8a3000, 0x0ae00000)
 Metaspace       used 8656K, capacity 8828K, committed 8960K, reserved 9600K
Event: 7.645 GC heap after
Heap after GC invocations=44 (full 1):
 def new generation   total 4992K, used 240K [0x04e00000, 0x05360000, 0x0a350000)
  eden space 4480K,   0% used [0x04e00000, 0x04e00000, 0x05260000)
  from space 512K,  47% used [0x05260000, 0x0529c3f8, 0x052e0000)
  to   space 512K,   0% used [0x052e0000, 0x052e0000, 0x05360000)
 tenured generation   total 10944K, used 5761K [0x0a350000, 0x0ae00000, 0x14e00000)
   the space 10944K,  52% used [0x0a350000, 0x0a8f07e8, 0x0a8f0800, 0x0ae00000)
 Metaspace       used 8656K, capacity 8828K, committed 8960K, reserved 9600K
}
Event: 7.778 GC heap before
{Heap before GC invocations=44 (full 1):
 def new generation   total 4992K, used 4619K [0x04e00000, 0x05360000, 0x0a350000)
  eden space 4480K,  97% used [0x04e00000, 0x05246848, 0x05260000)
  from space 512K,  47% used [0x05260000, 0x0529c3f8, 0x052e0000)
  to   space 512K,   0% used [0x052e0000, 0x052e0000, 0x05360000)
 tenured generation   total 10944K, used 5761K [0x0a350000, 0x0ae00000, 0x14e00000)
   the space 10944K,  52% used [0x0a350000, 0x0a8f07e8, 0x0a8f0800, 0x0ae00000)
 Metaspace       used 8656K, capacity 8828K, committed 8960K, reserved 9600K
Event: 7.779 GC heap after
Heap after GC invocations=45 (full 1):
 def new generation   total 4992K, used 321K [0x04e00000, 0x05360000, 0x0a350000)
  eden space 4480K,   0% used [0x04e00000, 0x04e00000, 0x05260000)
  from space 512K,  62% used [0x052e0000, 0x05330650, 0x05360000)
  to   space 512K,   0% used [0x05260000, 0x05260000, 0x052e0000)
 tenured generation   total 10944K, used 5986K [0x0a350000, 0x0ae00000, 0x14e00000)
   the space 10944K,  54% used [0x0a350000, 0x0a928bf8, 0x0a928c00, 0x0ae00000)
 Metaspace       used 8656K, capacity 8828K, committed 8960K, reserved 9600K
}
Event: 7.890 GC heap before
{Heap before GC invocations=45 (full 1):
 def new generation   total 4992K, used 4576K [0x04e00000, 0x05360000, 0x0a350000)
  eden space 4480K,  94% used [0x04e00000, 0x05227c68, 0x05260000)
  from space 512K,  62% used [0x052e0000, 0x05330650, 0x05360000)
  to   space 512K,   0% used [0x05260000, 0x05260000, 0x052e0000)
 tenured generation   total 10944K, used 5986K [0x0a350000, 0x0ae00000, 0x14e00000)
   the space 10944K,  54% used [0x0a350000, 0x0a928bf8, 0x0a928c00, 0x0ae00000)
 Metaspace       used 8656K, capacity 8828K, committed 8960K, reserved 9600K
Event: 7.891 GC heap after
Heap after GC invocations=46 (full 1):
 def new generation   total 4992K, used 311K [0x04e00000, 0x05360000, 0x0a350000)
  eden space 4480K,   0% used [0x04e00000, 0x04e00000, 0x05260000)
  from space 512K,  60% used [0x05260000, 0x052adff0, 0x052e0000)
  to   space 512K,   0% used [0x052e0000, 0x052e0000, 0x05360000)
 tenured generation   total 10944K, used 5997K [0x0a350000, 0x0ae00000, 0x14e00000)
   the space 10944K,  54% used [0x0a350000, 0x0a92b448, 0x0a92b600, 0x0ae00000)
 Metaspace       used 8656K, capacity 8828K, committed 8960K, reserved 9600K
}
Event: 8.077 GC heap before
{Heap before GC invocations=46 (full 1):
 def new generation   total 4992K, used 4671K [0x04e00000, 0x05360000, 0x0a350000)
  eden space 4480K,  97% used [0x04e00000, 0x05241df8, 0x05260000)
  from space 512K,  60% used [0x05260000, 0x052adff0, 0x052e0000)
  to   space 512K,   0% used [0x052e0000, 0x052e0000, 0x05360000)
 tenured generation   total 10944K, used 5997K [0x0a350000, 0x0ae00000, 0x14e00000)
   the space 10944K,  54% used [0x0a350000, 0x0a92b448, 0x0a92b600, 0x0ae00000)
 Metaspace       used 8656K, capacity 8828K, committed 8960K, reserved 9600K
Event: 8.078 GC heap after
Heap after GC invocations=47 (full 1):
 def new generation   total 4992K, used 374K [0x04e00000, 0x05360000, 0x0a350000)
  eden space 4480K,   0% used [0x04e00000, 0x04e00000, 0x05260000)
  from space 512K,  73% used [0x052e0000, 0x0533db70, 0x05360000)
  to   space 512K,   0% used [0x05260000, 0x05260000, 0x052e0000)
 tenured generation   total 10944K, used 6306K [0x0a350000, 0x0ae00000, 0x14e00000)
   the space 10944K,  57% used [0x0a350000, 0x0a978b00, 0x0a978c00, 0x0ae00000)
 Metaspace       used 8656K, capacity 8828K, committed 8960K, reserved 9600K
}

