# JRE version: Java(TM) SE Runtime Environment (8.0_171-b11) (build 1.8.0_171-b11)
# Java VM: Java HotSpot(TM) Client VM (25.171-b11 mixed mode windows-x86 )
Heap:
 def new generation   total 13248K, used 9712K [0x04e00000, 0x05c60000, 0x0a350000)
  eden space 11776K,  82% used [0x04e00000, 0x0577c058, 0x05980000)
  from space 1472K,   0% used [0x05980000, 0x05980000, 0x05af0000)
  to   space 1472K,   0% used [0x05af0000, 0x05af0000, 0x05c60000)
 tenured generation   total 29372K, used 10953K [0x0a350000, 0x0bfff000, 0x14e00000)
   the space 29372K,  37% used [0x0a350000, 0x0ae02470, 0x0ae02600, 0x0bfff000)
 Metaspace       used 8635K, capacity 8813K, committed 8960K, reserved 9600K
GC Heap History (10 events):
Event: 140.035 GC heap before
{Heap before GC invocations=1904 (full 289):
 def new generation   total 13248K, used 13037K [0x04e00000, 0x05c60000, 0x0a350000)
  eden space 11776K, 100% used [0x04e00000, 0x05980000, 0x05980000)
  from space 1472K,  85% used [0x05af0000, 0x05c2b4e0, 0x05c60000)
  to   space 1472K,   0% used [0x05980000, 0x05980000, 0x05af0000)
 tenured generation   total 29372K, used 12993K [0x0a350000, 0x0bfff000, 0x14e00000)
   the space 29372K,  44% used [0x0a350000, 0x0b000520, 0x0b000600, 0x0bfff000)
 Metaspace       used 8617K, capacity 8781K, committed 8832K, reserved 9600K
Event: 140.037 GC heap after
Heap after GC invocations=1905 (full 289):
 def new generation   total 13248K, used 938K [0x04e00000, 0x05c60000, 0x0a350000)
  eden space 11776K,   0% used [0x04e00000, 0x04e00000, 0x05980000)
  from space 1472K,  63% used [0x05980000, 0x05a6aad8, 0x05af0000)
  to   space 1472K,   0% used [0x05af0000, 0x05af0000, 0x05c60000)
 tenured generation   total 29372K, used 16593K [0x0a350000, 0x0bfff000, 0x14e00000)
   the space 29372K,  56% used [0x0a350000, 0x0b384688, 0x0b384800, 0x0bfff000)
 Metaspace       used 8617K, capacity 8781K, committed 8832K, reserved 9600K
}
Event: 140.096 GC heap before
{Heap before GC invocations=1905 (full 289):
 def new generation   total 13248K, used 12714K [0x04e00000, 0x05c60000, 0x0a350000)
  eden space 11776K, 100% used [0x04e00000, 0x05980000, 0x05980000)
  from space 1472K,  63% used [0x05980000, 0x05a6aad8, 0x05af0000)
  to   space 1472K,   0% used [0x05af0000, 0x05af0000, 0x05c60000)
 tenured generation   total 29372K, used 16593K [0x0a350000, 0x0bfff000, 0x14e00000)
   the space 29372K,  56% used [0x0a350000, 0x0b384688, 0x0b384800, 0x0bfff000)
 Metaspace       used 8617K, capacity 8781K, committed 8832K, reserved 9600K
Event: 140.098 GC heap after
Heap after GC invocations=1906 (full 289):
 def new generation   total 13248K, used 938K [0x04e00000, 0x05c60000, 0x0a350000)
  eden space 11776K,   0% used [0x04e00000, 0x04e00000, 0x05980000)
  from space 1472K,  63% used [0x05af0000, 0x05bdaa88, 0x05c60000)
  to   space 1472K,   0% used [0x05980000, 0x05980000, 0x05af0000)
 tenured generation   total 29372K, used 20220K [0x0a350000, 0x0bfff000, 0x14e00000)
   the space 29372K,  68% used [0x0a350000, 0x0b70f300, 0x0b70f400, 0x0bfff000)
 Metaspace       used 8617K, capacity 8781K, committed 8832K, reserved 9600K
}
Event: 140.244 GC heap before
{Heap before GC invocations=1906 (full 289):
 def new generation   total 13248K, used 12714K [0x04e00000, 0x05c60000, 0x0a350000)
  eden space 11776K, 100% used [0x04e00000, 0x05980000, 0x05980000)
  from space 1472K,  63% used [0x05af0000, 0x05bdaa88, 0x05c60000)
  to   space 1472K,   0% used [0x05980000, 0x05980000, 0x05af0000)
 tenured generation   total 29372K, used 20220K [0x0a350000, 0x0bfff000, 0x14e00000)
   the space 29372K,  68% used [0x0a350000, 0x0b70f300, 0x0b70f400, 0x0bfff000)
 Metaspace       used 8617K, capacity 8781K, committed 8832K, reserved 9600K
Event: 140.246 GC heap after
Heap after GC invocations=1907 (full 289):
 def new generation   total 13248K, used 996K [0x04e00000, 0x05c60000, 0x0a350000)
  eden space 11776K,   0% used [0x04e00000, 0x04e00000, 0x05980000)
  from space 1472K,  67% used [0x05980000, 0x05a79200, 0x05af0000)
  to   space 1472K,   0% used [0x05af0000, 0x05af0000, 0x05c60000)
 tenured generation   total 29372K, used 23847K [0x0a350000, 0x0bfff000, 0x14e00000)
   the space 29372K,  81% used [0x0a350000, 0x0ba99f28, 0x0ba9a000, 0x0bfff000)
 Metaspace       used 8617K, capacity 8781K, committed 8832K, reserved 9600K
}
Event: 140.272 GC heap before
{Heap before GC invocations=1907 (full 289):
 def new generation   total 13248K, used 12772K [0x04e00000, 0x05c60000, 0x0a350000)
  eden space 11776K, 100% used [0x04e00000, 0x05980000, 0x05980000)
  from space 1472K,  67% used [0x05980000, 0x05a79200, 0x05af0000)
  to   space 1472K,   0% used [0x05af0000, 0x05af0000, 0x05c60000)
 tenured generation   total 29372K, used 23847K [0x0a350000, 0x0bfff000, 0x14e00000)
   the space 29372K,  81% used [0x0a350000, 0x0ba99f28, 0x0ba9a000, 0x0bfff000)
 Metaspace       used 8617K, capacity 8781K, committed 8832K, reserved 9600K
Event: 140.274 GC heap after
Heap after GC invocations=1908 (full 289):
 def new generation   total 13248K, used 1235K [0x04e00000, 0x05c60000, 0x0a350000)
  eden space 11776K,   0% used [0x04e00000, 0x04e00000, 0x05980000)
  from space 1472K,  83% used [0x05af0000, 0x05c24f68, 0x05c60000)
  to   space 1472K,   0% used [0x05980000, 0x05980000, 0x05af0000)
 tenured generation   total 29372K, used 27175K [0x0a350000, 0x0bfff000, 0x14e00000)
   the space 29372K,  92% used [0x0a350000, 0x0bdd9d50, 0x0bdd9e00, 0x0bfff000)
 Metaspace       used 8617K, capacity 8781K, committed 8832K, reserved 9600K
}
Event: 140.390 GC heap before
{Heap before GC invocations=1908 (full 289):
 def new generation   total 13248K, used 13011K [0x04e00000, 0x05c60000, 0x0a350000)
  eden space 11776K, 100% used [0x04e00000, 0x05980000, 0x05980000)
  from space 1472K,  83% used [0x05af0000, 0x05c24f68, 0x05c60000)
  to   space 1472K,   0% used [0x05980000, 0x05980000, 0x05af0000)
 tenured generation   total 29372K, used 27175K [0x0a350000, 0x0bfff000, 0x14e00000)
   the space 29372K,  92% used [0x0a350000, 0x0bdd9d50, 0x0bdd9e00, 0x0bfff000)
 Metaspace       used 8617K, capacity 8781K, committed 8832K, reserved 9600K
Event: 140.401 GC heap after
Heap after GC invocations=1909 (full 290):
 def new generation   total 13248K, used 0K [0x04e00000, 0x05c60000, 0x0a350000)
  eden space 11776K,   0% used [0x04e00000, 0x04e00000, 0x05980000)
  from space 1472K,   0% used [0x05980000, 0x05980000, 0x05af0000)
  to   space 1472K,   0% used [0x05af0000, 0x05af0000, 0x05c60000)
 tenured generation   total 29372K, used 10953K [0x0a350000, 0x0bfff000, 0x14e00000)
   the space 29372K,  37% used [0x0a350000, 0x0ae02470, 0x0ae02600, 0x0bfff000)
 Metaspace       used 8617K, capacity 8781K, committed 8832K, reserved 9600K
}

