# JRE version: Java(TM) SE Runtime Environment (8.0_171-b11) (build 1.8.0_171-b11)
# Java VM: Java HotSpot(TM) Client VM (25.171-b11 mixed mode, sharing windows-x86 )
Heap:
 def new generation   total 4992K, used 2454K [0x04400000, 0x04960000, 0x09950000)
  eden space 4480K,  49% used [0x04400000, 0x04626df0, 0x04860000)
  from space 512K,  48% used [0x048e0000, 0x0491eae8, 0x04960000)
  to   space 512K,   0% used [0x04860000, 0x04860000, 0x048e0000)
 tenured generation   total 10944K, used 10623K [0x09950000, 0x0a400000, 0x14400000)
   the space 10944K,  97% used [0x09950000, 0x0a3affd8, 0x0a3b0000, 0x0a400000)
 Metaspace       used 2159K, capacity 2951K, committed 3008K, reserved 4480K
GC Heap History (10 events):
Event: 1198.173 GC heap before
{Heap before GC invocations=7201 (full 138):
 def new generation   total 4992K, used 4801K [0x04400000, 0x04960000, 0x09950000)
  eden space 4480K, 100% used [0x04400000, 0x04860000, 0x04860000)
  from space 512K,  62% used [0x04860000, 0x048b04b0, 0x048e0000)
  to   space 512K,   0% used [0x048e0000, 0x048e0000, 0x04960000)
 tenured generation   total 10944K, used 9993K [0x09950000, 0x0a400000, 0x14400000)
   the space 10944K,  91% used [0x09950000, 0x0a312620, 0x0a312800, 0x0a400000)
 Metaspace       used 2135K, capacity 2951K, committed 3008K, reserved 4480K
Event: 1198.174 GC heap after
Heap after GC invocations=7202 (full 138):
 def new generation   total 4992K, used 263K [0x04400000, 0x04960000, 0x09950000)
  eden space 4480K,   0% used [0x04400000, 0x04400000, 0x04860000)
  from space 512K,  51% used [0x048e0000, 0x04921c50, 0x04960000)
  to   space 512K,   0% used [0x04860000, 0x04860000, 0x048e0000)
 tenured generation   total 10944K, used 10003K [0x09950000, 0x0a400000, 0x14400000)
   the space 10944K,  91% used [0x09950000, 0x0a314e80, 0x0a315000, 0x0a400000)
 Metaspace       used 2135K, capacity 2951K, committed 3008K, reserved 4480K
}
Event: 1198.322 GC heap before
{Heap before GC invocations=7202 (full 138):
 def new generation   total 4992K, used 4743K [0x04400000, 0x04960000, 0x09950000)
  eden space 4480K, 100% used [0x04400000, 0x04860000, 0x04860000)
  from space 512K,  51% used [0x048e0000, 0x04921c50, 0x04960000)
  to   space 512K,   0% used [0x04860000, 0x04860000, 0x048e0000)
 tenured generation   total 10944K, used 10003K [0x09950000, 0x0a400000, 0x14400000)
   the space 10944K,  91% used [0x09950000, 0x0a314e80, 0x0a315000, 0x0a400000)
 Metaspace       used 2135K, capacity 2951K, committed 3008K, reserved 4480K
Event: 1198.323 GC heap after
Heap after GC invocations=7203 (full 138):
 def new generation   total 4992K, used 298K [0x04400000, 0x04960000, 0x09950000)
  eden space 4480K,   0% used [0x04400000, 0x04400000, 0x04860000)
  from space 512K,  58% used [0x04860000, 0x048aabe8, 0x048e0000)
  to   space 512K,   0% used [0x048e0000, 0x048e0000, 0x04960000)
 tenured generation   total 10944K, used 10313K [0x09950000, 0x0a400000, 0x14400000)
   the space 10944K,  94% used [0x09950000, 0x0a362790, 0x0a362800, 0x0a400000)
 Metaspace       used 2135K, capacity 2951K, committed 3008K, reserved 4480K
}
Event: 1198.416 GC heap before
{Heap before GC invocations=7203 (full 138):
 def new generation   total 4992K, used 4492K [0x04400000, 0x04960000, 0x09950000)
  eden space 4480K,  93% used [0x04400000, 0x048185e0, 0x04860000)
  from space 512K,  58% used [0x04860000, 0x048aabe8, 0x048e0000)
  to   space 512K,   0% used [0x048e0000, 0x048e0000, 0x04960000)
 tenured generation   total 10944K, used 10313K [0x09950000, 0x0a400000, 0x14400000)
   the space 10944K,  94% used [0x09950000, 0x0a362790, 0x0a362800, 0x0a400000)
 Metaspace       used 2135K, capacity 2951K, committed 3008K, reserved 4480K
Event: 1198.416 GC heap after
Heap after GC invocations=7204 (full 138):
 def new generation   total 4992K, used 11K [0x04400000, 0x04960000, 0x09950000)
  eden space 4480K,   0% used [0x04400000, 0x04400000, 0x04860000)
  from space 512K,   2% used [0x048e0000, 0x048e2f48, 0x04960000)
  to   space 512K,   0% used [0x04860000, 0x04860000, 0x048e0000)
 tenured generation   total 10944K, used 10323K [0x09950000, 0x0a400000, 0x14400000)
   the space 10944K,  94% used [0x09950000, 0x0a364fc8, 0x0a365000, 0x0a400000)
 Metaspace       used 2135K, capacity 2951K, committed 3008K, reserved 4480K
}
Event: 1198.703 GC heap before
{Heap before GC invocations=7204 (full 138):
 def new generation   total 4992K, used 4462K [0x04400000, 0x04960000, 0x09950000)
  eden space 4480K,  99% used [0x04400000, 0x048589c8, 0x04860000)
  from space 512K,   2% used [0x048e0000, 0x048e2f48, 0x04960000)
  to   space 512K,   0% used [0x04860000, 0x04860000, 0x048e0000)
 tenured generation   total 10944K, used 10323K [0x09950000, 0x0a400000, 0x14400000)
   the space 10944K,  94% used [0x09950000, 0x0a364fc8, 0x0a365000, 0x0a400000)
 Metaspace       used 2135K, capacity 2951K, committed 3008K, reserved 4480K
Event: 1198.704 GC heap after
Heap after GC invocations=7205 (full 138):
 def new generation   total 4992K, used 46K [0x04400000, 0x04960000, 0x09950000)
  eden space 4480K,   0% used [0x04400000, 0x04400000, 0x04860000)
  from space 512K,   9% used [0x04860000, 0x0486b858, 0x048e0000)
  to   space 512K,   0% used [0x048e0000, 0x048e0000, 0x04960000)
 tenured generation   total 10944K, used 10323K [0x09950000, 0x0a400000, 0x14400000)
   the space 10944K,  94% used [0x09950000, 0x0a364fc8, 0x0a365000, 0x0a400000)
 Metaspace       used 2135K, capacity 2951K, committed 3008K, reserved 4480K
}
Event: 1198.794 GC heap before
{Heap before GC invocations=7205 (full 138):
 def new generation   total 4992K, used 4526K [0x04400000, 0x04960000, 0x09950000)
  eden space 4480K, 100% used [0x04400000, 0x04860000, 0x04860000)
  from space 512K,   9% used [0x04860000, 0x0486b858, 0x048e0000)
  to   space 512K,   0% used [0x048e0000, 0x048e0000, 0x04960000)
 tenured generation   total 10944K, used 10323K [0x09950000, 0x0a400000, 0x14400000)
   the space 10944K,  94% used [0x09950000, 0x0a364fc8, 0x0a365000, 0x0a400000)
 Metaspace       used 2135K, capacity 2951K, committed 3008K, reserved 4480K
Event: 1198.795 GC heap after
Heap after GC invocations=7206 (full 138):
 def new generation   total 4992K, used 250K [0x04400000, 0x04960000, 0x09950000)
  eden space 4480K,   0% used [0x04400000, 0x04400000, 0x04860000)
  from space 512K,  48% used [0x048e0000, 0x0491eae8, 0x04960000)
  to   space 512K,   0% used [0x04860000, 0x04860000, 0x048e0000)
 tenured generation   total 10944K, used 10623K [0x09950000, 0x0a400000, 0x14400000)
   the space 10944K,  97% used [0x09950000, 0x0a3affd8, 0x0a3b0000, 0x0a400000)
 Metaspace       used 2135K, capacity 2951K, committed 3008K, reserved 4480K
}

