# JRE version: Java(TM) SE Runtime Environment (8.0_171-b11) (build 1.8.0_171-b11)
# Java VM: Java HotSpot(TM) Client VM (25.171-b11 mixed mode windows-x86 )
Heap:
 def new generation   total 23104K, used 15523K [0x04a00000, 0x06310000, 0x09f50000)
  eden space 20544K,  63% used [0x04a00000, 0x056c9860, 0x05e10000)
  from space 2560K,  94% used [0x06090000, 0x062ef460, 0x06310000)
  to   space 2560K,   0% used [0x05e10000, 0x05e10000, 0x06090000)
 tenured generation   total 51216K, used 36174K [0x09f50000, 0x0d154000, 0x14a00000)
   the space 51216K,  70% used [0x09f50000, 0x0c2a3b18, 0x0c2a3c00, 0x0d154000)
 Metaspace       used 8840K, capacity 9017K, committed 9088K, reserved 9600K
GC Heap History (10 events):
Event: 2129.706 GC heap before
{Heap before GC invocations=18985 (full 2028):
 def new generation   total 23104K, used 21928K [0x04a00000, 0x06310000, 0x09f50000)
  eden space 20544K,  96% used [0x04a00000, 0x05d4c8d0, 0x05e10000)
  from space 2560K,  84% used [0x05e10000, 0x0602d840, 0x06090000)
  to   space 2560K,   0% used [0x06090000, 0x06090000, 0x06310000)
 tenured generation   total 51216K, used 21619K [0x09f50000, 0x0d154000, 0x14a00000)
   the space 51216K,  42% used [0x09f50000, 0x0b46cf88, 0x0b46d000, 0x0d154000)
 Metaspace       used 8820K, capacity 8985K, committed 9088K, reserved 9600K
Event: 2129.707 GC heap after
Heap after GC invocations=18986 (full 2028):
 def new generation   total 23104K, used 2488K [0x04a00000, 0x06310000, 0x09f50000)
  eden space 20544K,   0% used [0x04a00000, 0x04a00000, 0x05e10000)
  from space 2560K,  97% used [0x06090000, 0x062fe0e0, 0x06310000)
  to   space 2560K,   0% used [0x05e10000, 0x05e10000, 0x06090000)
 tenured generation   total 51216K, used 24071K [0x09f50000, 0x0d154000, 0x14a00000)
   the space 51216K,  47% used [0x09f50000, 0x0b6d1f78, 0x0b6d2000, 0x0d154000)
 Metaspace       used 8820K, capacity 8985K, committed 9088K, reserved 9600K
}
Event: 2129.968 GC heap before
{Heap before GC invocations=18986 (full 2028):
 def new generation   total 23104K, used 23032K [0x04a00000, 0x06310000, 0x09f50000)
  eden space 20544K, 100% used [0x04a00000, 0x05e10000, 0x05e10000)
  from space 2560K,  97% used [0x06090000, 0x062fe0e0, 0x06310000)
  to   space 2560K,   0% used [0x05e10000, 0x05e10000, 0x06090000)
 tenured generation   total 51216K, used 24071K [0x09f50000, 0x0d154000, 0x14a00000)
   the space 51216K,  47% used [0x09f50000, 0x0b6d1f78, 0x0b6d2000, 0x0d154000)
 Metaspace       used 8820K, capacity 8985K, committed 9088K, reserved 9600K
Event: 2129.971 GC heap after
Heap after GC invocations=18987 (full 2028):
 def new generation   total 23104K, used 2222K [0x04a00000, 0x06310000, 0x09f50000)
  eden space 20544K,   0% used [0x04a00000, 0x04a00000, 0x05e10000)
  from space 2560K,  86% used [0x05e10000, 0x0603ba80, 0x06090000)
  to   space 2560K,   0% used [0x06090000, 0x06090000, 0x06310000)
 tenured generation   total 51216K, used 28898K [0x09f50000, 0x0d154000, 0x14a00000)
   the space 51216K,  56% used [0x09f50000, 0x0bb88868, 0x0bb88a00, 0x0d154000)
 Metaspace       used 8820K, capacity 8985K, committed 9088K, reserved 9600K
}
Event: 2130.029 GC heap before
{Heap before GC invocations=18987 (full 2028):
 def new generation   total 23104K, used 22188K [0x04a00000, 0x06310000, 0x09f50000)
  eden space 20544K,  97% used [0x04a00000, 0x05d7f910, 0x05e10000)
  from space 2560K,  86% used [0x05e10000, 0x0603ba80, 0x06090000)
  to   space 2560K,   0% used [0x06090000, 0x06090000, 0x06310000)
 tenured generation   total 51216K, used 28898K [0x09f50000, 0x0d154000, 0x14a00000)
   the space 51216K,  56% used [0x09f50000, 0x0bb88868, 0x0bb88a00, 0x0d154000)
 Metaspace       used 8820K, capacity 8985K, committed 9088K, reserved 9600K
Event: 2130.031 GC heap after
Heap after GC invocations=18988 (full 2028):
 def new generation   total 23104K, used 2486K [0x04a00000, 0x06310000, 0x09f50000)
  eden space 20544K,   0% used [0x04a00000, 0x04a00000, 0x05e10000)
  from space 2560K,  97% used [0x06090000, 0x062fdb28, 0x06310000)
  to   space 2560K,   0% used [0x05e10000, 0x05e10000, 0x06090000)
 tenured generation   total 51216K, used 30123K [0x09f50000, 0x0d154000, 0x14a00000)
   the space 51216K,  58% used [0x09f50000, 0x0bcbae20, 0x0bcbb000, 0x0d154000)
 Metaspace       used 8820K, capacity 8985K, committed 9088K, reserved 9600K
}
Event: 2130.234 GC heap before
{Heap before GC invocations=18988 (full 2028):
 def new generation   total 23104K, used 23030K [0x04a00000, 0x06310000, 0x09f50000)
  eden space 20544K, 100% used [0x04a00000, 0x05e10000, 0x05e10000)
  from space 2560K,  97% used [0x06090000, 0x062fdb28, 0x06310000)
  to   space 2560K,   0% used [0x05e10000, 0x05e10000, 0x06090000)
 tenured generation   total 51216K, used 30123K [0x09f50000, 0x0d154000, 0x14a00000)
   the space 51216K,  58% used [0x09f50000, 0x0bcbae20, 0x0bcbb000, 0x0d154000)
 Metaspace       used 8820K, capacity 8985K, committed 9088K, reserved 9600K
Event: 2130.236 GC heap after
Heap after GC invocations=18989 (full 2028):
 def new generation   total 23104K, used 2164K [0x04a00000, 0x06310000, 0x09f50000)
  eden space 20544K,   0% used [0x04a00000, 0x04a00000, 0x05e10000)
  from space 2560K,  84% used [0x05e10000, 0x0602d3d8, 0x06090000)
  to   space 2560K,   0% used [0x06090000, 0x06090000, 0x06310000)
 tenured generation   total 51216K, used 34948K [0x09f50000, 0x0d154000, 0x14a00000)
   the space 51216K,  68% used [0x09f50000, 0x0c1713d0, 0x0c171400, 0x0d154000)
 Metaspace       used 8820K, capacity 8985K, committed 9088K, reserved 9600K
}
Event: 2130.323 GC heap before
{Heap before GC invocations=18989 (full 2028):
 def new generation   total 23104K, used 22004K [0x04a00000, 0x06310000, 0x09f50000)
  eden space 20544K,  96% used [0x04a00000, 0x05d5fd38, 0x05e10000)
  from space 2560K,  84% used [0x05e10000, 0x0602d3d8, 0x06090000)
  to   space 2560K,   0% used [0x06090000, 0x06090000, 0x06310000)
 tenured generation   total 51216K, used 34948K [0x09f50000, 0x0d154000, 0x14a00000)
   the space 51216K,  68% used [0x09f50000, 0x0c1713d0, 0x0c171400, 0x0d154000)
 Metaspace       used 8820K, capacity 8985K, committed 9088K, reserved 9600K
Event: 2130.324 GC heap after
Heap after GC invocations=18990 (full 2028):
 def new generation   total 23104K, used 2429K [0x04a00000, 0x06310000, 0x09f50000)
  eden space 20544K,   0% used [0x04a00000, 0x04a00000, 0x05e10000)
  from space 2560K,  94% used [0x06090000, 0x062ef460, 0x06310000)
  to   space 2560K,   0% used [0x05e10000, 0x05e10000, 0x06090000)
 tenured generation   total 51216K, used 36174K [0x09f50000, 0x0d154000, 0x14a00000)
   the space 51216K,  70% used [0x09f50000, 0x0c2a3b18, 0x0c2a3c00, 0x0d154000)
 Metaspace       used 8820K, capacity 8985K, committed 9088K, reserved 9600K
}

