# JRE version: Java(TM) SE Runtime Environment (8.0_171-b11) (build 1.8.0_171-b11)
# Java VM: Java HotSpot(TM) Client VM (25.171-b11 mixed mode windows-x86 )
Heap:
 def new generation   total 20352K, used 17073K [0x04e00000, 0x06410000, 0x0a350000)
  eden space 18112K,  82% used [0x04e00000, 0x05c97720, 0x05fb0000)
  from space 2240K,  95% used [0x061e0000, 0x063f4f38, 0x06410000)
  to   space 2240K,   0% used [0x05fb0000, 0x05fb0000, 0x061e0000)
 tenured generation   total 45112K, used 18627K [0x0a350000, 0x0cf5e000, 0x14e00000)
   the space 45112K,  41% used [0x0a350000, 0x0b580fd0, 0x0b581000, 0x0cf5e000)
 Metaspace       used 12189K, capacity 12385K, committed 12544K, reserved 12672K
GC Heap History (10 events):
Event: 137.428 GC heap before
{Heap before GC invocations=1657 (full 207):
 def new generation   total 20352K, used 20284K [0x04e00000, 0x06410000, 0x0a350000)
  eden space 18112K, 100% used [0x04e00000, 0x05fb0000, 0x05fb0000)
  from space 2240K,  96% used [0x05fb0000, 0x061cf220, 0x061e0000)
  to   space 2240K,   0% used [0x061e0000, 0x061e0000, 0x06410000)
 tenured generation   total 45112K, used 30767K [0x0a350000, 0x0cf5e000, 0x14e00000)
   the space 45112K,  68% used [0x0a350000, 0x0c15bd80, 0x0c15be00, 0x0cf5e000)
 Metaspace       used 12165K, capacity 12353K, committed 12544K, reserved 12672K
Event: 137.430 GC heap after
Heap after GC invocations=1658 (full 207):
 def new generation   total 20352K, used 2142K [0x04e00000, 0x06410000, 0x0a350000)
  eden space 18112K,   0% used [0x04e00000, 0x04e00000, 0x05fb0000)
  from space 2240K,  95% used [0x061e0000, 0x063f7958, 0x06410000)
  to   space 2240K,   0% used [0x05fb0000, 0x05fb0000, 0x061e0000)
 tenured generation   total 45112K, used 35623K [0x0a350000, 0x0cf5e000, 0x14e00000)
   the space 45112K,  78% used [0x0a350000, 0x0c619c18, 0x0c619e00, 0x0cf5e000)
 Metaspace       used 12165K, capacity 12353K, committed 12544K, reserved 12672K
}
Event: 137.500 GC heap before
{Heap before GC invocations=1658 (full 207):
 def new generation   total 20352K, used 19146K [0x04e00000, 0x06410000, 0x0a350000)
  eden space 18112K,  93% used [0x04e00000, 0x05e9b238, 0x05fb0000)
  from space 2240K,  95% used [0x061e0000, 0x063f7958, 0x06410000)
  to   space 2240K,   0% used [0x05fb0000, 0x05fb0000, 0x061e0000)
 tenured generation   total 45112K, used 35623K [0x0a350000, 0x0cf5e000, 0x14e00000)
   the space 45112K,  78% used [0x0a350000, 0x0c619c18, 0x0c619e00, 0x0cf5e000)
 Metaspace       used 12165K, capacity 12353K, committed 12544K, reserved 12672K
Event: 137.501 GC heap after
Heap after GC invocations=1659 (full 207):
 def new generation   total 20352K, used 2131K [0x04e00000, 0x06410000, 0x0a350000)
  eden space 18112K,   0% used [0x04e00000, 0x04e00000, 0x05fb0000)
  from space 2240K,  95% used [0x05fb0000, 0x061c4f98, 0x061e0000)
  to   space 2240K,   0% used [0x061e0000, 0x061e0000, 0x06410000)
 tenured generation   total 45112K, used 38050K [0x0a350000, 0x0cf5e000, 0x14e00000)
   the space 45112K,  84% used [0x0a350000, 0x0c878b98, 0x0c878c00, 0x0cf5e000)
 Metaspace       used 12165K, capacity 12353K, committed 12544K, reserved 12672K
}
Event: 137.687 GC heap before
{Heap before GC invocations=1659 (full 207):
 def new generation   total 20352K, used 19803K [0x04e00000, 0x06410000, 0x0a350000)
  eden space 18112K,  97% used [0x04e00000, 0x05f41dc0, 0x05fb0000)
  from space 2240K,  95% used [0x05fb0000, 0x061c4f98, 0x061e0000)
  to   space 2240K,   0% used [0x061e0000, 0x061e0000, 0x06410000)
 tenured generation   total 45112K, used 38050K [0x0a350000, 0x0cf5e000, 0x14e00000)
   the space 45112K,  84% used [0x0a350000, 0x0c878b98, 0x0c878c00, 0x0cf5e000)
 Metaspace       used 12165K, capacity 12353K, committed 12544K, reserved 12672K
Event: 137.690 GC heap after
Heap after GC invocations=1660 (full 207):
 def new generation   total 20352K, used 2172K [0x04e00000, 0x06410000, 0x0a350000)
  eden space 18112K,   0% used [0x04e00000, 0x04e00000, 0x05fb0000)
  from space 2240K,  96% used [0x061e0000, 0x063ff288, 0x06410000)
  to   space 2240K,   0% used [0x05fb0000, 0x05fb0000, 0x061e0000)
 tenured generation   total 45112K, used 40478K [0x0a350000, 0x0cf5e000, 0x14e00000)
   the space 45112K,  89% used [0x0a350000, 0x0cad7ae8, 0x0cad7c00, 0x0cf5e000)
 Metaspace       used 12165K, capacity 12353K, committed 12544K, reserved 12672K
}
Event: 137.759 GC heap before
{Heap before GC invocations=1660 (full 207):
 def new generation   total 20352K, used 20284K [0x04e00000, 0x06410000, 0x0a350000)
  eden space 18112K, 100% used [0x04e00000, 0x05fb0000, 0x05fb0000)
  from space 2240K,  96% used [0x061e0000, 0x063ff288, 0x06410000)
  to   space 2240K,   0% used [0x05fb0000, 0x05fb0000, 0x061e0000)
 tenured generation   total 45112K, used 40478K [0x0a350000, 0x0cf5e000, 0x14e00000)
   the space 45112K,  89% used [0x0a350000, 0x0cad7ae8, 0x0cad7c00, 0x0cf5e000)
 Metaspace       used 12165K, capacity 12353K, committed 12544K, reserved 12672K
Event: 137.776 GC heap after
Heap after GC invocations=1661 (full 208):
 def new generation   total 20352K, used 0K [0x04e00000, 0x06410000, 0x0a350000)
  eden space 18112K,   0% used [0x04e00000, 0x04e00000, 0x05fb0000)
  from space 2240K,   0% used [0x05fb0000, 0x05fb0000, 0x061e0000)
  to   space 2240K,   0% used [0x061e0000, 0x061e0000, 0x06410000)
 tenured generation   total 45112K, used 16227K [0x0a350000, 0x0cf5e000, 0x14e00000)
   the space 45112K,  35% used [0x0a350000, 0x0b328fb0, 0x0b329000, 0x0cf5e000)
 Metaspace       used 12165K, capacity 12353K, committed 12544K, reserved 12672K
}
Event: 137.832 GC heap before
{Heap before GC invocations=1661 (full 208):
 def new generation   total 20352K, used 16999K [0x04e00000, 0x06410000, 0x0a350000)
  eden space 18112K,  93% used [0x04e00000, 0x05e99c78, 0x05fb0000)
  from space 2240K,   0% used [0x05fb0000, 0x05fb0000, 0x061e0000)
  to   space 2240K,   0% used [0x061e0000, 0x061e0000, 0x06410000)
 tenured generation   total 45112K, used 16227K [0x0a350000, 0x0cf5e000, 0x14e00000)
   the space 45112K,  35% used [0x0a350000, 0x0b328fb0, 0x0b329000, 0x0cf5e000)
 Metaspace       used 12165K, capacity 12353K, committed 12544K, reserved 12672K
Event: 137.833 GC heap after
Heap after GC invocations=1662 (full 208):
 def new generation   total 20352K, used 2131K [0x04e00000, 0x06410000, 0x0a350000)
  eden space 18112K,   0% used [0x04e00000, 0x04e00000, 0x05fb0000)
  from space 2240K,  95% used [0x061e0000, 0x063f4f38, 0x06410000)
  to   space 2240K,   0% used [0x05fb0000, 0x05fb0000, 0x061e0000)
 tenured generation   total 45112K, used 18627K [0x0a350000, 0x0cf5e000, 0x14e00000)
   the space 45112K,  41% used [0x0a350000, 0x0b580fd0, 0x0b581000, 0x0cf5e000)
 Metaspace       used 12165K, capacity 12353K, committed 12544K, reserved 12672K
}

