# JRE version: Java(TM) SE Runtime Environment (8.0_171-b11) (build 1.8.0_171-b11)
# Java VM: Java HotSpot(TM) Client VM (25.171-b11 mixed mode, sharing windows-x86 )
Heap:
 def new generation   total 18816K, used 8861K [0x04a00000, 0x05e60000, 0x09f50000)
  eden space 16768K,  45% used [0x04a00000, 0x0516d9c8, 0x05a60000)
  from space 2048K,  61% used [0x05c60000, 0x05d99a48, 0x05e60000)
  to   space 2048K,   0% used [0x05a60000, 0x05a60000, 0x05c60000)
 tenured generation   total 41516K, used 16068K [0x09f50000, 0x0c7db000, 0x14a00000)
   the space 41516K,  38% used [0x09f50000, 0x0af01298, 0x0af01400, 0x0c7db000)
 Metaspace       used 4272K, capacity 4480K, committed 4480K, reserved 4480K
GC Heap History (10 events):
Event: 24.929 GC heap before
{Heap before GC invocations=249 (full 35):
 def new generation   total 18752K, used 16870K [0x04a00000, 0x05e50000, 0x09f50000)
  eden space 16704K,  94% used [0x04a00000, 0x05979f68, 0x05a50000)
  from space 2048K,  49% used [0x05c50000, 0x05d4fb90, 0x05e50000)
  to   space 2048K,   0% used [0x05a50000, 0x05a50000, 0x05c50000)
 tenured generation   total 41516K, used 30610K [0x09f50000, 0x0c7db000, 0x14a00000)
   the space 41516K,  73% used [0x09f50000, 0x0bd34ac0, 0x0bd34c00, 0x0c7db000)
 Metaspace       used 4248K, capacity 4448K, committed 4480K, reserved 4480K
Event: 24.931 GC heap after
Heap after GC invocations=250 (full 35):
 def new generation   total 18752K, used 1305K [0x04a00000, 0x05e50000, 0x09f50000)
  eden space 16704K,   0% used [0x04a00000, 0x04a00000, 0x05a50000)
  from space 2048K,  63% used [0x05a50000, 0x05b96758, 0x05c50000)
  to   space 2048K,   0% used [0x05c50000, 0x05c50000, 0x05e50000)
 tenured generation   total 41516K, used 33910K [0x09f50000, 0x0c7db000, 0x14a00000)
   the space 41516K,  81% used [0x09f50000, 0x0c06daf0, 0x0c06dc00, 0x0c7db000)
 Metaspace       used 4248K, capacity 4448K, committed 4480K, reserved 4480K
}
Event: 25.106 GC heap before
{Heap before GC invocations=250 (full 35):
 def new generation   total 18752K, used 18009K [0x04a00000, 0x05e50000, 0x09f50000)
  eden space 16704K, 100% used [0x04a00000, 0x05a50000, 0x05a50000)
  from space 2048K,  63% used [0x05a50000, 0x05b96758, 0x05c50000)
  to   space 2048K,   0% used [0x05c50000, 0x05c50000, 0x05e50000)
 tenured generation   total 41516K, used 33910K [0x09f50000, 0x0c7db000, 0x14a00000)
   the space 41516K,  81% used [0x09f50000, 0x0c06daf0, 0x0c06dc00, 0x0c7db000)
 Metaspace       used 4248K, capacity 4448K, committed 4480K, reserved 4480K
Event: 25.108 GC heap after
Heap after GC invocations=251 (full 35):
 def new generation   total 18752K, used 938K [0x04a00000, 0x05e50000, 0x09f50000)
  eden space 16704K,   0% used [0x04a00000, 0x04a00000, 0x05a50000)
  from space 2048K,  45% used [0x05c50000, 0x05d3aba0, 0x05e50000)
  to   space 2048K,   0% used [0x05a50000, 0x05a50000, 0x05c50000)
 tenured generation   total 41516K, used 38734K [0x09f50000, 0x0c7db000, 0x14a00000)
   the space 41516K,  93% used [0x09f50000, 0x0c5238e0, 0x0c523a00, 0x0c7db000)
 Metaspace       used 4248K, capacity 4448K, committed 4480K, reserved 4480K
}
Event: 25.257 GC heap before
{Heap before GC invocations=251 (full 35):
 def new generation   total 18752K, used 16986K [0x04a00000, 0x05e50000, 0x09f50000)
  eden space 16704K,  96% used [0x04a00000, 0x059abfd8, 0x05a50000)
  from space 2048K,  45% used [0x05c50000, 0x05d3aba0, 0x05e50000)
  to   space 2048K,   0% used [0x05a50000, 0x05a50000, 0x05c50000)
 tenured generation   total 41516K, used 38734K [0x09f50000, 0x0c7db000, 0x14a00000)
   the space 41516K,  93% used [0x09f50000, 0x0c5238e0, 0x0c523a00, 0x0c7db000)
 Metaspace       used 4248K, capacity 4448K, committed 4480K, reserved 4480K
Event: 25.259 GC heap after
Heap after GC invocations=252 (full 35):
 def new generation   total 18752K, used 1297K [0x04a00000, 0x05e50000, 0x09f50000)
  eden space 16704K,   0% used [0x04a00000, 0x04a00000, 0x05a50000)
  from space 2048K,  63% used [0x05a50000, 0x05b94650, 0x05c50000)
  to   space 2048K,   0% used [0x05c50000, 0x05c50000, 0x05e50000)
 tenured generation   total 41516K, used 39934K [0x09f50000, 0x0c7db000, 0x14a00000)
   the space 41516K,  96% used [0x09f50000, 0x0c64f8f0, 0x0c64fa00, 0x0c7db000)
 Metaspace       used 4248K, capacity 4448K, committed 4480K, reserved 4480K
}
Event: 25.394 GC heap before
{Heap before GC invocations=252 (full 35):
 def new generation   total 18752K, used 17264K [0x04a00000, 0x05e50000, 0x09f50000)
  eden space 16704K,  95% used [0x04a00000, 0x05997bf8, 0x05a50000)
  from space 2048K,  63% used [0x05a50000, 0x05b94650, 0x05c50000)
  to   space 2048K,   0% used [0x05c50000, 0x05c50000, 0x05e50000)
 tenured generation   total 41516K, used 39934K [0x09f50000, 0x0c7db000, 0x14a00000)
   the space 41516K,  96% used [0x09f50000, 0x0c64f8f0, 0x0c64fa00, 0x0c7db000)
 Metaspace       used 4248K, capacity 4448K, committed 4480K, reserved 4480K
Event: 25.412 GC heap after
Heap after GC invocations=253 (full 36):
 def new generation   total 18816K, used 0K [0x04a00000, 0x05e60000, 0x09f50000)
  eden space 16768K,   0% used [0x04a00000, 0x04a00000, 0x05a60000)
  from space 2048K,   0% used [0x05a60000, 0x05a60000, 0x05c60000)
  to   space 2048K,   0% used [0x05c60000, 0x05c60000, 0x05e60000)
 tenured generation   total 41516K, used 12768K [0x09f50000, 0x0c7db000, 0x14a00000)
   the space 41516K,  30% used [0x09f50000, 0x0abc8268, 0x0abc8400, 0x0c7db000)
 Metaspace       used 4248K, capacity 4448K, committed 4480K, reserved 4480K
}
Event: 25.625 GC heap before
{Heap before GC invocations=253 (full 36):
 def new generation   total 18816K, used 16616K [0x04a00000, 0x05e60000, 0x09f50000)
  eden space 16768K,  99% used [0x04a00000, 0x05a3a348, 0x05a60000)
  from space 2048K,   0% used [0x05a60000, 0x05a60000, 0x05c60000)
  to   space 2048K,   0% used [0x05c60000, 0x05c60000, 0x05e60000)
 tenured generation   total 41516K, used 12768K [0x09f50000, 0x0c7db000, 0x14a00000)
   the space 41516K,  30% used [0x09f50000, 0x0abc8268, 0x0abc8400, 0x0c7db000)
 Metaspace       used 4248K, capacity 4448K, committed 4480K, reserved 4480K
Event: 25.627 GC heap after
Heap after GC invocations=254 (full 36):
 def new generation   total 18816K, used 1254K [0x04a00000, 0x05e60000, 0x09f50000)
  eden space 16768K,   0% used [0x04a00000, 0x04a00000, 0x05a60000)
  from space 2048K,  61% used [0x05c60000, 0x05d99a48, 0x05e60000)
  to   space 2048K,   0% used [0x05a60000, 0x05a60000, 0x05c60000)
 tenured generation   total 41516K, used 16068K [0x09f50000, 0x0c7db000, 0x14a00000)
   the space 41516K,  38% used [0x09f50000, 0x0af01298, 0x0af01400, 0x0c7db000)
 Metaspace       used 4248K, capacity 4448K, committed 4480K, reserved 4480K
}

