# JRE version: Java(TM) SE Runtime Environment (8.0_171-b11) (build 1.8.0_171-b11)
# Java VM: Java HotSpot(TM) Client VM (25.171-b11 mixed mode, sharing windows-x86 )
Heap:
 def new generation   total 7168K, used 5083K [0x04600000, 0x04dc0000, 0x09b50000)
  eden space 6400K,  70% used [0x04600000, 0x04a6ceb0, 0x04c40000)
  from space 768K,  71% used [0x04d00000, 0x04d89ea0, 0x04dc0000)
  to   space 768K,   0% used [0x04c40000, 0x04c40000, 0x04d00000)
 tenured generation   total 15716K, used 12339K [0x09b50000, 0x0aaa9000, 0x14600000)
   the space 15716K,  78% used [0x09b50000, 0x0a75ced8, 0x0a75d000, 0x0aaa9000)
 Metaspace       used 4472K, capacity 4678K, committed 4736K, reserved 5504K
GC Heap History (10 events):
Event: 478.811 GC heap before
{Heap before GC invocations=2546 (full 19):
 def new generation   total 7168K, used 6546K [0x04600000, 0x04dc0000, 0x09b50000)
  eden space 6400K,  98% used [0x04600000, 0x04c25a08, 0x04c40000)
  from space 768K,  32% used [0x04c40000, 0x04c7ef30, 0x04d00000)
  to   space 768K,   0% used [0x04d00000, 0x04d00000, 0x04dc0000)
 tenured generation   total 15716K, used 12329K [0x09b50000, 0x0aaa9000, 0x14600000)
   the space 15716K,  78% used [0x09b50000, 0x0a75a618, 0x0a75a800, 0x0aaa9000)
 Metaspace       used 4448K, capacity 4646K, committed 4736K, reserved 5504K
Event: 478.812 GC heap after
Heap after GC invocations=2547 (full 19):
 def new generation   total 7168K, used 46K [0x04600000, 0x04dc0000, 0x09b50000)
  eden space 6400K,   0% used [0x04600000, 0x04600000, 0x04c40000)
  from space 768K,   6% used [0x04d00000, 0x04d0bbe8, 0x04dc0000)
  to   space 768K,   0% used [0x04c40000, 0x04c40000, 0x04d00000)
 tenured generation   total 15716K, used 12329K [0x09b50000, 0x0aaa9000, 0x14600000)
   the space 15716K,  78% used [0x09b50000, 0x0a75a618, 0x0a75a800, 0x0aaa9000)
 Metaspace       used 4448K, capacity 4646K, committed 4736K, reserved 5504K
}
Event: 479.051 GC heap before
{Heap before GC invocations=2547 (full 19):
 def new generation   total 7168K, used 6370K [0x04600000, 0x04dc0000, 0x09b50000)
  eden space 6400K,  98% used [0x04600000, 0x04c2cda8, 0x04c40000)
  from space 768K,   6% used [0x04d00000, 0x04d0bbe8, 0x04dc0000)
  to   space 768K,   0% used [0x04c40000, 0x04c40000, 0x04d00000)
 tenured generation   total 15716K, used 12329K [0x09b50000, 0x0aaa9000, 0x14600000)
   the space 15716K,  78% used [0x09b50000, 0x0a75a618, 0x0a75a800, 0x0aaa9000)
 Metaspace       used 4448K, capacity 4646K, committed 4736K, reserved 5504K
Event: 479.052 GC heap after
Heap after GC invocations=2548 (full 19):
 def new generation   total 7168K, used 382K [0x04600000, 0x04dc0000, 0x09b50000)
  eden space 6400K,   0% used [0x04600000, 0x04600000, 0x04c40000)
  from space 768K,  49% used [0x04c40000, 0x04c9f890, 0x04d00000)
  to   space 768K,   0% used [0x04d00000, 0x04d00000, 0x04dc0000)
 tenured generation   total 15716K, used 12329K [0x09b50000, 0x0aaa9000, 0x14600000)
   the space 15716K,  78% used [0x09b50000, 0x0a75a618, 0x0a75a800, 0x0aaa9000)
 Metaspace       used 4448K, capacity 4646K, committed 4736K, reserved 5504K
}
Event: 479.199 GC heap before
{Heap before GC invocations=2548 (full 19):
 def new generation   total 7168K, used 6517K [0x04600000, 0x04dc0000, 0x09b50000)
  eden space 6400K,  95% used [0x04600000, 0x04bfdd90, 0x04c40000)
  from space 768K,  49% used [0x04c40000, 0x04c9f890, 0x04d00000)
  to   space 768K,   0% used [0x04d00000, 0x04d00000, 0x04dc0000)
 tenured generation   total 15716K, used 12329K [0x09b50000, 0x0aaa9000, 0x14600000)
   the space 15716K,  78% used [0x09b50000, 0x0a75a618, 0x0a75a800, 0x0aaa9000)
 Metaspace       used 4448K, capacity 4646K, committed 4736K, reserved 5504K
Event: 479.200 GC heap after
Heap after GC invocations=2549 (full 19):
 def new generation   total 7168K, used 30K [0x04600000, 0x04dc0000, 0x09b50000)
  eden space 6400K,   0% used [0x04600000, 0x04600000, 0x04c40000)
  from space 768K,   4% used [0x04d00000, 0x04d07bf8, 0x04dc0000)
  to   space 768K,   0% used [0x04c40000, 0x04c40000, 0x04d00000)
 tenured generation   total 15716K, used 12329K [0x09b50000, 0x0aaa9000, 0x14600000)
   the space 15716K,  78% used [0x09b50000, 0x0a75a618, 0x0a75a800, 0x0aaa9000)
 Metaspace       used 4448K, capacity 4646K, committed 4736K, reserved 5504K
}
Event: 479.449 GC heap before
{Heap before GC invocations=2549 (full 19):
 def new generation   total 7168K, used 6430K [0x04600000, 0x04dc0000, 0x09b50000)
  eden space 6400K, 100% used [0x04600000, 0x04c40000, 0x04c40000)
  from space 768K,   4% used [0x04d00000, 0x04d07bf8, 0x04dc0000)
  to   space 768K,   0% used [0x04c40000, 0x04c40000, 0x04d00000)
 tenured generation   total 15716K, used 12329K [0x09b50000, 0x0aaa9000, 0x14600000)
   the space 15716K,  78% used [0x09b50000, 0x0a75a618, 0x0a75a800, 0x0aaa9000)
 Metaspace       used 4448K, capacity 4646K, committed 4736K, reserved 5504K
Event: 479.450 GC heap after
Heap after GC invocations=2550 (full 19):
 def new generation   total 7168K, used 561K [0x04600000, 0x04dc0000, 0x09b50000)
  eden space 6400K,   0% used [0x04600000, 0x04600000, 0x04c40000)
  from space 768K,  73% used [0x04c40000, 0x04ccc648, 0x04d00000)
  to   space 768K,   0% used [0x04d00000, 0x04d00000, 0x04dc0000)
 tenured generation   total 15716K, used 12329K [0x09b50000, 0x0aaa9000, 0x14600000)
   the space 15716K,  78% used [0x09b50000, 0x0a75a618, 0x0a75a800, 0x0aaa9000)
 Metaspace       used 4448K, capacity 4646K, committed 4736K, reserved 5504K
}
Event: 479.701 GC heap before
{Heap before GC invocations=2550 (full 19):
 def new generation   total 7168K, used 6961K [0x04600000, 0x04dc0000, 0x09b50000)
  eden space 6400K, 100% used [0x04600000, 0x04c40000, 0x04c40000)
  from space 768K,  73% used [0x04c40000, 0x04ccc648, 0x04d00000)
  to   space 768K,   0% used [0x04d00000, 0x04d00000, 0x04dc0000)
 tenured generation   total 15716K, used 12329K [0x09b50000, 0x0aaa9000, 0x14600000)
   the space 15716K,  78% used [0x09b50000, 0x0a75a618, 0x0a75a800, 0x0aaa9000)
 Metaspace       used 4448K, capacity 4646K, committed 4736K, reserved 5504K
Event: 479.702 GC heap after
Heap after GC invocations=2551 (full 19):
 def new generation   total 7168K, used 551K [0x04600000, 0x04dc0000, 0x09b50000)
  eden space 6400K,   0% used [0x04600000, 0x04600000, 0x04c40000)
  from space 768K,  71% used [0x04d00000, 0x04d89ea0, 0x04dc0000)
  to   space 768K,   0% used [0x04c40000, 0x04c40000, 0x04d00000)
 tenured generation   total 15716K, used 12339K [0x09b50000, 0x0aaa9000, 0x14600000)
   the space 15716K,  78% used [0x09b50000, 0x0a75ced8, 0x0a75d000, 0x0aaa9000)
 Metaspace       used 4448K, capacity 4646K, committed 4736K, reserved 5504K
}

