# JRE version: Java(TM) SE Runtime Environment (8.0_171-b11) (build 1.8.0_171-b11)
# Java VM: Java HotSpot(TM) Client VM (25.171-b11 mixed mode, sharing windows-x86 )
Heap:
 def new generation   total 11840K, used 5313K [0x04a00000, 0x056d0000, 0x09f50000)
  eden space 10560K,  50% used [0x04a00000, 0x04f307a0, 0x05450000)
  from space 1280K,   0% used [0x05450000, 0x05450000, 0x05590000)
  to   space 1280K,   0% used [0x05590000, 0x05590000, 0x056d0000)
 tenured generation   total 26052K, used 10869K [0x09f50000, 0x0b8c1000, 0x14a00000)
   the space 26052K,  41% used [0x09f50000, 0x0a9ed778, 0x0a9ed800, 0x0b8c1000)
 Metaspace       used 2698K, capacity 3318K, committed 3392K, reserved 4480K
GC Heap History (10 events):
Event: 11.246 GC heap before
{Heap before GC invocations=143 (full 25):
 def new generation   total 11840K, used 11095K [0x04a00000, 0x056d0000, 0x09f50000)
  eden space 10560K,  95% used [0x04a00000, 0x053e3340, 0x05450000)
  from space 1280K,  75% used [0x05590000, 0x05682ae0, 0x056d0000)
  to   space 1280K,   0% used [0x05450000, 0x05450000, 0x05590000)
 tenured generation   total 26052K, used 15914K [0x09f50000, 0x0b8c1000, 0x14a00000)
   the space 26052K,  61% used [0x09f50000, 0x0aeda898, 0x0aedaa00, 0x0b8c1000)
 Metaspace       used 2674K, capacity 3318K, committed 3392K, reserved 4480K
Event: 11.247 GC heap after
Heap after GC invocations=144 (full 25):
 def new generation   total 11840K, used 58K [0x04a00000, 0x056d0000, 0x09f50000)
  eden space 10560K,   0% used [0x04a00000, 0x04a00000, 0x05450000)
  from space 1280K,   4% used [0x05450000, 0x0545e8e8, 0x05590000)
  to   space 1280K,   0% used [0x05590000, 0x05590000, 0x056d0000)
 tenured generation   total 26052K, used 15951K [0x09f50000, 0x0b8c1000, 0x14a00000)
   the space 26052K,  61% used [0x09f50000, 0x0aee3ff0, 0x0aee4000, 0x0b8c1000)
 Metaspace       used 2674K, capacity 3318K, committed 3392K, reserved 4480K
}
Event: 11.333 GC heap before
{Heap before GC invocations=144 (full 25):
 def new generation   total 11840K, used 10618K [0x04a00000, 0x056d0000, 0x09f50000)
  eden space 10560K, 100% used [0x04a00000, 0x05450000, 0x05450000)
  from space 1280K,   4% used [0x05450000, 0x0545e8e8, 0x05590000)
  to   space 1280K,   0% used [0x05590000, 0x05590000, 0x056d0000)
 tenured generation   total 26052K, used 15951K [0x09f50000, 0x0b8c1000, 0x14a00000)
   the space 26052K,  61% used [0x09f50000, 0x0aee3ff0, 0x0aee4000, 0x0b8c1000)
 Metaspace       used 2674K, capacity 3318K, committed 3392K, reserved 4480K
Event: 11.335 GC heap after
Heap after GC invocations=145 (full 25):
 def new generation   total 11840K, used 1262K [0x04a00000, 0x056d0000, 0x09f50000)
  eden space 10560K,   0% used [0x04a00000, 0x04a00000, 0x05450000)
  from space 1280K,  98% used [0x05590000, 0x056cb8f8, 0x056d0000)
  to   space 1280K,   0% used [0x05450000, 0x05450000, 0x05590000)
 tenured generation   total 26052K, used 20452K [0x09f50000, 0x0b8c1000, 0x14a00000)
   the space 26052K,  78% used [0x09f50000, 0x0b349030, 0x0b349200, 0x0b8c1000)
 Metaspace       used 2674K, capacity 3318K, committed 3392K, reserved 4480K
}
Event: 11.440 GC heap before
{Heap before GC invocations=145 (full 25):
 def new generation   total 11840K, used 11379K [0x04a00000, 0x056d0000, 0x09f50000)
  eden space 10560K,  95% used [0x04a00000, 0x053e13f8, 0x05450000)
  from space 1280K,  98% used [0x05590000, 0x056cb8f8, 0x056d0000)
  to   space 1280K,   0% used [0x05450000, 0x05450000, 0x05590000)
 tenured generation   total 26052K, used 20452K [0x09f50000, 0x0b8c1000, 0x14a00000)
   the space 26052K,  78% used [0x09f50000, 0x0b349030, 0x0b349200, 0x0b8c1000)
 Metaspace       used 2674K, capacity 3318K, committed 3392K, reserved 4480K
Event: 11.441 GC heap after
Heap after GC invocations=146 (full 25):
 def new generation   total 11840K, used 1261K [0x04a00000, 0x056d0000, 0x09f50000)
  eden space 10560K,   0% used [0x04a00000, 0x04a00000, 0x05450000)
  from space 1280K,  98% used [0x05450000, 0x0558b7f0, 0x05590000)
  to   space 1280K,   0% used [0x05590000, 0x05590000, 0x056d0000)
 tenured generation   total 26052K, used 20491K [0x09f50000, 0x0b8c1000, 0x14a00000)
   the space 26052K,  78% used [0x09f50000, 0x0b352c88, 0x0b352e00, 0x0b8c1000)
 Metaspace       used 2674K, capacity 3318K, committed 3392K, reserved 4480K
}
Event: 11.469 GC heap before
{Heap before GC invocations=146 (full 25):
 def new generation   total 11840K, used 11821K [0x04a00000, 0x056d0000, 0x09f50000)
  eden space 10560K, 100% used [0x04a00000, 0x05450000, 0x05450000)
  from space 1280K,  98% used [0x05450000, 0x0558b7f0, 0x05590000)
  to   space 1280K,   0% used [0x05590000, 0x05590000, 0x056d0000)
 tenured generation   total 26052K, used 20491K [0x09f50000, 0x0b8c1000, 0x14a00000)
   the space 26052K,  78% used [0x09f50000, 0x0b352c88, 0x0b352e00, 0x0b8c1000)
 Metaspace       used 2674K, capacity 3318K, committed 3392K, reserved 4480K
Event: 11.471 GC heap after
Heap after GC invocations=147 (full 25):
 def new generation   total 11840K, used 980K [0x04a00000, 0x056d0000, 0x09f50000)
  eden space 10560K,   0% used [0x04a00000, 0x04a00000, 0x05450000)
  from space 1280K,  76% used [0x05590000, 0x05685338, 0x056d0000)
  to   space 1280K,   0% used [0x05450000, 0x05450000, 0x05590000)
 tenured generation   total 26052K, used 25292K [0x09f50000, 0x0b8c1000, 0x14a00000)
   the space 26052K,  97% used [0x09f50000, 0x0b8033e8, 0x0b803400, 0x0b8c1000)
 Metaspace       used 2674K, capacity 3318K, committed 3392K, reserved 4480K
}
Event: 11.598 GC heap before
{Heap before GC invocations=147 (full 25):
 def new generation   total 11840K, used 11263K [0x04a00000, 0x056d0000, 0x09f50000)
  eden space 10560K,  97% used [0x04a00000, 0x0540a9c0, 0x05450000)
  from space 1280K,  76% used [0x05590000, 0x05685338, 0x056d0000)
  to   space 1280K,   0% used [0x05450000, 0x05450000, 0x05590000)
 tenured generation   total 26052K, used 25292K [0x09f50000, 0x0b8c1000, 0x14a00000)
   the space 26052K,  97% used [0x09f50000, 0x0b8033e8, 0x0b803400, 0x0b8c1000)
 Metaspace       used 2698K, capacity 3318K, committed 3392K, reserved 4480K
Event: 11.616 GC heap after
Heap after GC invocations=148 (full 26):
 def new generation   total 11840K, used 0K [0x04a00000, 0x056d0000, 0x09f50000)
  eden space 10560K,   0% used [0x04a00000, 0x04a00000, 0x05450000)
  from space 1280K,   0% used [0x05450000, 0x05450000, 0x05590000)
  to   space 1280K,   0% used [0x05590000, 0x05590000, 0x056d0000)
 tenured generation   total 26052K, used 10869K [0x09f50000, 0x0b8c1000, 0x14a00000)
   the space 26052K,  41% used [0x09f50000, 0x0a9ed778, 0x0a9ed800, 0x0b8c1000)
 Metaspace       used 2698K, capacity 3318K, committed 3392K, reserved 4480K
}

