# JRE version: Java(TM) SE Runtime Environment (8.0_171-b11) (build 1.8.0_171-b11)
# Java VM: Java HotSpot(TM) Client VM (25.171-b11 mixed mode, sharing windows-x86 )
Heap:
 def new generation   total 6528K, used 2176K [0x04400000, 0x04b10000, 0x09950000)
  eden space 5824K,  32% used [0x04400000, 0x045d5618, 0x049b0000)
  from space 704K,  42% used [0x049b0000, 0x049fadd8, 0x04a60000)
  to   space 704K,   0% used [0x04a60000, 0x04a60000, 0x04b10000)
 tenured generation   total 22308K, used 16826K [0x09950000, 0x0af19000, 0x14400000)
   the space 22308K,  75% used [0x09950000, 0x0a9be920, 0x0a9bea00, 0x0af19000)
 Metaspace       used 4304K, capacity 4511K, committed 4608K, reserved 5504K
GC Heap History (10 events):
Event: 166.527 GC heap before
{Heap before GC invocations=1036 (full 5):
 def new generation   total 6528K, used 6404K [0x04400000, 0x04b10000, 0x09950000)
  eden space 5824K, 100% used [0x04400000, 0x049b0000, 0x049b0000)
  from space 704K,  82% used [0x04a60000, 0x04af1228, 0x04b10000)
  to   space 704K,   0% used [0x049b0000, 0x049b0000, 0x04a60000)
 tenured generation   total 22308K, used 16748K [0x09950000, 0x0af19000, 0x14400000)
   the space 22308K,  75% used [0x09950000, 0x0a9ab210, 0x0a9ab400, 0x0af19000)
 Metaspace       used 4280K, capacity 4479K, committed 4608K, reserved 5504K
Event: 166.528 GC heap after
Heap after GC invocations=1037 (full 5):
 def new generation   total 6528K, used 575K [0x04400000, 0x04b10000, 0x09950000)
  eden space 5824K,   0% used [0x04400000, 0x04400000, 0x049b0000)
  from space 704K,  81% used [0x049b0000, 0x04a3fc70, 0x04a60000)
  to   space 704K,   0% used [0x04a60000, 0x04a60000, 0x04b10000)
 tenured generation   total 22308K, used 16782K [0x09950000, 0x0af19000, 0x14400000)
   the space 22308K,  75% used [0x09950000, 0x0a9b3b20, 0x0a9b3c00, 0x0af19000)
 Metaspace       used 4280K, capacity 4479K, committed 4608K, reserved 5504K
}
Event: 166.679 GC heap before
{Heap before GC invocations=1037 (full 5):
 def new generation   total 6528K, used 6399K [0x04400000, 0x04b10000, 0x09950000)
  eden space 5824K, 100% used [0x04400000, 0x049b0000, 0x049b0000)
  from space 704K,  81% used [0x049b0000, 0x04a3fc70, 0x04a60000)
  to   space 704K,   0% used [0x04a60000, 0x04a60000, 0x04b10000)
 tenured generation   total 22308K, used 16782K [0x09950000, 0x0af19000, 0x14400000)
   the space 22308K,  75% used [0x09950000, 0x0a9b3b20, 0x0a9b3c00, 0x0af19000)
 Metaspace       used 4280K, capacity 4479K, committed 4608K, reserved 5504K
Event: 166.680 GC heap after
Heap after GC invocations=1038 (full 5):
 def new generation   total 6528K, used 261K [0x04400000, 0x04b10000, 0x09950000)
  eden space 5824K,   0% used [0x04400000, 0x04400000, 0x049b0000)
  from space 704K,  37% used [0x04a60000, 0x04aa16e8, 0x04b10000)
  to   space 704K,   0% used [0x049b0000, 0x049b0000, 0x04a60000)
 tenured generation   total 22308K, used 16817K [0x09950000, 0x0af19000, 0x14400000)
   the space 22308K,  75% used [0x09950000, 0x0a9bc410, 0x0a9bc600, 0x0af19000)
 Metaspace       used 4280K, capacity 4479K, committed 4608K, reserved 5504K
}
Event: 166.744 GC heap before
{Heap before GC invocations=1038 (full 5):
 def new generation   total 6528K, used 5861K [0x04400000, 0x04b10000, 0x09950000)
  eden space 5824K,  96% used [0x04400000, 0x04977da0, 0x049b0000)
  from space 704K,  37% used [0x04a60000, 0x04aa16e8, 0x04b10000)
  to   space 704K,   0% used [0x049b0000, 0x049b0000, 0x04a60000)
 tenured generation   total 22308K, used 16817K [0x09950000, 0x0af19000, 0x14400000)
   the space 22308K,  75% used [0x09950000, 0x0a9bc410, 0x0a9bc600, 0x0af19000)
 Metaspace       used 4280K, capacity 4479K, committed 4608K, reserved 5504K
Event: 166.745 GC heap after
Heap after GC invocations=1039 (full 5):
 def new generation   total 6528K, used 320K [0x04400000, 0x04b10000, 0x09950000)
  eden space 5824K,   0% used [0x04400000, 0x04400000, 0x049b0000)
  from space 704K,  45% used [0x049b0000, 0x04a000b8, 0x04a60000)
  to   space 704K,   0% used [0x04a60000, 0x04a60000, 0x04b10000)
 tenured generation   total 22308K, used 16817K [0x09950000, 0x0af19000, 0x14400000)
   the space 22308K,  75% used [0x09950000, 0x0a9bc410, 0x0a9bc600, 0x0af19000)
 Metaspace       used 4280K, capacity 4479K, committed 4608K, reserved 5504K
}
Event: 166.924 GC heap before
{Heap before GC invocations=1039 (full 5):
 def new generation   total 6528K, used 6144K [0x04400000, 0x04b10000, 0x09950000)
  eden space 5824K, 100% used [0x04400000, 0x049b0000, 0x049b0000)
  from space 704K,  45% used [0x049b0000, 0x04a000b8, 0x04a60000)
  to   space 704K,   0% used [0x04a60000, 0x04a60000, 0x04b10000)
 tenured generation   total 22308K, used 16817K [0x09950000, 0x0af19000, 0x14400000)
   the space 22308K,  75% used [0x09950000, 0x0a9bc410, 0x0a9bc600, 0x0af19000)
 Metaspace       used 4280K, capacity 4479K, committed 4608K, reserved 5504K
Event: 166.925 GC heap after
Heap after GC invocations=1040 (full 5):
 def new generation   total 6528K, used 558K [0x04400000, 0x04b10000, 0x09950000)
  eden space 5824K,   0% used [0x04400000, 0x04400000, 0x049b0000)
  from space 704K,  79% used [0x04a60000, 0x04aebbd0, 0x04b10000)
  to   space 704K,   0% used [0x049b0000, 0x049b0000, 0x04a60000)
 tenured generation   total 22308K, used 16817K [0x09950000, 0x0af19000, 0x14400000)
   the space 22308K,  75% used [0x09950000, 0x0a9bc410, 0x0a9bc600, 0x0af19000)
 Metaspace       used 4280K, capacity 4479K, committed 4608K, reserved 5504K
}
Event: 167.110 GC heap before
{Heap before GC invocations=1040 (full 5):
 def new generation   total 6528K, used 6300K [0x04400000, 0x04b10000, 0x09950000)
  eden space 5824K,  98% used [0x04400000, 0x0499b5e0, 0x049b0000)
  from space 704K,  79% used [0x04a60000, 0x04aebbd0, 0x04b10000)
  to   space 704K,   0% used [0x049b0000, 0x049b0000, 0x04a60000)
 tenured generation   total 22308K, used 16817K [0x09950000, 0x0af19000, 0x14400000)
   the space 22308K,  75% used [0x09950000, 0x0a9bc410, 0x0a9bc600, 0x0af19000)
 Metaspace       used 4304K, capacity 4511K, committed 4608K, reserved 5504K
Event: 167.112 GC heap after
Heap after GC invocations=1041 (full 5):
 def new generation   total 6528K, used 299K [0x04400000, 0x04b10000, 0x09950000)
  eden space 5824K,   0% used [0x04400000, 0x04400000, 0x049b0000)
  from space 704K,  42% used [0x049b0000, 0x049fadd8, 0x04a60000)
  to   space 704K,   0% used [0x04a60000, 0x04a60000, 0x04b10000)
 tenured generation   total 22308K, used 16826K [0x09950000, 0x0af19000, 0x14400000)
   the space 22308K,  75% used [0x09950000, 0x0a9be920, 0x0a9bea00, 0x0af19000)
 Metaspace       used 4304K, capacity 4511K, committed 4608K, reserved 5504K
}

