# JRE version: Java(TM) SE Runtime Environment (8.0_171-b11) (build 1.8.0_171-b11)
# Java VM: Java HotSpot(TM) Client VM (25.171-b11 mixed mode windows-x86 )
Heap:
 def new generation   total 6208K, used 1879K [0x05000000, 0x056b0000, 0x0a550000)
  eden space 5568K,  23% used [0x05000000, 0x05145f60, 0x05570000)
  from space 640K,  89% used [0x05610000, 0x0569fed8, 0x056b0000)
  to   space 640K,   0% used [0x05570000, 0x05570000, 0x05610000)
 tenured generation   total 13612K, used 10274K [0x0a550000, 0x0b29b000, 0x15000000)
   the space 13612K,  75% used [0x0a550000, 0x0af589b8, 0x0af58a00, 0x0b29b000)
 Metaspace       used 11677K, capacity 11878K, committed 12032K, reserved 12672K
GC Heap History (10 events):
Event: 190.965 GC heap before
{Heap before GC invocations=998 (full 5):
 def new generation   total 6208K, used 5942K [0x05000000, 0x056b0000, 0x0a550000)
  eden space 5568K, 100% used [0x05000000, 0x05570000, 0x05570000)
  from space 640K,  58% used [0x05570000, 0x055cd818, 0x05610000)
  to   space 640K,   0% used [0x05610000, 0x05610000, 0x056b0000)
 tenured generation   total 13612K, used 10222K [0x0a550000, 0x0b29b000, 0x15000000)
   the space 13612K,  75% used [0x0a550000, 0x0af4b938, 0x0af4ba00, 0x0b29b000)
 Metaspace       used 11653K, capacity 11878K, committed 12032K, reserved 12672K
Event: 190.966 GC heap after
Heap after GC invocations=999 (full 5):
 def new generation   total 6208K, used 551K [0x05000000, 0x056b0000, 0x0a550000)
  eden space 5568K,   0% used [0x05000000, 0x05000000, 0x05570000)
  from space 640K,  86% used [0x05610000, 0x05699c60, 0x056b0000)
  to   space 640K,   0% used [0x05570000, 0x05570000, 0x05610000)
 tenured generation   total 13612K, used 10232K [0x0a550000, 0x0b29b000, 0x15000000)
   the space 13612K,  75% used [0x0a550000, 0x0af4e3d8, 0x0af4e400, 0x0b29b000)
 Metaspace       used 11653K, capacity 11878K, committed 12032K, reserved 12672K
}
Event: 191.153 GC heap before
{Heap before GC invocations=999 (full 5):
 def new generation   total 6208K, used 5997K [0x05000000, 0x056b0000, 0x0a550000)
  eden space 5568K,  97% used [0x05000000, 0x055518c0, 0x05570000)
  from space 640K,  86% used [0x05610000, 0x05699c60, 0x056b0000)
  to   space 640K,   0% used [0x05570000, 0x05570000, 0x05610000)
 tenured generation   total 13612K, used 10232K [0x0a550000, 0x0b29b000, 0x15000000)
   the space 13612K,  75% used [0x0a550000, 0x0af4e3d8, 0x0af4e400, 0x0b29b000)
 Metaspace       used 11653K, capacity 11878K, committed 12032K, reserved 12672K
Event: 191.154 GC heap after
Heap after GC invocations=1000 (full 5):
 def new generation   total 6208K, used 373K [0x05000000, 0x056b0000, 0x0a550000)
  eden space 5568K,   0% used [0x05000000, 0x05000000, 0x05570000)
  from space 640K,  58% used [0x05570000, 0x055cd7e0, 0x05610000)
  to   space 640K,   0% used [0x05610000, 0x05610000, 0x056b0000)
 tenured generation   total 13612K, used 10243K [0x0a550000, 0x0b29b000, 0x15000000)
   the space 13612K,  75% used [0x0a550000, 0x0af50c48, 0x0af50e00, 0x0b29b000)
 Metaspace       used 11653K, capacity 11878K, committed 12032K, reserved 12672K
}
Event: 191.353 GC heap before
{Heap before GC invocations=1000 (full 5):
 def new generation   total 6208K, used 5941K [0x05000000, 0x056b0000, 0x0a550000)
  eden space 5568K, 100% used [0x05000000, 0x05570000, 0x05570000)
  from space 640K,  58% used [0x05570000, 0x055cd7e0, 0x05610000)
  to   space 640K,   0% used [0x05610000, 0x05610000, 0x056b0000)
 tenured generation   total 13612K, used 10243K [0x0a550000, 0x0b29b000, 0x15000000)
   the space 13612K,  75% used [0x0a550000, 0x0af50c48, 0x0af50e00, 0x0b29b000)
 Metaspace       used 11653K, capacity 11878K, committed 12032K, reserved 12672K
Event: 191.353 GC heap after
Heap after GC invocations=1001 (full 5):
 def new generation   total 6208K, used 551K [0x05000000, 0x056b0000, 0x0a550000)
  eden space 5568K,   0% used [0x05000000, 0x05000000, 0x05570000)
  from space 640K,  86% used [0x05610000, 0x05699c60, 0x056b0000)
  to   space 640K,   0% used [0x05570000, 0x05570000, 0x05610000)
 tenured generation   total 13612K, used 10253K [0x0a550000, 0x0b29b000, 0x15000000)
   the space 13612K,  75% used [0x0a550000, 0x0af536d0, 0x0af53800, 0x0b29b000)
 Metaspace       used 11653K, capacity 11878K, committed 12032K, reserved 12672K
}
Event: 191.547 GC heap before
{Heap before GC invocations=1001 (full 5):
 def new generation   total 6208K, used 6001K [0x05000000, 0x056b0000, 0x0a550000)
  eden space 5568K,  97% used [0x05000000, 0x05552b38, 0x05570000)
  from space 640K,  86% used [0x05610000, 0x05699c60, 0x056b0000)
  to   space 640K,   0% used [0x05570000, 0x05570000, 0x05610000)
 tenured generation   total 13612K, used 10253K [0x0a550000, 0x0b29b000, 0x15000000)
   the space 13612K,  75% used [0x0a550000, 0x0af536d0, 0x0af53800, 0x0b29b000)
 Metaspace       used 11653K, capacity 11878K, committed 12032K, reserved 12672K
Event: 191.548 GC heap after
Heap after GC invocations=1002 (full 5):
 def new generation   total 6208K, used 373K [0x05000000, 0x056b0000, 0x0a550000)
  eden space 5568K,   0% used [0x05000000, 0x05000000, 0x05570000)
  from space 640K,  58% used [0x05570000, 0x055cd7c0, 0x05610000)
  to   space 640K,   0% used [0x05610000, 0x05610000, 0x056b0000)
 tenured generation   total 13612K, used 10263K [0x0a550000, 0x0b29b000, 0x15000000)
   the space 13612K,  75% used [0x0a550000, 0x0af55f50, 0x0af56000, 0x0b29b000)
 Metaspace       used 11653K, capacity 11878K, committed 12032K, reserved 12672K
}
Event: 191.727 GC heap before
{Heap before GC invocations=1002 (full 5):
 def new generation   total 6208K, used 5941K [0x05000000, 0x056b0000, 0x0a550000)
  eden space 5568K, 100% used [0x05000000, 0x05570000, 0x05570000)
  from space 640K,  58% used [0x05570000, 0x055cd7c0, 0x05610000)
  to   space 640K,   0% used [0x05610000, 0x05610000, 0x056b0000)
 tenured generation   total 13612K, used 10263K [0x0a550000, 0x0b29b000, 0x15000000)
   the space 13612K,  75% used [0x0a550000, 0x0af55f50, 0x0af56000, 0x0b29b000)
 Metaspace       used 11677K, capacity 11878K, committed 12032K, reserved 12672K
Event: 191.729 GC heap after
Heap after GC invocations=1003 (full 5):
 def new generation   total 6208K, used 575K [0x05000000, 0x056b0000, 0x0a550000)
  eden space 5568K,   0% used [0x05000000, 0x05000000, 0x05570000)
  from space 640K,  89% used [0x05610000, 0x0569fed8, 0x056b0000)
  to   space 640K,   0% used [0x05570000, 0x05570000, 0x05610000)
 tenured generation   total 13612K, used 10274K [0x0a550000, 0x0b29b000, 0x15000000)
   the space 13612K,  75% used [0x0a550000, 0x0af589b8, 0x0af58a00, 0x0b29b000)
 Metaspace       used 11677K, capacity 11878K, committed 12032K, reserved 12672K
}

