# JRE version: Java(TM) SE Runtime Environment (8.0_171-b11) (build 1.8.0_171-b11)
# Java VM: Java HotSpot(TM) Client VM (25.171-b11 mixed mode, sharing windows-x86 )
Heap:
 def new generation   total 4928K, used 3203K [0x04a00000, 0x04f50000, 0x09f50000)
  eden space 4416K,  64% used [0x04a00000, 0x04cc3700, 0x04e50000)
  from space 512K,  72% used [0x04e50000, 0x04ead668, 0x04ed0000)
  to   space 512K,   0% used [0x04ed0000, 0x04ed0000, 0x04f50000)
 tenured generation   total 10944K, used 9926K [0x09f50000, 0x0aa00000, 0x14a00000)
   the space 10944K,  90% used [0x09f50000, 0x0a901a40, 0x0a901c00, 0x0aa00000)
 Metaspace       used 2153K, capacity 2961K, committed 3008K, reserved 4480K
GC Heap History (10 events):
Event: 6.884 GC heap before
{Heap before GC invocations=37 (full 0):
 def new generation   total 4928K, used 4430K [0x04a00000, 0x04f50000, 0x09f50000)
  eden space 4416K,  93% used [0x04a00000, 0x04e08ca0, 0x04e50000)
  from space 512K,  58% used [0x04ed0000, 0x04f1ad58, 0x04f50000)
  to   space 512K,   0% used [0x04e50000, 0x04e50000, 0x04ed0000)
 tenured generation   total 10944K, used 9399K [0x09f50000, 0x0aa00000, 0x14a00000)
   the space 10944K,  85% used [0x09f50000, 0x0a87df78, 0x0a87e000, 0x0aa00000)
 Metaspace       used 2129K, capacity 2961K, committed 3008K, reserved 4480K
Event: 6.885 GC heap after
Heap after GC invocations=38 (full 0):
 def new generation   total 4928K, used 11K [0x04a00000, 0x04f50000, 0x09f50000)
  eden space 4416K,   0% used [0x04a00000, 0x04a00000, 0x04e50000)
  from space 512K,   2% used [0x04e50000, 0x04e52e90, 0x04ed0000)
  to   space 512K,   0% used [0x04ed0000, 0x04ed0000, 0x04f50000)
 tenured generation   total 10944K, used 9400K [0x09f50000, 0x0aa00000, 0x14a00000)
   the space 10944K,  85% used [0x09f50000, 0x0a87e280, 0x0a87e400, 0x0aa00000)
 Metaspace       used 2129K, capacity 2961K, committed 3008K, reserved 4480K
}
Event: 7.093 GC heap before
{Heap before GC invocations=38 (full 0):
 def new generation   total 4928K, used 4427K [0x04a00000, 0x04f50000, 0x09f50000)
  eden space 4416K, 100% used [0x04a00000, 0x04e50000, 0x04e50000)
  from space 512K,   2% used [0x04e50000, 0x04e52e90, 0x04ed0000)
  to   space 512K,   0% used [0x04ed0000, 0x04ed0000, 0x04f50000)
 tenured generation   total 10944K, used 9400K [0x09f50000, 0x0aa00000, 0x14a00000)
   the space 10944K,  85% used [0x09f50000, 0x0a87e280, 0x0a87e400, 0x0aa00000)
 Metaspace       used 2129K, capacity 2961K, committed 3008K, reserved 4480K
Event: 7.093 GC heap after
Heap after GC invocations=39 (full 0):
 def new generation   total 4928K, used 23K [0x04a00000, 0x04f50000, 0x09f50000)
  eden space 4416K,   0% used [0x04a00000, 0x04a00000, 0x04e50000)
  from space 512K,   4% used [0x04ed0000, 0x04ed5cb0, 0x04f50000)
  to   space 512K,   0% used [0x04e50000, 0x04e50000, 0x04ed0000)
 tenured generation   total 10944K, used 9400K [0x09f50000, 0x0aa00000, 0x14a00000)
   the space 10944K,  85% used [0x09f50000, 0x0a87e280, 0x0a87e400, 0x0aa00000)
 Metaspace       used 2129K, capacity 2961K, committed 3008K, reserved 4480K
}
Event: 7.226 GC heap before
{Heap before GC invocations=39 (full 0):
 def new generation   total 4928K, used 4439K [0x04a00000, 0x04f50000, 0x09f50000)
  eden space 4416K, 100% used [0x04a00000, 0x04e50000, 0x04e50000)
  from space 512K,   4% used [0x04ed0000, 0x04ed5cb0, 0x04f50000)
  to   space 512K,   0% used [0x04e50000, 0x04e50000, 0x04ed0000)
 tenured generation   total 10944K, used 9400K [0x09f50000, 0x0aa00000, 0x14a00000)
   the space 10944K,  85% used [0x09f50000, 0x0a87e280, 0x0a87e400, 0x0aa00000)
 Metaspace       used 2129K, capacity 2961K, committed 3008K, reserved 4480K
Event: 7.227 GC heap after
Heap after GC invocations=40 (full 0):
 def new generation   total 4928K, used 242K [0x04a00000, 0x04f50000, 0x09f50000)
  eden space 4416K,   0% used [0x04a00000, 0x04a00000, 0x04e50000)
  from space 512K,  47% used [0x04e50000, 0x04e8c8e0, 0x04ed0000)
  to   space 512K,   0% used [0x04ed0000, 0x04ed0000, 0x04f50000)
 tenured generation   total 10944K, used 9700K [0x09f50000, 0x0aa00000, 0x14a00000)
   the space 10944K,  88% used [0x09f50000, 0x0a8c9290, 0x0a8c9400, 0x0aa00000)
 Metaspace       used 2129K, capacity 2961K, committed 3008K, reserved 4480K
}
Event: 7.488 GC heap before
{Heap before GC invocations=40 (full 0):
 def new generation   total 4928K, used 4643K [0x04a00000, 0x04f50000, 0x09f50000)
  eden space 4416K,  99% used [0x04a00000, 0x04e4c440, 0x04e50000)
  from space 512K,  47% used [0x04e50000, 0x04e8c8e0, 0x04ed0000)
  to   space 512K,   0% used [0x04ed0000, 0x04ed0000, 0x04f50000)
 tenured generation   total 10944K, used 9700K [0x09f50000, 0x0aa00000, 0x14a00000)
   the space 10944K,  88% used [0x09f50000, 0x0a8c9290, 0x0a8c9400, 0x0aa00000)
 Metaspace       used 2129K, capacity 2961K, committed 3008K, reserved 4480K
Event: 7.489 GC heap after
Heap after GC invocations=41 (full 0):
 def new generation   total 4928K, used 370K [0x04a00000, 0x04f50000, 0x09f50000)
  eden space 4416K,   0% used [0x04a00000, 0x04a00000, 0x04e50000)
  from space 512K,  72% used [0x04ed0000, 0x04f2caa8, 0x04f50000)
  to   space 512K,   0% used [0x04e50000, 0x04e50000, 0x04ed0000)
 tenured generation   total 10944K, used 9925K [0x09f50000, 0x0aa00000, 0x14a00000)
   the space 10944K,  90% used [0x09f50000, 0x0a9016a0, 0x0a901800, 0x0aa00000)
 Metaspace       used 2129K, capacity 2961K, committed 3008K, reserved 4480K
}
Event: 7.997 GC heap before
{Heap before GC invocations=41 (full 0):
 def new generation   total 4928K, used 4670K [0x04a00000, 0x04f50000, 0x09f50000)
  eden space 4416K,  97% used [0x04a00000, 0x04e33100, 0x04e50000)
  from space 512K,  72% used [0x04ed0000, 0x04f2caa8, 0x04f50000)
  to   space 512K,   0% used [0x04e50000, 0x04e50000, 0x04ed0000)
 tenured generation   total 10944K, used 9925K [0x09f50000, 0x0aa00000, 0x14a00000)
   the space 10944K,  90% used [0x09f50000, 0x0a9016a0, 0x0a901800, 0x0aa00000)
 Metaspace       used 2129K, capacity 2961K, committed 3008K, reserved 4480K
Event: 7.998 GC heap after
Heap after GC invocations=42 (full 0):
 def new generation   total 4928K, used 373K [0x04a00000, 0x04f50000, 0x09f50000)
  eden space 4416K,   0% used [0x04a00000, 0x04a00000, 0x04e50000)
  from space 512K,  72% used [0x04e50000, 0x04ead668, 0x04ed0000)
  to   space 512K,   0% used [0x04ed0000, 0x04ed0000, 0x04f50000)
 tenured generation   total 10944K, used 9926K [0x09f50000, 0x0aa00000, 0x14a00000)
   the space 10944K,  90% used [0x09f50000, 0x0a901a40, 0x0a901c00, 0x0aa00000)
 Metaspace       used 2129K, capacity 2961K, committed 3008K, reserved 4480K
}

