# JRE version: Java(TM) SE Runtime Environment (8.0_171-b11) (build 1.8.0_171-b11)
# Java VM: Java HotSpot(TM) Client VM (25.171-b11 mixed mode, sharing windows-x86 )
Heap:
 def new generation   total 7872K, used 2455K [0x04a00000, 0x05280000, 0x09f50000)
  eden space 7040K,  26% used [0x04a00000, 0x04bd6250, 0x050e0000)
  from space 832K,  69% used [0x050e0000, 0x0516fa70, 0x051b0000)
  to   space 832K,   0% used [0x051b0000, 0x051b0000, 0x05280000)
 tenured generation   total 17308K, used 16231K [0x09f50000, 0x0b037000, 0x14a00000)
   the space 17308K,  93% used [0x09f50000, 0x0af29dd0, 0x0af29e00, 0x0b037000)
 Metaspace       used 4470K, capacity 4668K, committed 4736K, reserved 5504K
GC Heap History (10 events):
Event: 307.247 GC heap before
{Heap before GC invocations=1372 (full 151):
 def new generation   total 7872K, used 7593K [0x04a00000, 0x05280000, 0x09f50000)
  eden space 7040K,  99% used [0x04a00000, 0x050df7b8, 0x050e0000)
  from space 832K,  66% used [0x051b0000, 0x0523ad08, 0x05280000)
  to   space 832K,   0% used [0x050e0000, 0x050e0000, 0x051b0000)
 tenured generation   total 17308K, used 10179K [0x09f50000, 0x0b037000, 0x14a00000)
   the space 17308K,  58% used [0x09f50000, 0x0a940f18, 0x0a941000, 0x0b037000)
 Metaspace       used 4446K, capacity 4636K, committed 4736K, reserved 5504K
Event: 307.248 GC heap after
Heap after GC invocations=1373 (full 151):
 def new generation   total 7872K, used 552K [0x04a00000, 0x05280000, 0x09f50000)
  eden space 7040K,   0% used [0x04a00000, 0x04a00000, 0x050e0000)
  from space 832K,  66% used [0x050e0000, 0x0516a0d0, 0x051b0000)
  to   space 832K,   0% used [0x051b0000, 0x051b0000, 0x05280000)
 tenured generation   total 17308K, used 11390K [0x09f50000, 0x0b037000, 0x14a00000)
   the space 17308K,  65% used [0x09f50000, 0x0aa6f820, 0x0aa6fa00, 0x0b037000)
 Metaspace       used 4446K, capacity 4636K, committed 4736K, reserved 5504K
}
Event: 307.584 GC heap before
{Heap before GC invocations=1373 (full 151):
 def new generation   total 7872K, used 7500K [0x04a00000, 0x05280000, 0x09f50000)
  eden space 7040K,  98% used [0x04a00000, 0x050c90f0, 0x050e0000)
  from space 832K,  66% used [0x050e0000, 0x0516a0d0, 0x051b0000)
  to   space 832K,   0% used [0x051b0000, 0x051b0000, 0x05280000)
 tenured generation   total 17308K, used 11390K [0x09f50000, 0x0b037000, 0x14a00000)
   the space 17308K,  65% used [0x09f50000, 0x0aa6f820, 0x0aa6fa00, 0x0b037000)
 Metaspace       used 4446K, capacity 4636K, committed 4736K, reserved 5504K
Event: 307.585 GC heap after
Heap after GC invocations=1374 (full 151):
 def new generation   total 7872K, used 552K [0x04a00000, 0x05280000, 0x09f50000)
  eden space 7040K,   0% used [0x04a00000, 0x04a00000, 0x050e0000)
  from space 832K,  66% used [0x051b0000, 0x0523a028, 0x05280000)
  to   space 832K,   0% used [0x050e0000, 0x050e0000, 0x051b0000)
 tenured generation   total 17308K, used 12600K [0x09f50000, 0x0b037000, 0x14a00000)
   the space 17308K,  72% used [0x09f50000, 0x0ab9e3c8, 0x0ab9e400, 0x0b037000)
 Metaspace       used 4446K, capacity 4636K, committed 4736K, reserved 5504K
}
Event: 307.943 GC heap before
{Heap before GC invocations=1374 (full 151):
 def new generation   total 7872K, used 7551K [0x04a00000, 0x05280000, 0x09f50000)
  eden space 7040K,  99% used [0x04a00000, 0x050d5e68, 0x050e0000)
  from space 832K,  66% used [0x051b0000, 0x0523a028, 0x05280000)
  to   space 832K,   0% used [0x050e0000, 0x050e0000, 0x051b0000)
 tenured generation   total 17308K, used 12600K [0x09f50000, 0x0b037000, 0x14a00000)
   the space 17308K,  72% used [0x09f50000, 0x0ab9e3c8, 0x0ab9e400, 0x0b037000)
 Metaspace       used 4446K, capacity 4636K, committed 4736K, reserved 5504K
Event: 307.945 GC heap after
Heap after GC invocations=1375 (full 151):
 def new generation   total 7872K, used 609K [0x04a00000, 0x05280000, 0x09f50000)
  eden space 7040K,   0% used [0x04a00000, 0x04a00000, 0x050e0000)
  from space 832K,  73% used [0x050e0000, 0x051785c8, 0x051b0000)
  to   space 832K,   0% used [0x051b0000, 0x051b0000, 0x05280000)
 tenured generation   total 17308K, used 13811K [0x09f50000, 0x0b037000, 0x14a00000)
   the space 17308K,  79% used [0x09f50000, 0x0acccd08, 0x0accce00, 0x0b037000)
 Metaspace       used 4446K, capacity 4636K, committed 4736K, reserved 5504K
}
Event: 308.113 GC heap before
{Heap before GC invocations=1375 (full 151):
 def new generation   total 7872K, used 7376K [0x04a00000, 0x05280000, 0x09f50000)
  eden space 7040K,  96% used [0x04a00000, 0x0509be10, 0x050e0000)
  from space 832K,  73% used [0x050e0000, 0x051785c8, 0x051b0000)
  to   space 832K,   0% used [0x051b0000, 0x051b0000, 0x05280000)
 tenured generation   total 17308K, used 13811K [0x09f50000, 0x0b037000, 0x14a00000)
   the space 17308K,  79% used [0x09f50000, 0x0acccd08, 0x0accce00, 0x0b037000)
 Metaspace       used 4446K, capacity 4636K, committed 4736K, reserved 5504K
Event: 308.114 GC heap after
Heap after GC invocations=1376 (full 151):
 def new generation   total 7872K, used 551K [0x04a00000, 0x05280000, 0x09f50000)
  eden space 7040K,   0% used [0x04a00000, 0x04a00000, 0x050e0000)
  from space 832K,  66% used [0x051b0000, 0x05239e20, 0x05280000)
  to   space 832K,   0% used [0x050e0000, 0x050e0000, 0x051b0000)
 tenured generation   total 17308K, used 15021K [0x09f50000, 0x0b037000, 0x14a00000)
   the space 17308K,  86% used [0x09f50000, 0x0adfb4b8, 0x0adfb600, 0x0b037000)
 Metaspace       used 4446K, capacity 4636K, committed 4736K, reserved 5504K
}
Event: 308.370 GC heap before
{Heap before GC invocations=1376 (full 151):
 def new generation   total 7872K, used 7355K [0x04a00000, 0x05280000, 0x09f50000)
  eden space 7040K,  96% used [0x04a00000, 0x050a4e50, 0x050e0000)
  from space 832K,  66% used [0x051b0000, 0x05239e20, 0x05280000)
  to   space 832K,   0% used [0x050e0000, 0x050e0000, 0x051b0000)
 tenured generation   total 17308K, used 15021K [0x09f50000, 0x0b037000, 0x14a00000)
   the space 17308K,  86% used [0x09f50000, 0x0adfb4b8, 0x0adfb600, 0x0b037000)
 Metaspace       used 4468K, capacity 4668K, committed 4736K, reserved 5504K
Event: 308.372 GC heap after
Heap after GC invocations=1377 (full 151):
 def new generation   total 7872K, used 574K [0x04a00000, 0x05280000, 0x09f50000)
  eden space 7040K,   0% used [0x04a00000, 0x04a00000, 0x050e0000)
  from space 832K,  69% used [0x050e0000, 0x0516fa70, 0x051b0000)
  to   space 832K,   0% used [0x051b0000, 0x051b0000, 0x05280000)
 tenured generation   total 17308K, used 16231K [0x09f50000, 0x0b037000, 0x14a00000)
   the space 17308K,  93% used [0x09f50000, 0x0af29dd0, 0x0af29e00, 0x0b037000)
 Metaspace       used 4468K, capacity 4668K, committed 4736K, reserved 5504K
}

