# JRE version: Java(TM) SE Runtime Environment (8.0_171-b11) (build 1.8.0_171-b11)
# Java VM: Java HotSpot(TM) Client VM (25.171-b11 mixed mode, sharing windows-x86 )
Heap:
 def new generation   total 4992K, used 3218K [0x04400000, 0x04960000, 0x09950000)
  eden space 4480K,  64% used [0x04400000, 0x046d5c80, 0x04860000)
  from space 512K,  61% used [0x04860000, 0x048aeb88, 0x048e0000)
  to   space 512K,   0% used [0x048e0000, 0x048e0000, 0x04960000)
 tenured generation   total 10944K, used 9250K [0x09950000, 0x0a400000, 0x14400000)
   the space 10944K,  84% used [0x09950000, 0x0a258a18, 0x0a258c00, 0x0a400000)
 Metaspace       used 2157K, capacity 2949K, committed 3008K, reserved 4480K
GC Heap History (10 events):
Event: 18.613 GC heap before
{Heap before GC invocations=110 (full 16):
 def new generation   total 4992K, used 4422K [0x04400000, 0x04960000, 0x09950000)
  eden space 4480K,  98% used [0x04400000, 0x04851a08, 0x04860000)
  from space 512K,   0% used [0x048e0000, 0x048e0000, 0x04960000)
  to   space 512K,   0% used [0x04860000, 0x04860000, 0x048e0000)
 tenured generation   total 10944K, used 5397K [0x09950000, 0x0a400000, 0x14400000)
   the space 10944K,  49% used [0x09950000, 0x09e957e0, 0x09e95800, 0x0a400000)
 Metaspace       used 2133K, capacity 2949K, committed 3008K, reserved 4480K
Event: 18.613 GC heap after
Heap after GC invocations=111 (full 16):
 def new generation   total 4992K, used 312K [0x04400000, 0x04960000, 0x09950000)
  eden space 4480K,   0% used [0x04400000, 0x04400000, 0x04860000)
  from space 512K,  61% used [0x04860000, 0x048ae220, 0x048e0000)
  to   space 512K,   0% used [0x048e0000, 0x048e0000, 0x04960000)
 tenured generation   total 10944K, used 5998K [0x09950000, 0x0a400000, 0x14400000)
   the space 10944K,  54% used [0x09950000, 0x09f2b800, 0x09f2b800, 0x0a400000)
 Metaspace       used 2133K, capacity 2949K, committed 3008K, reserved 4480K
}
Event: 18.849 GC heap before
{Heap before GC invocations=111 (full 16):
 def new generation   total 4992K, used 4600K [0x04400000, 0x04960000, 0x09950000)
  eden space 4480K,  95% used [0x04400000, 0x048300a0, 0x04860000)
  from space 512K,  61% used [0x04860000, 0x048ae220, 0x048e0000)
  to   space 512K,   0% used [0x048e0000, 0x048e0000, 0x04960000)
 tenured generation   total 10944K, used 5998K [0x09950000, 0x0a400000, 0x14400000)
   the space 10944K,  54% used [0x09950000, 0x09f2b800, 0x09f2b800, 0x0a400000)
 Metaspace       used 2133K, capacity 2949K, committed 3008K, reserved 4480K
Event: 18.850 GC heap after
Heap after GC invocations=112 (full 16):
 def new generation   total 4992K, used 338K [0x04400000, 0x04960000, 0x09950000)
  eden space 4480K,   0% used [0x04400000, 0x04400000, 0x04860000)
  from space 512K,  66% used [0x048e0000, 0x049348b8, 0x04960000)
  to   space 512K,   0% used [0x04860000, 0x04860000, 0x048e0000)
 tenured generation   total 10944K, used 6906K [0x09950000, 0x0a400000, 0x14400000)
   the space 10944K,  63% used [0x09950000, 0x0a00eb60, 0x0a00ec00, 0x0a400000)
 Metaspace       used 2133K, capacity 2949K, committed 3008K, reserved 4480K
}
Event: 18.966 GC heap before
{Heap before GC invocations=112 (full 16):
 def new generation   total 4992K, used 4818K [0x04400000, 0x04960000, 0x09950000)
  eden space 4480K, 100% used [0x04400000, 0x04860000, 0x04860000)
  from space 512K,  66% used [0x048e0000, 0x049348b8, 0x04960000)
  to   space 512K,   0% used [0x04860000, 0x04860000, 0x048e0000)
 tenured generation   total 10944K, used 6906K [0x09950000, 0x0a400000, 0x14400000)
   the space 10944K,  63% used [0x09950000, 0x0a00eb60, 0x0a00ec00, 0x0a400000)
 Metaspace       used 2133K, capacity 2949K, committed 3008K, reserved 4480K
Event: 18.967 GC heap after
Heap after GC invocations=113 (full 16):
 def new generation   total 4992K, used 241K [0x04400000, 0x04960000, 0x09950000)
  eden space 4480K,   0% used [0x04400000, 0x04400000, 0x04860000)
  from space 512K,  47% used [0x04860000, 0x0489c610, 0x048e0000)
  to   space 512K,   0% used [0x048e0000, 0x048e0000, 0x04960000)
 tenured generation   total 10944K, used 7816K [0x09950000, 0x0a400000, 0x14400000)
   the space 10944K,  71% used [0x09950000, 0x0a0f20c8, 0x0a0f2200, 0x0a400000)
 Metaspace       used 2133K, capacity 2949K, committed 3008K, reserved 4480K
}
Event: 19.132 GC heap before
{Heap before GC invocations=113 (full 16):
 def new generation   total 4992K, used 4522K [0x04400000, 0x04960000, 0x09950000)
  eden space 4480K,  95% used [0x04400000, 0x0482e3d8, 0x04860000)
  from space 512K,  47% used [0x04860000, 0x0489c610, 0x048e0000)
  to   space 512K,   0% used [0x048e0000, 0x048e0000, 0x04960000)
 tenured generation   total 10944K, used 7816K [0x09950000, 0x0a400000, 0x14400000)
   the space 10944K,  71% used [0x09950000, 0x0a0f20c8, 0x0a0f2200, 0x0a400000)
 Metaspace       used 2133K, capacity 2949K, committed 3008K, reserved 4480K
Event: 19.133 GC heap after
Heap after GC invocations=114 (full 16):
 def new generation   total 4992K, used 321K [0x04400000, 0x04960000, 0x09950000)
  eden space 4480K,   0% used [0x04400000, 0x04400000, 0x04860000)
  from space 512K,  62% used [0x048e0000, 0x049304f8, 0x04960000)
  to   space 512K,   0% used [0x04860000, 0x04860000, 0x048e0000)
 tenured generation   total 10944K, used 8641K [0x09950000, 0x0a400000, 0x14400000)
   the space 10944K,  78% used [0x09950000, 0x0a1c04f8, 0x0a1c0600, 0x0a400000)
 Metaspace       used 2133K, capacity 2949K, committed 3008K, reserved 4480K
}
Event: 19.234 GC heap before
{Heap before GC invocations=114 (full 16):
 def new generation   total 4992K, used 4735K [0x04400000, 0x04960000, 0x09950000)
  eden space 4480K,  98% used [0x04400000, 0x0484f938, 0x04860000)
  from space 512K,  62% used [0x048e0000, 0x049304f8, 0x04960000)
  to   space 512K,   0% used [0x04860000, 0x04860000, 0x048e0000)
 tenured generation   total 10944K, used 8641K [0x09950000, 0x0a400000, 0x14400000)
   the space 10944K,  78% used [0x09950000, 0x0a1c04f8, 0x0a1c0600, 0x0a400000)
 Metaspace       used 2133K, capacity 2949K, committed 3008K, reserved 4480K
Event: 19.234 GC heap after
Heap after GC invocations=115 (full 16):
 def new generation   total 4992K, used 314K [0x04400000, 0x04960000, 0x09950000)
  eden space 4480K,   0% used [0x04400000, 0x04400000, 0x04860000)
  from space 512K,  61% used [0x04860000, 0x048aeb88, 0x048e0000)
  to   space 512K,   0% used [0x048e0000, 0x048e0000, 0x04960000)
 tenured generation   total 10944K, used 9250K [0x09950000, 0x0a400000, 0x14400000)
   the space 10944K,  84% used [0x09950000, 0x0a258a18, 0x0a258c00, 0x0a400000)
 Metaspace       used 2133K, capacity 2949K, committed 3008K, reserved 4480K
}

