# JRE version: Java(TM) SE Runtime Environment (8.0_171-b11) (build 1.8.0_171-b11)
# Java VM: Java HotSpot(TM) Client VM (25.171-b11 mixed mode windows-x86 )
Heap:
 def new generation   total 8000K, used 1402K [0x05000000, 0x058a0000, 0x0a550000)
  eden space 7168K,  14% used [0x05000000, 0x0510a4d0, 0x05700000)
  from space 832K,  40% used [0x057d0000, 0x05824490, 0x058a0000)
  to   space 832K,   0% used [0x05700000, 0x05700000, 0x057d0000)
 tenured generation   total 17480K, used 15464K [0x0a550000, 0x0b662000, 0x15000000)
   the space 17480K,  88% used [0x0a550000, 0x0b46a0f0, 0x0b46a200, 0x0b662000)
 Metaspace       used 12187K, capacity 12390K, committed 12544K, reserved 12672K
GC Heap History (10 events):
Event: 639.100 GC heap before
{Heap before GC invocations=3231 (full 32):
 def new generation   total 8000K, used 7266K [0x05000000, 0x058a0000, 0x0a550000)
  eden space 7168K,  96% used [0x05000000, 0x056c2b98, 0x05700000)
  from space 832K,  41% used [0x05700000, 0x05755d98, 0x057d0000)
  to   space 832K,   0% used [0x057d0000, 0x057d0000, 0x058a0000)
 tenured generation   total 17480K, used 15453K [0x0a550000, 0x0b662000, 0x15000000)
   the space 17480K,  88% used [0x0a550000, 0x0b467530, 0x0b467600, 0x0b662000)
 Metaspace       used 12163K, capacity 12358K, committed 12544K, reserved 12672K
Event: 639.101 GC heap after
Heap after GC invocations=3232 (full 32):
 def new generation   total 8000K, used 394K [0x05000000, 0x058a0000, 0x0a550000)
  eden space 7168K,   0% used [0x05000000, 0x05000000, 0x05700000)
  from space 832K,  47% used [0x057d0000, 0x05832b08, 0x058a0000)
  to   space 832K,   0% used [0x05700000, 0x05700000, 0x057d0000)
 tenured generation   total 17480K, used 15453K [0x0a550000, 0x0b662000, 0x15000000)
   the space 17480K,  88% used [0x0a550000, 0x0b467530, 0x0b467600, 0x0b662000)
 Metaspace       used 12163K, capacity 12358K, committed 12544K, reserved 12672K
}
Event: 639.449 GC heap before
{Heap before GC invocations=3232 (full 32):
 def new generation   total 8000K, used 7562K [0x05000000, 0x058a0000, 0x0a550000)
  eden space 7168K, 100% used [0x05000000, 0x05700000, 0x05700000)
  from space 832K,  47% used [0x057d0000, 0x05832b08, 0x058a0000)
  to   space 832K,   0% used [0x05700000, 0x05700000, 0x057d0000)
 tenured generation   total 17480K, used 15453K [0x0a550000, 0x0b662000, 0x15000000)
   the space 17480K,  88% used [0x0a550000, 0x0b467530, 0x0b467600, 0x0b662000)
 Metaspace       used 12163K, capacity 12358K, committed 12544K, reserved 12672K
Event: 639.451 GC heap after
Heap after GC invocations=3233 (full 32):
 def new generation   total 8000K, used 570K [0x05000000, 0x058a0000, 0x0a550000)
  eden space 7168K,   0% used [0x05000000, 0x05000000, 0x05700000)
  from space 832K,  68% used [0x05700000, 0x0578eba8, 0x057d0000)
  to   space 832K,   0% used [0x057d0000, 0x057d0000, 0x058a0000)
 tenured generation   total 17480K, used 15453K [0x0a550000, 0x0b662000, 0x15000000)
   the space 17480K,  88% used [0x0a550000, 0x0b467530, 0x0b467600, 0x0b662000)
 Metaspace       used 12163K, capacity 12358K, committed 12544K, reserved 12672K
}
Event: 639.697 GC heap before
{Heap before GC invocations=3233 (full 32):
 def new generation   total 8000K, used 7712K [0x05000000, 0x058a0000, 0x0a550000)
  eden space 7168K,  99% used [0x05000000, 0x056f94f0, 0x05700000)
  from space 832K,  68% used [0x05700000, 0x0578eba8, 0x057d0000)
  to   space 832K,   0% used [0x057d0000, 0x057d0000, 0x058a0000)
 tenured generation   total 17480K, used 15453K [0x0a550000, 0x0b662000, 0x15000000)
   the space 17480K,  88% used [0x0a550000, 0x0b467530, 0x0b467600, 0x0b662000)
 Metaspace       used 12163K, capacity 12358K, committed 12544K, reserved 12672K
Event: 639.698 GC heap after
Heap after GC invocations=3234 (full 32):
 def new generation   total 8000K, used 23K [0x05000000, 0x058a0000, 0x0a550000)
  eden space 7168K,   0% used [0x05000000, 0x05000000, 0x05700000)
  from space 832K,   2% used [0x057d0000, 0x057d5ee0, 0x058a0000)
  to   space 832K,   0% used [0x05700000, 0x05700000, 0x057d0000)
 tenured generation   total 17480K, used 15464K [0x0a550000, 0x0b662000, 0x15000000)
   the space 17480K,  88% used [0x0a550000, 0x0b46a0f0, 0x0b46a200, 0x0b662000)
 Metaspace       used 12163K, capacity 12358K, committed 12544K, reserved 12672K
}
Event: 639.931 GC heap before
{Heap before GC invocations=3234 (full 32):
 def new generation   total 8000K, used 7132K [0x05000000, 0x058a0000, 0x0a550000)
  eden space 7168K,  99% used [0x05000000, 0x056f1438, 0x05700000)
  from space 832K,   2% used [0x057d0000, 0x057d5ee0, 0x058a0000)
  to   space 832K,   0% used [0x05700000, 0x05700000, 0x057d0000)
 tenured generation   total 17480K, used 15464K [0x0a550000, 0x0b662000, 0x15000000)
   the space 17480K,  88% used [0x0a550000, 0x0b46a0f0, 0x0b46a200, 0x0b662000)
 Metaspace       used 12163K, capacity 12358K, committed 12544K, reserved 12672K
Event: 639.931 GC heap after
Heap after GC invocations=3235 (full 32):
 def new generation   total 8000K, used 333K [0x05000000, 0x058a0000, 0x0a550000)
  eden space 7168K,   0% used [0x05000000, 0x05000000, 0x05700000)
  from space 832K,  40% used [0x05700000, 0x05753778, 0x057d0000)
  to   space 832K,   0% used [0x057d0000, 0x057d0000, 0x058a0000)
 tenured generation   total 17480K, used 15464K [0x0a550000, 0x0b662000, 0x15000000)
   the space 17480K,  88% used [0x0a550000, 0x0b46a0f0, 0x0b46a200, 0x0b662000)
 Metaspace       used 12163K, capacity 12358K, committed 12544K, reserved 12672K
}
Event: 640.209 GC heap before
{Heap before GC invocations=3235 (full 32):
 def new generation   total 8000K, used 7449K [0x05000000, 0x058a0000, 0x0a550000)
  eden space 7168K,  99% used [0x05000000, 0x056f2ff0, 0x05700000)
  from space 832K,  40% used [0x05700000, 0x05753778, 0x057d0000)
  to   space 832K,   0% used [0x057d0000, 0x057d0000, 0x058a0000)
 tenured generation   total 17480K, used 15464K [0x0a550000, 0x0b662000, 0x15000000)
   the space 17480K,  88% used [0x0a550000, 0x0b46a0f0, 0x0b46a200, 0x0b662000)
 Metaspace       used 12163K, capacity 12358K, committed 12544K, reserved 12672K
Event: 640.211 GC heap after
Heap after GC invocations=3236 (full 32):
 def new generation   total 8000K, used 337K [0x05000000, 0x058a0000, 0x0a550000)
  eden space 7168K,   0% used [0x05000000, 0x05000000, 0x05700000)
  from space 832K,  40% used [0x057d0000, 0x05824490, 0x058a0000)
  to   space 832K,   0% used [0x05700000, 0x05700000, 0x057d0000)
 tenured generation   total 17480K, used 15464K [0x0a550000, 0x0b662000, 0x15000000)
   the space 17480K,  88% used [0x0a550000, 0x0b46a0f0, 0x0b46a200, 0x0b662000)
 Metaspace       used 12163K, capacity 12358K, committed 12544K, reserved 12672K
}

