# JRE version: Java(TM) SE Runtime Environment (8.0_171-b11) (build 1.8.0_171-b11)
# Java VM: Java HotSpot(TM) Client VM (25.171-b11 mixed mode windows-x86 )
Heap:
 def new generation   total 17920K, used 9327K [0x04c00000, 0x05f70000, 0x0a150000)
  eden space 15936K,  50% used [0x04c00000, 0x053dd2e8, 0x05b90000)
  from space 1984K,  64% used [0x05d80000, 0x05ebec10, 0x05f70000)
  to   space 1984K,   0% used [0x05b90000, 0x05b90000, 0x05d80000)
 tenured generation   total 39728K, used 20184K [0x0a150000, 0x0c81c000, 0x14c00000)
   the space 39728K,  50% used [0x0a150000, 0x0b506280, 0x0b506400, 0x0c81c000)
 Metaspace       used 9653K, capacity 9854K, committed 9984K, reserved 10624K
GC Heap History (10 events):
Event: 24.543 GC heap before
{Heap before GC invocations=254 (full 40):
 def new generation   total 17920K, used 16565K [0x04c00000, 0x05f70000, 0x0a150000)
  eden space 15936K,  95% used [0x04c00000, 0x05aecbe0, 0x05b90000)
  from space 1984K,  64% used [0x05b90000, 0x05cd0aa8, 0x05d80000)
  to   space 1984K,   0% used [0x05d80000, 0x05d80000, 0x05f70000)
 tenured generation   total 39728K, used 33684K [0x0a150000, 0x0c81c000, 0x14c00000)
   the space 39728K,  84% used [0x0a150000, 0x0c235110, 0x0c235200, 0x0c81c000)
 Metaspace       used 9629K, capacity 9822K, committed 9856K, reserved 10624K
Event: 24.544 GC heap after
Heap after GC invocations=255 (full 40):
 def new generation   total 17920K, used 1288K [0x04c00000, 0x05f70000, 0x0a150000)
  eden space 15936K,   0% used [0x04c00000, 0x04c00000, 0x05b90000)
  from space 1984K,  64% used [0x05d80000, 0x05ec2300, 0x05f70000)
  to   space 1984K,   0% used [0x05b90000, 0x05b90000, 0x05d80000)
 tenured generation   total 39728K, used 33693K [0x0a150000, 0x0c81c000, 0x14c00000)
   the space 39728K,  84% used [0x0a150000, 0x0c2374a0, 0x0c237600, 0x0c81c000)
 Metaspace       used 9629K, capacity 9822K, committed 9856K, reserved 10624K
}
Event: 24.621 GC heap before
{Heap before GC invocations=255 (full 40):
 def new generation   total 17920K, used 17190K [0x04c00000, 0x05f70000, 0x0a150000)
  eden space 15936K,  99% used [0x04c00000, 0x05b87788, 0x05b90000)
  from space 1984K,  64% used [0x05d80000, 0x05ec2300, 0x05f70000)
  to   space 1984K,   0% used [0x05b90000, 0x05b90000, 0x05d80000)
 tenured generation   total 39728K, used 33693K [0x0a150000, 0x0c81c000, 0x14c00000)
   the space 39728K,  84% used [0x0a150000, 0x0c2374a0, 0x0c237600, 0x0c81c000)
 Metaspace       used 9629K, capacity 9822K, committed 9856K, reserved 10624K
Event: 24.623 GC heap after
Heap after GC invocations=256 (full 40):
 def new generation   total 17920K, used 1294K [0x04c00000, 0x05f70000, 0x0a150000)
  eden space 15936K,   0% used [0x04c00000, 0x04c00000, 0x05b90000)
  from space 1984K,  65% used [0x05b90000, 0x05cd3b88, 0x05d80000)
  to   space 1984K,   0% used [0x05d80000, 0x05d80000, 0x05f70000)
 tenured generation   total 39728K, used 36121K [0x0a150000, 0x0c81c000, 0x14c00000)
   the space 39728K,  90% used [0x0a150000, 0x0c4964d8, 0x0c496600, 0x0c81c000)
 Metaspace       used 9629K, capacity 9822K, committed 9856K, reserved 10624K
}
Event: 24.765 GC heap before
{Heap before GC invocations=256 (full 40):
 def new generation   total 17920K, used 17230K [0x04c00000, 0x05f70000, 0x0a150000)
  eden space 15936K, 100% used [0x04c00000, 0x05b90000, 0x05b90000)
  from space 1984K,  65% used [0x05b90000, 0x05cd3b88, 0x05d80000)
  to   space 1984K,   0% used [0x05d80000, 0x05d80000, 0x05f70000)
 tenured generation   total 39728K, used 36121K [0x0a150000, 0x0c81c000, 0x14c00000)
   the space 39728K,  90% used [0x0a150000, 0x0c4964d8, 0x0c496600, 0x0c81c000)
 Metaspace       used 9629K, capacity 9822K, committed 9856K, reserved 10624K
Event: 24.783 GC heap after
Heap after GC invocations=257 (full 41):
 def new generation   total 17920K, used 0K [0x04c00000, 0x05f70000, 0x0a150000)
  eden space 15936K,   0% used [0x04c00000, 0x04c00000, 0x05b90000)
  from space 1984K,   0% used [0x05d80000, 0x05d80000, 0x05f70000)
  to   space 1984K,   0% used [0x05b90000, 0x05b90000, 0x05d80000)
 tenured generation   total 39728K, used 13256K [0x0a150000, 0x0c81c000, 0x14c00000)
   the space 39728K,  33% used [0x0a150000, 0x0ae421d0, 0x0ae42200, 0x0c81c000)
 Metaspace       used 9629K, capacity 9822K, committed 9856K, reserved 10624K
}
Event: 24.877 GC heap before
{Heap before GC invocations=257 (full 41):
 def new generation   total 17920K, used 15222K [0x04c00000, 0x05f70000, 0x0a150000)
  eden space 15936K,  95% used [0x04c00000, 0x05add858, 0x05b90000)
  from space 1984K,   0% used [0x05d80000, 0x05d80000, 0x05f70000)
  to   space 1984K,   0% used [0x05b90000, 0x05b90000, 0x05d80000)
 tenured generation   total 39728K, used 13256K [0x0a150000, 0x0c81c000, 0x14c00000)
   the space 39728K,  33% used [0x0a150000, 0x0ae421d0, 0x0ae42200, 0x0c81c000)
 Metaspace       used 9629K, capacity 9822K, committed 9856K, reserved 10624K
Event: 24.878 GC heap after
Heap after GC invocations=258 (full 41):
 def new generation   total 17920K, used 1288K [0x04c00000, 0x05f70000, 0x0a150000)
  eden space 15936K,   0% used [0x04c00000, 0x04c00000, 0x05b90000)
  from space 1984K,  64% used [0x05b90000, 0x05cd2398, 0x05d80000)
  to   space 1984K,   0% used [0x05d80000, 0x05d80000, 0x05f70000)
 tenured generation   total 39728K, used 14456K [0x0a150000, 0x0c81c000, 0x14c00000)
   the space 39728K,  36% used [0x0a150000, 0x0af6e1e0, 0x0af6e200, 0x0c81c000)
 Metaspace       used 9629K, capacity 9822K, committed 9856K, reserved 10624K
}
Event: 24.996 GC heap before
{Heap before GC invocations=258 (full 41):
 def new generation   total 17920K, used 17224K [0x04c00000, 0x05f70000, 0x0a150000)
  eden space 15936K, 100% used [0x04c00000, 0x05b90000, 0x05b90000)
  from space 1984K,  64% used [0x05b90000, 0x05cd2398, 0x05d80000)
  to   space 1984K,   0% used [0x05d80000, 0x05d80000, 0x05f70000)
 tenured generation   total 39728K, used 14456K [0x0a150000, 0x0c81c000, 0x14c00000)
   the space 39728K,  36% used [0x0a150000, 0x0af6e1e0, 0x0af6e200, 0x0c81c000)
 Metaspace       used 9629K, capacity 9822K, committed 9856K, reserved 10624K
Event: 24.998 GC heap after
Heap after GC invocations=259 (full 41):
 def new generation   total 17920K, used 1275K [0x04c00000, 0x05f70000, 0x0a150000)
  eden space 15936K,   0% used [0x04c00000, 0x04c00000, 0x05b90000)
  from space 1984K,  64% used [0x05d80000, 0x05ebec10, 0x05f70000)
  to   space 1984K,   0% used [0x05b90000, 0x05b90000, 0x05d80000)
 tenured generation   total 39728K, used 20184K [0x0a150000, 0x0c81c000, 0x14c00000)
   the space 39728K,  50% used [0x0a150000, 0x0b506280, 0x0b506400, 0x0c81c000)
 Metaspace       used 9629K, capacity 9822K, committed 9856K, reserved 10624K
}

