# JRE version: Java(TM) SE Runtime Environment (8.0_171-b11) (build 1.8.0_171-b11)
# Java VM: Java HotSpot(TM) Client VM (25.171-b11 mixed mode, sharing windows-x86 )
Heap:
 def new generation   total 8896K, used 3768K [0x04800000, 0x051a0000, 0x09d50000)
  eden space 7936K,  35% used [0x04800000, 0x04ac0ff8, 0x04fc0000)
  from space 960K,  98% used [0x04fc0000, 0x050ad010, 0x050b0000)
  to   space 960K,   0% used [0x050b0000, 0x050b0000, 0x051a0000)
 tenured generation   total 19616K, used 14160K [0x09d50000, 0x0b078000, 0x14800000)
   the space 19616K,  72% used [0x09d50000, 0x0ab24250, 0x0ab24400, 0x0b078000)
 Metaspace       used 2162K, capacity 2961K, committed 3008K, reserved 4480K
GC Heap History (10 events):
Event: 3.836 GC heap before
{Heap before GC invocations=64 (full 12):
 def new generation   total 8896K, used 8874K [0x04800000, 0x051a0000, 0x09d50000)
  eden space 7936K, 100% used [0x04800000, 0x04fc0000, 0x04fc0000)
  from space 960K,  97% used [0x050b0000, 0x0519a8e0, 0x051a0000)
  to   space 960K,   0% used [0x04fc0000, 0x04fc0000, 0x050b0000)
 tenured generation   total 19616K, used 14131K [0x09d50000, 0x0b078000, 0x14800000)
   the space 19616K,  72% used [0x09d50000, 0x0ab1cf10, 0x0ab1d000, 0x0b078000)
 Metaspace       used 2138K, capacity 2961K, committed 3008K, reserved 4480K
Event: 3.837 GC heap after
Heap after GC invocations=65 (full 12):
 def new generation   total 8896K, used 948K [0x04800000, 0x051a0000, 0x09d50000)
  eden space 7936K,   0% used [0x04800000, 0x04800000, 0x04fc0000)
  from space 960K,  98% used [0x04fc0000, 0x050ad0e8, 0x050b0000)
  to   space 960K,   0% used [0x050b0000, 0x050b0000, 0x051a0000)
 tenured generation   total 19616K, used 16559K [0x09d50000, 0x0b078000, 0x14800000)
   the space 19616K,  84% used [0x09d50000, 0x0ad7bed0, 0x0ad7c000, 0x0b078000)
 Metaspace       used 2138K, capacity 2961K, committed 3008K, reserved 4480K
}
Event: 3.863 GC heap before
{Heap before GC invocations=65 (full 12):
 def new generation   total 8896K, used 8682K [0x04800000, 0x051a0000, 0x09d50000)
  eden space 7936K,  97% used [0x04800000, 0x04f8d738, 0x04fc0000)
  from space 960K,  98% used [0x04fc0000, 0x050ad0e8, 0x050b0000)
  to   space 960K,   0% used [0x050b0000, 0x050b0000, 0x051a0000)
 tenured generation   total 19616K, used 16559K [0x09d50000, 0x0b078000, 0x14800000)
   the space 19616K,  84% used [0x09d50000, 0x0ad7bed0, 0x0ad7c000, 0x0b078000)
 Metaspace       used 2138K, capacity 2961K, committed 3008K, reserved 4480K
Event: 3.863 GC heap after
Heap after GC invocations=66 (full 12):
 def new generation   total 8896K, used 58K [0x04800000, 0x051a0000, 0x09d50000)
  eden space 7936K,   0% used [0x04800000, 0x04800000, 0x04fc0000)
  from space 960K,   6% used [0x050b0000, 0x050be8b8, 0x051a0000)
  to   space 960K,   0% used [0x04fc0000, 0x04fc0000, 0x050b0000)
 tenured generation   total 19616K, used 16587K [0x09d50000, 0x0b078000, 0x14800000)
   the space 19616K,  84% used [0x09d50000, 0x0ad82f98, 0x0ad83000, 0x0b078000)
 Metaspace       used 2138K, capacity 2961K, committed 3008K, reserved 4480K
}
Event: 3.935 GC heap before
{Heap before GC invocations=66 (full 12):
 def new generation   total 8896K, used 7994K [0x04800000, 0x051a0000, 0x09d50000)
  eden space 7936K, 100% used [0x04800000, 0x04fc0000, 0x04fc0000)
  from space 960K,   6% used [0x050b0000, 0x050be8b8, 0x051a0000)
  to   space 960K,   0% used [0x04fc0000, 0x04fc0000, 0x050b0000)
 tenured generation   total 19616K, used 16587K [0x09d50000, 0x0b078000, 0x14800000)
   the space 19616K,  84% used [0x09d50000, 0x0ad82f98, 0x0ad83000, 0x0b078000)
 Metaspace       used 2138K, capacity 2961K, committed 3008K, reserved 4480K
Event: 3.942 GC heap after
Heap after GC invocations=67 (full 13):
 def new generation   total 8896K, used 0K [0x04800000, 0x051a0000, 0x09d50000)
  eden space 7936K,   0% used [0x04800000, 0x04800000, 0x04fc0000)
  from space 960K,   0% used [0x04fc0000, 0x04fc0000, 0x050b0000)
  to   space 960K,   0% used [0x050b0000, 0x050b0000, 0x051a0000)
 tenured generation   total 19616K, used 10560K [0x09d50000, 0x0b078000, 0x14800000)
   the space 19616K,  53% used [0x09d50000, 0x0a7a0220, 0x0a7a0400, 0x0b078000)
 Metaspace       used 2138K, capacity 2961K, committed 3008K, reserved 4480K
}
Event: 3.978 GC heap before
{Heap before GC invocations=67 (full 13):
 def new generation   total 8896K, used 7697K [0x04800000, 0x051a0000, 0x09d50000)
  eden space 7936K,  96% used [0x04800000, 0x04f84768, 0x04fc0000)
  from space 960K,   0% used [0x04fc0000, 0x04fc0000, 0x050b0000)
  to   space 960K,   0% used [0x050b0000, 0x050b0000, 0x051a0000)
 tenured generation   total 19616K, used 10560K [0x09d50000, 0x0b078000, 0x14800000)
   the space 19616K,  53% used [0x09d50000, 0x0a7a0220, 0x0a7a0400, 0x0b078000)
 Metaspace       used 2138K, capacity 2961K, committed 3008K, reserved 4480K
Event: 3.979 GC heap after
Heap after GC invocations=68 (full 13):
 def new generation   total 8896K, used 61K [0x04800000, 0x051a0000, 0x09d50000)
  eden space 7936K,   0% used [0x04800000, 0x04800000, 0x04fc0000)
  from space 960K,   6% used [0x050b0000, 0x050bf428, 0x051a0000)
  to   space 960K,   0% used [0x04fc0000, 0x04fc0000, 0x050b0000)
 tenured generation   total 19616K, used 11760K [0x09d50000, 0x0b078000, 0x14800000)
   the space 19616K,  59% used [0x09d50000, 0x0a8cc230, 0x0a8cc400, 0x0b078000)
 Metaspace       used 2138K, capacity 2961K, committed 3008K, reserved 4480K
}
Event: 4.027 GC heap before
{Heap before GC invocations=68 (full 13):
 def new generation   total 8896K, used 7997K [0x04800000, 0x051a0000, 0x09d50000)
  eden space 7936K, 100% used [0x04800000, 0x04fc0000, 0x04fc0000)
  from space 960K,   6% used [0x050b0000, 0x050bf428, 0x051a0000)
  to   space 960K,   0% used [0x04fc0000, 0x04fc0000, 0x050b0000)
 tenured generation   total 19616K, used 11760K [0x09d50000, 0x0b078000, 0x14800000)
   the space 19616K,  59% used [0x09d50000, 0x0a8cc230, 0x0a8cc400, 0x0b078000)
 Metaspace       used 2160K, capacity 2961K, committed 3008K, reserved 4480K
Event: 4.030 GC heap after
Heap after GC invocations=69 (full 13):
 def new generation   total 8896K, used 948K [0x04800000, 0x051a0000, 0x09d50000)
  eden space 7936K,   0% used [0x04800000, 0x04800000, 0x04fc0000)
  from space 960K,  98% used [0x04fc0000, 0x050ad010, 0x050b0000)
  to   space 960K,   0% used [0x050b0000, 0x050b0000, 0x051a0000)
 tenured generation   total 19616K, used 14160K [0x09d50000, 0x0b078000, 0x14800000)
   the space 19616K,  72% used [0x09d50000, 0x0ab24250, 0x0ab24400, 0x0b078000)
 Metaspace       used 2160K, capacity 2961K, committed 3008K, reserved 4480K
}

