# JRE version: Java(TM) SE Runtime Environment (8.0_171-b11) (build 1.8.0_171-b11)
# Java VM: Java HotSpot(TM) Client VM (25.171-b11 mixed mode windows-x86 )
Heap:
 def new generation   total 20288K, used 10492K [0x04a00000, 0x06000000, 0x09f50000)
  eden space 18048K,  50% used [0x04a00000, 0x052ec290, 0x05ba0000)
  from space 2240K,  60% used [0x05ba0000, 0x05cf2dc0, 0x05dd0000)
  to   space 2240K,   0% used [0x05dd0000, 0x05dd0000, 0x06000000)
 tenured generation   total 44964K, used 35389K [0x09f50000, 0x0cb39000, 0x14a00000)
   the space 44964K,  78% used [0x09f50000, 0x0c1df4b8, 0x0c1df600, 0x0cb39000)
 Metaspace       used 11688K, capacity 11908K, committed 12032K, reserved 12672K
GC Heap History (10 events):
Event: 242.093 GC heap before
{Heap before GC invocations=3260 (full 456):
 def new generation   total 20288K, used 17722K [0x04a00000, 0x06000000, 0x09f50000)
  eden space 18048K,  98% used [0x04a00000, 0x05b4eb50, 0x05ba0000)
  from space 2240K,   0% used [0x05dd0000, 0x05dd0000, 0x06000000)
  to   space 2240K,   0% used [0x05ba0000, 0x05ba0000, 0x05dd0000)
 tenured generation   total 44964K, used 20741K [0x09f50000, 0x0cb39000, 0x14a00000)
   the space 44964K,  46% used [0x09f50000, 0x0b3915f0, 0x0b391600, 0x0cb39000)
 Metaspace       used 11664K, capacity 11876K, committed 12032K, reserved 12672K
Event: 242.094 GC heap after
Heap after GC invocations=3261 (full 456):
 def new generation   total 20288K, used 1316K [0x04a00000, 0x06000000, 0x09f50000)
  eden space 18048K,   0% used [0x04a00000, 0x04a00000, 0x05ba0000)
  from space 2240K,  58% used [0x05ba0000, 0x05ce91f0, 0x05dd0000)
  to   space 2240K,   0% used [0x05dd0000, 0x05dd0000, 0x06000000)
 tenured generation   total 44964K, used 23141K [0x09f50000, 0x0cb39000, 0x14a00000)
   the space 44964K,  51% used [0x09f50000, 0x0b5e9610, 0x0b5e9800, 0x0cb39000)
 Metaspace       used 11664K, capacity 11876K, committed 12032K, reserved 12672K
}
Event: 242.193 GC heap before
{Heap before GC invocations=3261 (full 456):
 def new generation   total 20288K, used 19364K [0x04a00000, 0x06000000, 0x09f50000)
  eden space 18048K, 100% used [0x04a00000, 0x05ba0000, 0x05ba0000)
  from space 2240K,  58% used [0x05ba0000, 0x05ce91f0, 0x05dd0000)
  to   space 2240K,   0% used [0x05dd0000, 0x05dd0000, 0x06000000)
 tenured generation   total 44964K, used 23141K [0x09f50000, 0x0cb39000, 0x14a00000)
   the space 44964K,  51% used [0x09f50000, 0x0b5e9610, 0x0b5e9800, 0x0cb39000)
 Metaspace       used 11664K, capacity 11876K, committed 12032K, reserved 12672K
Event: 242.195 GC heap after
Heap after GC invocations=3262 (full 456):
 def new generation   total 20288K, used 2232K [0x04a00000, 0x06000000, 0x09f50000)
  eden space 18048K,   0% used [0x04a00000, 0x04a00000, 0x05ba0000)
  from space 2240K,  99% used [0x05dd0000, 0x05ffe390, 0x06000000)
  to   space 2240K,   0% used [0x05ba0000, 0x05ba0000, 0x05dd0000)
 tenured generation   total 44964K, used 26796K [0x09f50000, 0x0cb39000, 0x14a00000)
   the space 44964K,  59% used [0x09f50000, 0x0b97b2b8, 0x0b97b400, 0x0cb39000)
 Metaspace       used 11664K, capacity 11876K, committed 12032K, reserved 12672K
}
Event: 242.304 GC heap before
{Heap before GC invocations=3262 (full 456):
 def new generation   total 20288K, used 20280K [0x04a00000, 0x06000000, 0x09f50000)
  eden space 18048K, 100% used [0x04a00000, 0x05ba0000, 0x05ba0000)
  from space 2240K,  99% used [0x05dd0000, 0x05ffe390, 0x06000000)
  to   space 2240K,   0% used [0x05ba0000, 0x05ba0000, 0x05dd0000)
 tenured generation   total 44964K, used 26796K [0x09f50000, 0x0cb39000, 0x14a00000)
   the space 44964K,  59% used [0x09f50000, 0x0b97b2b8, 0x0b97b400, 0x0cb39000)
 Metaspace       used 11664K, capacity 11876K, committed 12032K, reserved 12672K
Event: 242.307 GC heap after
Heap after GC invocations=3263 (full 456):
 def new generation   total 20288K, used 2224K [0x04a00000, 0x06000000, 0x09f50000)
  eden space 18048K,   0% used [0x04a00000, 0x04a00000, 0x05ba0000)
  from space 2240K,  99% used [0x05ba0000, 0x05dcc0c8, 0x05dd0000)
  to   space 2240K,   0% used [0x05dd0000, 0x05dd0000, 0x06000000)
 tenured generation   total 44964K, used 29279K [0x09f50000, 0x0cb39000, 0x14a00000)
   the space 44964K,  65% used [0x09f50000, 0x0bbe7c98, 0x0bbe7e00, 0x0cb39000)
 Metaspace       used 11664K, capacity 11876K, committed 12032K, reserved 12672K
}
Event: 242.376 GC heap before
{Heap before GC invocations=3263 (full 456):
 def new generation   total 20288K, used 19781K [0x04a00000, 0x06000000, 0x09f50000)
  eden space 18048K,  97% used [0x04a00000, 0x05b25720, 0x05ba0000)
  from space 2240K,  99% used [0x05ba0000, 0x05dcc0c8, 0x05dd0000)
  to   space 2240K,   0% used [0x05dd0000, 0x05dd0000, 0x06000000)
 tenured generation   total 44964K, used 29279K [0x09f50000, 0x0cb39000, 0x14a00000)
   the space 44964K,  65% used [0x09f50000, 0x0bbe7c98, 0x0bbe7e00, 0x0cb39000)
 Metaspace       used 11664K, capacity 11876K, committed 12032K, reserved 12672K
Event: 242.377 GC heap after
Heap after GC invocations=3264 (full 456):
 def new generation   total 20288K, used 1258K [0x04a00000, 0x06000000, 0x09f50000)
  eden space 18048K,   0% used [0x04a00000, 0x04a00000, 0x05ba0000)
  from space 2240K,  56% used [0x05dd0000, 0x05f0aa98, 0x06000000)
  to   space 2240K,   0% used [0x05ba0000, 0x05ba0000, 0x05dd0000)
 tenured generation   total 44964K, used 31734K [0x09f50000, 0x0cb39000, 0x14a00000)
   the space 44964K,  70% used [0x09f50000, 0x0be4d8b8, 0x0be4da00, 0x0cb39000)
 Metaspace       used 11664K, capacity 11876K, committed 12032K, reserved 12672K
}
Event: 242.506 GC heap before
{Heap before GC invocations=3264 (full 456):
 def new generation   total 20288K, used 18805K [0x04a00000, 0x06000000, 0x09f50000)
  eden space 18048K,  97% used [0x04a00000, 0x05b22d10, 0x05ba0000)
  from space 2240K,  56% used [0x05dd0000, 0x05f0aa98, 0x06000000)
  to   space 2240K,   0% used [0x05ba0000, 0x05ba0000, 0x05dd0000)
 tenured generation   total 44964K, used 31734K [0x09f50000, 0x0cb39000, 0x14a00000)
   the space 44964K,  70% used [0x09f50000, 0x0be4d8b8, 0x0be4da00, 0x0cb39000)
 Metaspace       used 11687K, capacity 11908K, committed 12032K, reserved 12672K
Event: 242.508 GC heap after
Heap after GC invocations=3265 (full 456):
 def new generation   total 20288K, used 1355K [0x04a00000, 0x06000000, 0x09f50000)
  eden space 18048K,   0% used [0x04a00000, 0x04a00000, 0x05ba0000)
  from space 2240K,  60% used [0x05ba0000, 0x05cf2dc0, 0x05dd0000)
  to   space 2240K,   0% used [0x05dd0000, 0x05dd0000, 0x06000000)
 tenured generation   total 44964K, used 35389K [0x09f50000, 0x0cb39000, 0x14a00000)
   the space 44964K,  78% used [0x09f50000, 0x0c1df4b8, 0x0c1df600, 0x0cb39000)
 Metaspace       used 11687K, capacity 11908K, committed 12032K, reserved 12672K
}

