# JRE version: Java(TM) SE Runtime Environment (8.0_171-b11) (build 1.8.0_171-b11)
# Java VM: Java HotSpot(TM) Client VM (25.171-b11 mixed mode windows-x86 )
Heap:
 def new generation   total 12544K, used 5745K [0x05200000, 0x05f90000, 0x0a750000)
  eden space 11200K,  40% used [0x05200000, 0x056691c8, 0x05cf0000)
  from space 1344K,  91% used [0x05e40000, 0x05f73488, 0x05f90000)
  to   space 1344K,   0% used [0x05cf0000, 0x05cf0000, 0x05e40000)
 tenured generation   total 27656K, used 22805K [0x0a750000, 0x0c252000, 0x15200000)
   the space 27656K,  82% used [0x0a750000, 0x0bd95538, 0x0bd95600, 0x0c252000)
 Metaspace       used 8770K, capacity 8946K, committed 9088K, reserved 9600K
GC Heap History (10 events):
Event: 143.323 GC heap before
{Heap before GC invocations=2384 (full 336):
 def new generation   total 12544K, used 12481K [0x05200000, 0x05f90000, 0x0a750000)
  eden space 11200K, 100% used [0x05200000, 0x05cf0000, 0x05cf0000)
  from space 1344K,  95% used [0x05cf0000, 0x05e30728, 0x05e40000)
  to   space 1344K,   0% used [0x05e40000, 0x05e40000, 0x05f90000)
 tenured generation   total 27656K, used 10989K [0x0a750000, 0x0c252000, 0x15200000)
   the space 27656K,  39% used [0x0a750000, 0x0b20b610, 0x0b20b800, 0x0c252000)
 Metaspace       used 8746K, capacity 8914K, committed 8960K, reserved 9600K
Event: 143.325 GC heap after
Heap after GC invocations=2385 (full 336):
 def new generation   total 12544K, used 911K [0x05200000, 0x05f90000, 0x0a750000)
  eden space 11200K,   0% used [0x05200000, 0x05200000, 0x05cf0000)
  from space 1344K,  67% used [0x05e40000, 0x05f23f60, 0x05f90000)
  to   space 1344K,   0% used [0x05cf0000, 0x05cf0000, 0x05e40000)
 tenured generation   total 27656K, used 13445K [0x0a750000, 0x0c252000, 0x15200000)
   the space 27656K,  48% used [0x0a750000, 0x0b471790, 0x0b471800, 0x0c252000)
 Metaspace       used 8746K, capacity 8914K, committed 8960K, reserved 9600K
}
Event: 143.385 GC heap before
{Heap before GC invocations=2385 (full 336):
 def new generation   total 12544K, used 12111K [0x05200000, 0x05f90000, 0x0a750000)
  eden space 11200K, 100% used [0x05200000, 0x05cf0000, 0x05cf0000)
  from space 1344K,  67% used [0x05e40000, 0x05f23f60, 0x05f90000)
  to   space 1344K,   0% used [0x05cf0000, 0x05cf0000, 0x05e40000)
 tenured generation   total 27656K, used 13445K [0x0a750000, 0x0c252000, 0x15200000)
   the space 27656K,  48% used [0x0a750000, 0x0b471790, 0x0b471800, 0x0c252000)
 Metaspace       used 8746K, capacity 8914K, committed 8960K, reserved 9600K
Event: 143.387 GC heap after
Heap after GC invocations=2386 (full 336):
 def new generation   total 12544K, used 940K [0x05200000, 0x05f90000, 0x0a750000)
  eden space 11200K,   0% used [0x05200000, 0x05200000, 0x05cf0000)
  from space 1344K,  69% used [0x05cf0000, 0x05ddb2f0, 0x05e40000)
  to   space 1344K,   0% used [0x05e40000, 0x05e40000, 0x05f90000)
 tenured generation   total 27656K, used 19147K [0x0a750000, 0x0c252000, 0x15200000)
   the space 27656K,  69% used [0x0a750000, 0x0ba02e08, 0x0ba03000, 0x0c252000)
 Metaspace       used 8746K, capacity 8914K, committed 8960K, reserved 9600K
}
Event: 143.444 GC heap before
{Heap before GC invocations=2386 (full 336):
 def new generation   total 12544K, used 12140K [0x05200000, 0x05f90000, 0x0a750000)
  eden space 11200K, 100% used [0x05200000, 0x05cf0000, 0x05cf0000)
  from space 1344K,  69% used [0x05cf0000, 0x05ddb2f0, 0x05e40000)
  to   space 1344K,   0% used [0x05e40000, 0x05e40000, 0x05f90000)
 tenured generation   total 27656K, used 19147K [0x0a750000, 0x0c252000, 0x15200000)
   the space 27656K,  69% used [0x0a750000, 0x0ba02e08, 0x0ba03000, 0x0c252000)
 Metaspace       used 8746K, capacity 8914K, committed 8960K, reserved 9600K
Event: 143.445 GC heap after
Heap after GC invocations=2387 (full 336):
 def new generation   total 12544K, used 948K [0x05200000, 0x05f90000, 0x0a750000)
  eden space 11200K,   0% used [0x05200000, 0x05200000, 0x05cf0000)
  from space 1344K,  70% used [0x05e40000, 0x05f2d070, 0x05f90000)
  to   space 1344K,   0% used [0x05cf0000, 0x05cf0000, 0x05e40000)
 tenured generation   total 27656K, used 21576K [0x0a750000, 0x0c252000, 0x15200000)
   the space 27656K,  78% used [0x0a750000, 0x0bc62088, 0x0bc62200, 0x0c252000)
 Metaspace       used 8746K, capacity 8914K, committed 8960K, reserved 9600K
}
Event: 143.486 GC heap before
{Heap before GC invocations=2387 (full 336):
 def new generation   total 12544K, used 11239K [0x05200000, 0x05f90000, 0x0a750000)
  eden space 11200K,  91% used [0x05200000, 0x05c0ced0, 0x05cf0000)
  from space 1344K,  70% used [0x05e40000, 0x05f2d070, 0x05f90000)
  to   space 1344K,   0% used [0x05cf0000, 0x05cf0000, 0x05e40000)
 tenured generation   total 27656K, used 21576K [0x0a750000, 0x0c252000, 0x15200000)
   the space 27656K,  78% used [0x0a750000, 0x0bc62088, 0x0bc62200, 0x0c252000)
 Metaspace       used 8746K, capacity 8914K, committed 8960K, reserved 9600K
Event: 143.487 GC heap after
Heap after GC invocations=2388 (full 336):
 def new generation   total 12544K, used 1260K [0x05200000, 0x05f90000, 0x0a750000)
  eden space 11200K,   0% used [0x05200000, 0x05200000, 0x05cf0000)
  from space 1344K,  93% used [0x05cf0000, 0x05e2b3f0, 0x05e40000)
  to   space 1344K,   0% used [0x05e40000, 0x05e40000, 0x05f90000)
 tenured generation   total 27656K, used 21604K [0x0a750000, 0x0c252000, 0x15200000)
   the space 27656K,  78% used [0x0a750000, 0x0bc69038, 0x0bc69200, 0x0c252000)
 Metaspace       used 8746K, capacity 8914K, committed 8960K, reserved 9600K
}
Event: 143.535 GC heap before
{Heap before GC invocations=2388 (full 336):
 def new generation   total 12544K, used 11805K [0x05200000, 0x05f90000, 0x0a750000)
  eden space 11200K,  94% used [0x05200000, 0x05c4c3d8, 0x05cf0000)
  from space 1344K,  93% used [0x05cf0000, 0x05e2b3f0, 0x05e40000)
  to   space 1344K,   0% used [0x05e40000, 0x05e40000, 0x05f90000)
 tenured generation   total 27656K, used 21604K [0x0a750000, 0x0c252000, 0x15200000)
   the space 27656K,  78% used [0x0a750000, 0x0bc69038, 0x0bc69200, 0x0c252000)
 Metaspace       used 8746K, capacity 8914K, committed 8960K, reserved 9600K
Event: 143.536 GC heap after
Heap after GC invocations=2389 (full 336):
 def new generation   total 12544K, used 1229K [0x05200000, 0x05f90000, 0x0a750000)
  eden space 11200K,   0% used [0x05200000, 0x05200000, 0x05cf0000)
  from space 1344K,  91% used [0x05e40000, 0x05f73488, 0x05f90000)
  to   space 1344K,   0% used [0x05cf0000, 0x05cf0000, 0x05e40000)
 tenured generation   total 27656K, used 22805K [0x0a750000, 0x0c252000, 0x15200000)
   the space 27656K,  82% used [0x0a750000, 0x0bd95538, 0x0bd95600, 0x0c252000)
 Metaspace       used 8746K, capacity 8914K, committed 8960K, reserved 9600K
}

