# JRE version: Java(TM) SE Runtime Environment (8.0_171-b11) (build 1.8.0_171-b11)
# Java VM: Java HotSpot(TM) Client VM (25.171-b11 mixed mode, sharing windows-x86 )
Heap:
 def new generation   total 4992K, used 4162K [0x04400000, 0x04960000, 0x09950000)
  eden space 4480K,  85% used [0x04400000, 0x047c03a0, 0x04860000)
  from space 512K,  62% used [0x04860000, 0x048b0768, 0x048e0000)
  to   space 512K,   0% used [0x048e0000, 0x048e0000, 0x04960000)
 tenured generation   total 10944K, used 10419K [0x09950000, 0x0a400000, 0x14400000)
   the space 10944K,  95% used [0x09950000, 0x0a37cf90, 0x0a37d000, 0x0a400000)
 Metaspace       used 2161K, capacity 2961K, committed 3008K, reserved 4480K
GC Heap History (10 events):
Event: 5.567 GC heap before
{Heap before GC invocations=30 (full 4):
 def new generation   total 4992K, used 4745K [0x04400000, 0x04960000, 0x09950000)
  eden space 4480K, 100% used [0x04400000, 0x04860000, 0x04860000)
  from space 512K,  51% used [0x048e0000, 0x04922410, 0x04960000)
  to   space 512K,   0% used [0x04860000, 0x04860000, 0x048e0000)
 tenured generation   total 10944K, used 6573K [0x09950000, 0x0a400000, 0x14400000)
   the space 10944K,  60% used [0x09950000, 0x09fbb610, 0x09fbb800, 0x0a400000)
 Metaspace       used 2137K, capacity 2961K, committed 3008K, reserved 4480K
Event: 5.568 GC heap after
Heap after GC invocations=31 (full 4):
 def new generation   total 4992K, used 242K [0x04400000, 0x04960000, 0x09950000)
  eden space 4480K,   0% used [0x04400000, 0x04400000, 0x04860000)
  from space 512K,  47% used [0x04860000, 0x0489c808, 0x048e0000)
  to   space 512K,   0% used [0x048e0000, 0x048e0000, 0x04960000)
 tenured generation   total 10944K, used 7484K [0x09950000, 0x0a400000, 0x14400000)
   the space 10944K,  68% used [0x09950000, 0x0a09f1b8, 0x0a09f200, 0x0a400000)
 Metaspace       used 2137K, capacity 2961K, committed 3008K, reserved 4480K
}
Event: 5.667 GC heap before
{Heap before GC invocations=31 (full 4):
 def new generation   total 4992K, used 4567K [0x04400000, 0x04960000, 0x09950000)
  eden space 4480K,  96% used [0x04400000, 0x048397c0, 0x04860000)
  from space 512K,  47% used [0x04860000, 0x0489c808, 0x048e0000)
  to   space 512K,   0% used [0x048e0000, 0x048e0000, 0x04960000)
 tenured generation   total 10944K, used 7484K [0x09950000, 0x0a400000, 0x14400000)
   the space 10944K,  68% used [0x09950000, 0x0a09f1b8, 0x0a09f200, 0x0a400000)
 Metaspace       used 2137K, capacity 2961K, committed 3008K, reserved 4480K
Event: 5.667 GC heap after
Heap after GC invocations=32 (full 4):
 def new generation   total 4992K, used 321K [0x04400000, 0x04960000, 0x09950000)
  eden space 4480K,   0% used [0x04400000, 0x04400000, 0x04860000)
  from space 512K,  62% used [0x048e0000, 0x04930638, 0x04960000)
  to   space 512K,   0% used [0x04860000, 0x04860000, 0x048e0000)
 tenured generation   total 10944K, used 7784K [0x09950000, 0x0a400000, 0x14400000)
   the space 10944K,  71% used [0x09950000, 0x0a0ea1c8, 0x0a0ea200, 0x0a400000)
 Metaspace       used 2137K, capacity 2961K, committed 3008K, reserved 4480K
}
Event: 5.940 GC heap before
{Heap before GC invocations=32 (full 4):
 def new generation   total 4992K, used 4794K [0x04400000, 0x04960000, 0x09950000)
  eden space 4480K,  99% used [0x04400000, 0x0485e538, 0x04860000)
  from space 512K,  62% used [0x048e0000, 0x04930638, 0x04960000)
  to   space 512K,   0% used [0x04860000, 0x04860000, 0x048e0000)
 tenured generation   total 10944K, used 7784K [0x09950000, 0x0a400000, 0x14400000)
   the space 10944K,  71% used [0x09950000, 0x0a0ea1c8, 0x0a0ea200, 0x0a400000)
 Metaspace       used 2137K, capacity 2961K, committed 3008K, reserved 4480K
Event: 5.941 GC heap after
Heap after GC invocations=33 (full 4):
 def new generation   total 4992K, used 374K [0x04400000, 0x04960000, 0x09950000)
  eden space 4480K,   0% used [0x04400000, 0x04400000, 0x04860000)
  from space 512K,  73% used [0x04860000, 0x048bda50, 0x048e0000)
  to   space 512K,   0% used [0x048e0000, 0x048e0000, 0x04960000)
 tenured generation   total 10944K, used 8694K [0x09950000, 0x0a400000, 0x14400000)
   the space 10944K,  79% used [0x09950000, 0x0a1cd860, 0x0a1cda00, 0x0a400000)
 Metaspace       used 2137K, capacity 2961K, committed 3008K, reserved 4480K
}
Event: 6.069 GC heap before
{Heap before GC invocations=33 (full 4):
 def new generation   total 4992K, used 4854K [0x04400000, 0x04960000, 0x09950000)
  eden space 4480K, 100% used [0x04400000, 0x04860000, 0x04860000)
  from space 512K,  73% used [0x04860000, 0x048bda50, 0x048e0000)
  to   space 512K,   0% used [0x048e0000, 0x048e0000, 0x04960000)
 tenured generation   total 10944K, used 8694K [0x09950000, 0x0a400000, 0x14400000)
   the space 10944K,  79% used [0x09950000, 0x0a1cd860, 0x0a1cda00, 0x0a400000)
 Metaspace       used 2137K, capacity 2961K, committed 3008K, reserved 4480K
Event: 6.070 GC heap after
Heap after GC invocations=34 (full 4):
 def new generation   total 4992K, used 250K [0x04400000, 0x04960000, 0x09950000)
  eden space 4480K,   0% used [0x04400000, 0x04400000, 0x04860000)
  from space 512K,  48% used [0x048e0000, 0x0491e8e0, 0x04960000)
  to   space 512K,   0% used [0x04860000, 0x04860000, 0x048e0000)
 tenured generation   total 10944K, used 9594K [0x09950000, 0x0a400000, 0x14400000)
   the space 10944K,  87% used [0x09950000, 0x0a2aeb60, 0x0a2aec00, 0x0a400000)
 Metaspace       used 2137K, capacity 2961K, committed 3008K, reserved 4480K
}
Event: 6.177 GC heap before
{Heap before GC invocations=34 (full 4):
 def new generation   total 4992K, used 4540K [0x04400000, 0x04960000, 0x09950000)
  eden space 4480K,  95% used [0x04400000, 0x04830968, 0x04860000)
  from space 512K,  48% used [0x048e0000, 0x0491e8e0, 0x04960000)
  to   space 512K,   0% used [0x04860000, 0x04860000, 0x048e0000)
 tenured generation   total 10944K, used 9594K [0x09950000, 0x0a400000, 0x14400000)
   the space 10944K,  87% used [0x09950000, 0x0a2aeb60, 0x0a2aec00, 0x0a400000)
 Metaspace       used 2137K, capacity 2961K, committed 3008K, reserved 4480K
Event: 6.178 GC heap after
Heap after GC invocations=35 (full 4):
 def new generation   total 4992K, used 321K [0x04400000, 0x04960000, 0x09950000)
  eden space 4480K,   0% used [0x04400000, 0x04400000, 0x04860000)
  from space 512K,  62% used [0x04860000, 0x048b0768, 0x048e0000)
  to   space 512K,   0% used [0x048e0000, 0x048e0000, 0x04960000)
 tenured generation   total 10944K, used 10419K [0x09950000, 0x0a400000, 0x14400000)
   the space 10944K,  95% used [0x09950000, 0x0a37cf90, 0x0a37d000, 0x0a400000)
 Metaspace       used 2137K, capacity 2961K, committed 3008K, reserved 4480K
}

