# JRE version: Java(TM) SE Runtime Environment (8.0_171-b11) (build 1.8.0_171-b11)
# Java VM: Java HotSpot(TM) Client VM (25.171-b11 mixed mode windows-x86 )
Heap:
 def new generation   total 16384K, used 6217K [0x04e00000, 0x05fc0000, 0x0a350000)
  eden space 14592K,  35% used [0x04e00000, 0x05321028, 0x05c40000)
  from space 1792K,  53% used [0x05e00000, 0x05ef14e8, 0x05fc0000)
  to   space 1792K,   0% used [0x05c40000, 0x05c40000, 0x05e00000)
 tenured generation   total 36236K, used 25895K [0x0a350000, 0x0c6b3000, 0x14e00000)
   the space 36236K,  71% used [0x0a350000, 0x0bc99dc0, 0x0bc99e00, 0x0c6b3000)
 Metaspace       used 11685K, capacity 11881K, committed 12032K, reserved 12672K
GC Heap History (10 events):
Event: 781.435 GC heap before
{Heap before GC invocations=8917 (full 1026):
 def new generation   total 16384K, used 15914K [0x04e00000, 0x05fc0000, 0x0a350000)
  eden space 14592K, 100% used [0x04e00000, 0x05c40000, 0x05c40000)
  from space 1792K,  73% used [0x05c40000, 0x05d8a910, 0x05e00000)
  to   space 1792K,   0% used [0x05e00000, 0x05e00000, 0x05fc0000)
 tenured generation   total 36236K, used 33249K [0x0a350000, 0x0c6b3000, 0x14e00000)
   the space 36236K,  91% used [0x0a350000, 0x0c3c8638, 0x0c3c8800, 0x0c6b3000)
 Metaspace       used 11661K, capacity 11881K, committed 12032K, reserved 12672K
Event: 781.437 GC heap after
Heap after GC invocations=8918 (full 1026):
 def new generation   total 16384K, used 1034K [0x04e00000, 0x05fc0000, 0x0a350000)
  eden space 14592K,   0% used [0x04e00000, 0x04e00000, 0x05c40000)
  from space 1792K,  57% used [0x05e00000, 0x05f02b48, 0x05fc0000)
  to   space 1792K,   0% used [0x05c40000, 0x05c40000, 0x05e00000)
 tenured generation   total 36236K, used 35650K [0x0a350000, 0x0c6b3000, 0x14e00000)
   the space 36236K,  98% used [0x0a350000, 0x0c620878, 0x0c620a00, 0x0c6b3000)
 Metaspace       used 11661K, capacity 11881K, committed 12032K, reserved 12672K
}
Event: 781.488 GC heap before
{Heap before GC invocations=8918 (full 1026):
 def new generation   total 16384K, used 14514K [0x04e00000, 0x05fc0000, 0x0a350000)
  eden space 14592K,  92% used [0x04e00000, 0x05b29e88, 0x05c40000)
  from space 1792K,  57% used [0x05e00000, 0x05f02b48, 0x05fc0000)
  to   space 1792K,   0% used [0x05c40000, 0x05c40000, 0x05e00000)
 tenured generation   total 36236K, used 35650K [0x0a350000, 0x0c6b3000, 0x14e00000)
   the space 36236K,  98% used [0x0a350000, 0x0c620878, 0x0c620a00, 0x0c6b3000)
 Metaspace       used 11661K, capacity 11881K, committed 12032K, reserved 12672K
Event: 781.504 GC heap after
Heap after GC invocations=8919 (full 1027):
 def new generation   total 16384K, used 0K [0x04e00000, 0x05fc0000, 0x0a350000)
  eden space 14592K,   0% used [0x04e00000, 0x04e00000, 0x05c40000)
  from space 1792K,   0% used [0x05c40000, 0x05c40000, 0x05e00000)
  to   space 1792K,   0% used [0x05e00000, 0x05e00000, 0x05fc0000)
 tenured generation   total 36236K, used 12938K [0x0a350000, 0x0c6b3000, 0x14e00000)
   the space 36236K,  35% used [0x0a350000, 0x0aff29b0, 0x0aff2a00, 0x0c6b3000)
 Metaspace       used 11661K, capacity 11881K, committed 12032K, reserved 12672K
}
Event: 781.566 GC heap before
{Heap before GC invocations=8919 (full 1027):
 def new generation   total 16384K, used 14592K [0x04e00000, 0x05fc0000, 0x0a350000)
  eden space 14592K, 100% used [0x04e00000, 0x05c40000, 0x05c40000)
  from space 1792K,   0% used [0x05c40000, 0x05c40000, 0x05e00000)
  to   space 1792K,   0% used [0x05e00000, 0x05e00000, 0x05fc0000)
 tenured generation   total 36236K, used 12938K [0x0a350000, 0x0c6b3000, 0x14e00000)
   the space 36236K,  35% used [0x0a350000, 0x0aff29b0, 0x0aff2a00, 0x0c6b3000)
 Metaspace       used 11661K, capacity 11881K, committed 12032K, reserved 12672K
Event: 781.568 GC heap after
Heap after GC invocations=8920 (full 1027):
 def new generation   total 16384K, used 1239K [0x04e00000, 0x05fc0000, 0x0a350000)
  eden space 14592K,   0% used [0x04e00000, 0x04e00000, 0x05c40000)
  from space 1792K,  69% used [0x05e00000, 0x05f35fc8, 0x05fc0000)
  to   space 1792K,   0% used [0x05c40000, 0x05c40000, 0x05e00000)
 tenured generation   total 36236K, used 17438K [0x0a350000, 0x0c6b3000, 0x14e00000)
   the space 36236K,  48% used [0x0a350000, 0x0b4579f0, 0x0b457a00, 0x0c6b3000)
 Metaspace       used 11661K, capacity 11881K, committed 12032K, reserved 12672K
}
Event: 781.634 GC heap before
{Heap before GC invocations=8920 (full 1027):
 def new generation   total 16384K, used 15831K [0x04e00000, 0x05fc0000, 0x0a350000)
  eden space 14592K, 100% used [0x04e00000, 0x05c40000, 0x05c40000)
  from space 1792K,  69% used [0x05e00000, 0x05f35fc8, 0x05fc0000)
  to   space 1792K,   0% used [0x05c40000, 0x05c40000, 0x05e00000)
 tenured generation   total 36236K, used 17438K [0x0a350000, 0x0c6b3000, 0x14e00000)
   the space 36236K,  48% used [0x0a350000, 0x0b4579f0, 0x0b457a00, 0x0c6b3000)
 Metaspace       used 11661K, capacity 11881K, committed 12032K, reserved 12672K
Event: 781.636 GC heap after
Heap after GC invocations=8921 (full 1027):
 def new generation   total 16384K, used 939K [0x04e00000, 0x05fc0000, 0x0a350000)
  eden space 14592K,   0% used [0x04e00000, 0x04e00000, 0x05c40000)
  from space 1792K,  52% used [0x05c40000, 0x05d2afb8, 0x05e00000)
  to   space 1792K,   0% used [0x05e00000, 0x05e00000, 0x05fc0000)
 tenured generation   total 36236K, used 22266K [0x0a350000, 0x0c6b3000, 0x14e00000)
   the space 36236K,  61% used [0x0a350000, 0x0b90ebf8, 0x0b90ec00, 0x0c6b3000)
 Metaspace       used 11661K, capacity 11881K, committed 12032K, reserved 12672K
}
Event: 781.810 GC heap before
{Heap before GC invocations=8921 (full 1027):
 def new generation   total 16384K, used 15531K [0x04e00000, 0x05fc0000, 0x0a350000)
  eden space 14592K, 100% used [0x04e00000, 0x05c40000, 0x05c40000)
  from space 1792K,  52% used [0x05c40000, 0x05d2afb8, 0x05e00000)
  to   space 1792K,   0% used [0x05e00000, 0x05e00000, 0x05fc0000)
 tenured generation   total 36236K, used 22266K [0x0a350000, 0x0c6b3000, 0x14e00000)
   the space 36236K,  61% used [0x0a350000, 0x0b90ebf8, 0x0b90ec00, 0x0c6b3000)
 Metaspace       used 11685K, capacity 11881K, committed 12032K, reserved 12672K
Event: 781.812 GC heap after
Heap after GC invocations=8922 (full 1027):
 def new generation   total 16384K, used 965K [0x04e00000, 0x05fc0000, 0x0a350000)
  eden space 14592K,   0% used [0x04e00000, 0x04e00000, 0x05c40000)
  from space 1792K,  53% used [0x05e00000, 0x05ef14e8, 0x05fc0000)
  to   space 1792K,   0% used [0x05c40000, 0x05c40000, 0x05e00000)
 tenured generation   total 36236K, used 25895K [0x0a350000, 0x0c6b3000, 0x14e00000)
   the space 36236K,  71% used [0x0a350000, 0x0bc99dc0, 0x0bc99e00, 0x0c6b3000)
 Metaspace       used 11685K, capacity 11881K, committed 12032K, reserved 12672K
}

