# JRE version: Java(TM) SE Runtime Environment (8.0_171-b11) (build 1.8.0_171-b11)
# Java VM: Java HotSpot(TM) Client VM (25.171-b11 mixed mode, sharing windows-x86 )
Heap:
 def new generation   total 7040K, used 3154K [0x04a00000, 0x051a0000, 0x09f50000)
  eden space 6272K,  40% used [0x04a00000, 0x04c7bb40, 0x05020000)
  from space 768K,  79% used [0x05020000, 0x050b8d38, 0x050e0000)
  to   space 768K,   0% used [0x050e0000, 0x050e0000, 0x051a0000)
 tenured generation   total 15456K, used 10354K [0x09f50000, 0x0ae68000, 0x14a00000)
   the space 15456K,  66% used [0x09f50000, 0x0a96c800, 0x0a96c800, 0x0ae68000)
 Metaspace       used 4473K, capacity 4678K, committed 4736K, reserved 5504K
GC Heap History (10 events):
Event: 71.358 GC heap before
{Heap before GC invocations=458 (full 11):
 def new generation   total 7040K, used 6860K [0x04a00000, 0x051a0000, 0x09f50000)
  eden space 6272K, 100% used [0x04a00000, 0x05020000, 0x05020000)
  from space 768K,  76% used [0x050e0000, 0x05173200, 0x051a0000)
  to   space 768K,   0% used [0x05020000, 0x05020000, 0x050e0000)
 tenured generation   total 15456K, used 9687K [0x09f50000, 0x0ae68000, 0x14a00000)
   the space 15456K,  62% used [0x09f50000, 0x0a8c5df8, 0x0a8c5e00, 0x0ae68000)
 Metaspace       used 4449K, capacity 4646K, committed 4736K, reserved 5504K
Event: 71.359 GC heap after
Heap after GC invocations=459 (full 11):
 def new generation   total 7040K, used 702K [0x04a00000, 0x051a0000, 0x09f50000)
  eden space 6272K,   0% used [0x04a00000, 0x04a00000, 0x05020000)
  from space 768K,  91% used [0x05020000, 0x050cf888, 0x050e0000)
  to   space 768K,   0% used [0x050e0000, 0x050e0000, 0x051a0000)
 tenured generation   total 15456K, used 9707K [0x09f50000, 0x0ae68000, 0x14a00000)
   the space 15456K,  62% used [0x09f50000, 0x0a8cad90, 0x0a8cae00, 0x0ae68000)
 Metaspace       used 4449K, capacity 4646K, committed 4736K, reserved 5504K
}
Event: 71.474 GC heap before
{Heap before GC invocations=459 (full 11):
 def new generation   total 7040K, used 6974K [0x04a00000, 0x051a0000, 0x09f50000)
  eden space 6272K, 100% used [0x04a00000, 0x05020000, 0x05020000)
  from space 768K,  91% used [0x05020000, 0x050cf888, 0x050e0000)
  to   space 768K,   0% used [0x050e0000, 0x050e0000, 0x051a0000)
 tenured generation   total 15456K, used 9707K [0x09f50000, 0x0ae68000, 0x14a00000)
   the space 15456K,  62% used [0x09f50000, 0x0a8cad90, 0x0a8cae00, 0x0ae68000)
 Metaspace       used 4449K, capacity 4646K, committed 4736K, reserved 5504K
Event: 71.475 GC heap after
Heap after GC invocations=460 (full 11):
 def new generation   total 7040K, used 390K [0x04a00000, 0x051a0000, 0x09f50000)
  eden space 6272K,   0% used [0x04a00000, 0x04a00000, 0x05020000)
  from space 768K,  50% used [0x050e0000, 0x05141a00, 0x051a0000)
  to   space 768K,   0% used [0x05020000, 0x05020000, 0x050e0000)
 tenured generation   total 15456K, used 9724K [0x09f50000, 0x0ae68000, 0x14a00000)
   the space 15456K,  62% used [0x09f50000, 0x0a8cf3f0, 0x0a8cf400, 0x0ae68000)
 Metaspace       used 4449K, capacity 4646K, committed 4736K, reserved 5504K
}
Event: 71.619 GC heap before
{Heap before GC invocations=460 (full 11):
 def new generation   total 7040K, used 6662K [0x04a00000, 0x051a0000, 0x09f50000)
  eden space 6272K, 100% used [0x04a00000, 0x05020000, 0x05020000)
  from space 768K,  50% used [0x050e0000, 0x05141a00, 0x051a0000)
  to   space 768K,   0% used [0x05020000, 0x05020000, 0x050e0000)
 tenured generation   total 15456K, used 9724K [0x09f50000, 0x0ae68000, 0x14a00000)
   the space 15456K,  62% used [0x09f50000, 0x0a8cf3f0, 0x0a8cf400, 0x0ae68000)
 Metaspace       used 4449K, capacity 4646K, committed 4736K, reserved 5504K
Event: 71.620 GC heap after
Heap after GC invocations=461 (full 11):
 def new generation   total 7040K, used 559K [0x04a00000, 0x051a0000, 0x09f50000)
  eden space 6272K,   0% used [0x04a00000, 0x04a00000, 0x05020000)
  from space 768K,  72% used [0x05020000, 0x050abee0, 0x050e0000)
  to   space 768K,   0% used [0x050e0000, 0x050e0000, 0x051a0000)
 tenured generation   total 15456K, used 9743K [0x09f50000, 0x0ae68000, 0x14a00000)
   the space 15456K,  63% used [0x09f50000, 0x0a8d3df0, 0x0a8d3e00, 0x0ae68000)
 Metaspace       used 4449K, capacity 4646K, committed 4736K, reserved 5504K
}
Event: 71.808 GC heap before
{Heap before GC invocations=461 (full 11):
 def new generation   total 7040K, used 6573K [0x04a00000, 0x051a0000, 0x09f50000)
  eden space 6272K,  95% used [0x04a00000, 0x04fdf8e0, 0x05020000)
  from space 768K,  72% used [0x05020000, 0x050abee0, 0x050e0000)
  to   space 768K,   0% used [0x050e0000, 0x050e0000, 0x051a0000)
 tenured generation   total 15456K, used 9743K [0x09f50000, 0x0ae68000, 0x14a00000)
   the space 15456K,  63% used [0x09f50000, 0x0a8d3df0, 0x0a8d3e00, 0x0ae68000)
 Metaspace       used 4449K, capacity 4646K, committed 4736K, reserved 5504K
Event: 71.809 GC heap after
Heap after GC invocations=462 (full 11):
 def new generation   total 7040K, used 378K [0x04a00000, 0x051a0000, 0x09f50000)
  eden space 6272K,   0% used [0x04a00000, 0x04a00000, 0x05020000)
  from space 768K,  49% used [0x050e0000, 0x0513ea18, 0x051a0000)
  to   space 768K,   0% used [0x05020000, 0x05020000, 0x050e0000)
 tenured generation   total 15456K, used 9753K [0x09f50000, 0x0ae68000, 0x14a00000)
   the space 15456K,  63% used [0x09f50000, 0x0a8d67e0, 0x0a8d6800, 0x0ae68000)
 Metaspace       used 4449K, capacity 4646K, committed 4736K, reserved 5504K
}
Event: 71.999 GC heap before
{Heap before GC invocations=462 (full 11):
 def new generation   total 7040K, used 6651K [0x04a00000, 0x051a0000, 0x09f50000)
  eden space 6272K, 100% used [0x04a00000, 0x05020000, 0x05020000)
  from space 768K,  49% used [0x050e0000, 0x0513ede8, 0x051a0000)
  to   space 768K,   0% used [0x05020000, 0x05020000, 0x050e0000)
 tenured generation   total 15456K, used 9753K [0x09f50000, 0x0ae68000, 0x14a00000)
   the space 15456K,  63% used [0x09f50000, 0x0a8d67e0, 0x0a8d6800, 0x0ae68000)
 Metaspace       used 4473K, capacity 4678K, committed 4736K, reserved 5504K
Event: 72.001 GC heap after
Heap after GC invocations=463 (full 11):
 def new generation   total 7040K, used 611K [0x04a00000, 0x051a0000, 0x09f50000)
  eden space 6272K,   0% used [0x04a00000, 0x04a00000, 0x05020000)
  from space 768K,  79% used [0x05020000, 0x050b8d38, 0x050e0000)
  to   space 768K,   0% used [0x050e0000, 0x050e0000, 0x051a0000)
 tenured generation   total 15456K, used 10354K [0x09f50000, 0x0ae68000, 0x14a00000)
   the space 15456K,  66% used [0x09f50000, 0x0a96c800, 0x0a96c800, 0x0ae68000)
 Metaspace       used 4473K, capacity 4678K, committed 4736K, reserved 5504K
}

