# JRE version: Java(TM) SE Runtime Environment (8.0_171-b11) (build 1.8.0_171-b11)
# Java VM: Java HotSpot(TM) Client VM (25.171-b11 mixed mode, sharing windows-x86 )
Heap:
 def new generation   total 8576K, used 5044K [0x04400000, 0x04d40000, 0x09950000)
  eden space 7680K,  56% used [0x04400000, 0x0483d9e0, 0x04b80000)
  from space 896K,  78% used [0x04b80000, 0x04c2f9d0, 0x04c60000)
  to   space 896K,   0% used [0x04c60000, 0x04c60000, 0x04d40000)
 tenured generation   total 18760K, used 16071K [0x09950000, 0x0aba2000, 0x14400000)
   the space 18760K,  85% used [0x09950000, 0x0a901d18, 0x0a901e00, 0x0aba2000)
 Metaspace       used 4477K, capacity 4676K, committed 4736K, reserved 5504K
GC Heap History (10 events):
Event: 2212.017 GC heap before
{Heap before GC invocations=8648 (full 836):
 def new generation   total 8576K, used 8336K [0x04400000, 0x04d40000, 0x09950000)
  eden space 7680K,  99% used [0x04400000, 0x04b7fbc0, 0x04b80000)
  from space 896K,  73% used [0x04c60000, 0x04d04820, 0x04d40000)
  to   space 896K,   0% used [0x04b80000, 0x04b80000, 0x04c60000)
 tenured generation   total 18760K, used 10919K [0x09950000, 0x0aba2000, 0x14400000)
   the space 18760K,  58% used [0x09950000, 0x0a3f9c30, 0x0a3f9e00, 0x0aba2000)
 Metaspace       used 4453K, capacity 4644K, committed 4736K, reserved 5504K
Event: 2212.018 GC heap after
Heap after GC invocations=8649 (full 836):
 def new generation   total 8576K, used 626K [0x04400000, 0x04d40000, 0x09950000)
  eden space 7680K,   0% used [0x04400000, 0x04400000, 0x04b80000)
  from space 896K,  69% used [0x04b80000, 0x04c1c998, 0x04c60000)
  to   space 896K,   0% used [0x04c60000, 0x04c60000, 0x04d40000)
 tenured generation   total 18760K, used 11529K [0x09950000, 0x0aba2000, 0x14400000)
   the space 18760K,  61% used [0x09950000, 0x0a492408, 0x0a492600, 0x0aba2000)
 Metaspace       used 4453K, capacity 4644K, committed 4736K, reserved 5504K
}
Event: 2212.228 GC heap before
{Heap before GC invocations=8649 (full 836):
 def new generation   total 8576K, used 8306K [0x04400000, 0x04d40000, 0x09950000)
  eden space 7680K, 100% used [0x04400000, 0x04b80000, 0x04b80000)
  from space 896K,  69% used [0x04b80000, 0x04c1c998, 0x04c60000)
  to   space 896K,   0% used [0x04c60000, 0x04c60000, 0x04d40000)
 tenured generation   total 18760K, used 11529K [0x09950000, 0x0aba2000, 0x14400000)
   the space 18760K,  61% used [0x09950000, 0x0a492408, 0x0a492600, 0x0aba2000)
 Metaspace       used 4453K, capacity 4644K, committed 4736K, reserved 5504K
Event: 2212.229 GC heap after
Heap after GC invocations=8650 (full 836):
 def new generation   total 8576K, used 872K [0x04400000, 0x04d40000, 0x09950000)
  eden space 7680K,   0% used [0x04400000, 0x04400000, 0x04b80000)
  from space 896K,  97% used [0x04c60000, 0x04d3a2a8, 0x04d40000)
  to   space 896K,   0% used [0x04b80000, 0x04b80000, 0x04c60000)
 tenured generation   total 18760K, used 13040K [0x09950000, 0x0aba2000, 0x14400000)
   the space 18760K,  69% used [0x09950000, 0x0a60c100, 0x0a60c200, 0x0aba2000)
 Metaspace       used 4453K, capacity 4644K, committed 4736K, reserved 5504K
}
Event: 2212.417 GC heap before
{Heap before GC invocations=8650 (full 836):
 def new generation   total 8576K, used 8549K [0x04400000, 0x04d40000, 0x09950000)
  eden space 7680K,  99% used [0x04400000, 0x04b7f440, 0x04b80000)
  from space 896K,  97% used [0x04c60000, 0x04d3a2a8, 0x04d40000)
  to   space 896K,   0% used [0x04b80000, 0x04b80000, 0x04c60000)
 tenured generation   total 18760K, used 13040K [0x09950000, 0x0aba2000, 0x14400000)
   the space 18760K,  69% used [0x09950000, 0x0a60c100, 0x0a60c200, 0x0aba2000)
 Metaspace       used 4453K, capacity 4644K, committed 4736K, reserved 5504K
Event: 2212.418 GC heap after
Heap after GC invocations=8651 (full 836):
 def new generation   total 8576K, used 704K [0x04400000, 0x04d40000, 0x09950000)
  eden space 7680K,   0% used [0x04400000, 0x04400000, 0x04b80000)
  from space 896K,  78% used [0x04b80000, 0x04c30018, 0x04c60000)
  to   space 896K,   0% used [0x04c60000, 0x04c60000, 0x04d40000)
 tenured generation   total 18760K, used 14251K [0x09950000, 0x0aba2000, 0x14400000)
   the space 18760K,  75% used [0x09950000, 0x0a73adc0, 0x0a73ae00, 0x0aba2000)
 Metaspace       used 4453K, capacity 4644K, committed 4736K, reserved 5504K
}
Event: 2212.665 GC heap before
{Heap before GC invocations=8651 (full 836):
 def new generation   total 8576K, used 8384K [0x04400000, 0x04d40000, 0x09950000)
  eden space 7680K, 100% used [0x04400000, 0x04b80000, 0x04b80000)
  from space 896K,  78% used [0x04b80000, 0x04c30018, 0x04c60000)
  to   space 896K,   0% used [0x04c60000, 0x04c60000, 0x04d40000)
 tenured generation   total 18760K, used 14251K [0x09950000, 0x0aba2000, 0x14400000)
   the space 18760K,  75% used [0x09950000, 0x0a73adc0, 0x0a73ae00, 0x0aba2000)
 Metaspace       used 4453K, capacity 4644K, committed 4736K, reserved 5504K
Event: 2212.666 GC heap after
Heap after GC invocations=8652 (full 836):
 def new generation   total 8576K, used 862K [0x04400000, 0x04d40000, 0x09950000)
  eden space 7680K,   0% used [0x04400000, 0x04400000, 0x04b80000)
  from space 896K,  96% used [0x04c60000, 0x04d37950, 0x04d40000)
  to   space 896K,   0% used [0x04b80000, 0x04b80000, 0x04c60000)
 tenured generation   total 18760K, used 14860K [0x09950000, 0x0aba2000, 0x14400000)
   the space 18760K,  79% used [0x09950000, 0x0a7d32e8, 0x0a7d3400, 0x0aba2000)
 Metaspace       used 4453K, capacity 4644K, committed 4736K, reserved 5504K
}
Event: 2212.823 GC heap before
{Heap before GC invocations=8652 (full 836):
 def new generation   total 8576K, used 8537K [0x04400000, 0x04d40000, 0x09950000)
  eden space 7680K,  99% used [0x04400000, 0x04b7edc0, 0x04b80000)
  from space 896K,  96% used [0x04c60000, 0x04d37950, 0x04d40000)
  to   space 896K,   0% used [0x04b80000, 0x04b80000, 0x04c60000)
 tenured generation   total 18760K, used 14860K [0x09950000, 0x0aba2000, 0x14400000)
   the space 18760K,  79% used [0x09950000, 0x0a7d32e8, 0x0a7d3400, 0x0aba2000)
 Metaspace       used 4453K, capacity 4644K, committed 4736K, reserved 5504K
Event: 2212.824 GC heap after
Heap after GC invocations=8653 (full 836):
 def new generation   total 8576K, used 702K [0x04400000, 0x04d40000, 0x09950000)
  eden space 7680K,   0% used [0x04400000, 0x04400000, 0x04b80000)
  from space 896K,  78% used [0x04b80000, 0x04c2f9d0, 0x04c60000)
  to   space 896K,   0% used [0x04c60000, 0x04c60000, 0x04d40000)
 tenured generation   total 18760K, used 16071K [0x09950000, 0x0aba2000, 0x14400000)
   the space 18760K,  85% used [0x09950000, 0x0a901d18, 0x0a901e00, 0x0aba2000)
 Metaspace       used 4453K, capacity 4644K, committed 4736K, reserved 5504K
}

