# JRE version: Java(TM) SE Runtime Environment (8.0_171-b11) (build 1.8.0_171-b11)
# Java VM: Java HotSpot(TM) Client VM (25.171-b11 mixed mode windows-x86 )
Heap:
 def new generation   total 10368K, used 5120K [0x05000000, 0x05b40000, 0x0a550000)
  eden space 9216K,  54% used [0x05000000, 0x054f1720, 0x05900000)
  from space 1152K,   5% used [0x05a20000, 0x05a2e8e0, 0x05b40000)
  to   space 1152K,   0% used [0x05900000, 0x05900000, 0x05a20000)
 tenured generation   total 22936K, used 10902K [0x0a550000, 0x0bbb6000, 0x15000000)
   the space 22936K,  47% used [0x0a550000, 0x0aff59c0, 0x0aff5a00, 0x0bbb6000)
 Metaspace       used 8820K, capacity 9010K, committed 9088K, reserved 9600K
GC Heap History (10 events):
Event: 44.395 GC heap before
{Heap before GC invocations=994 (full 161):
 def new generation   total 10368K, used 9618K [0x05000000, 0x05b40000, 0x0a550000)
  eden space 9216K,  94% used [0x05000000, 0x05879f80, 0x05900000)
  from space 1152K,  81% used [0x05900000, 0x059ea920, 0x05a20000)
  to   space 1152K,   0% used [0x05a20000, 0x05a20000, 0x05b40000)
 tenured generation   total 22936K, used 14500K [0x0a550000, 0x0bbb6000, 0x15000000)
   the space 22936K,  63% used [0x0a550000, 0x0b379120, 0x0b379200, 0x0bbb6000)
 Metaspace       used 8796K, capacity 8978K, committed 9088K, reserved 9600K
Event: 44.396 GC heap after
Heap after GC invocations=995 (full 161):
 def new generation   total 10368K, used 938K [0x05000000, 0x05b40000, 0x0a550000)
  eden space 9216K,   0% used [0x05000000, 0x05000000, 0x05900000)
  from space 1152K,  81% used [0x05a20000, 0x05b0a9b0, 0x05b40000)
  to   space 1152K,   0% used [0x05900000, 0x05900000, 0x05a20000)
 tenured generation   total 22936K, used 16927K [0x0a550000, 0x0bbb6000, 0x15000000)
   the space 22936K,  73% used [0x0a550000, 0x0b5d7d00, 0x0b5d7e00, 0x0bbb6000)
 Metaspace       used 8796K, capacity 8978K, committed 9088K, reserved 9600K
}
Event: 44.414 GC heap before
{Heap before GC invocations=995 (full 161):
 def new generation   total 10368K, used 9428K [0x05000000, 0x05b40000, 0x0a550000)
  eden space 9216K,  92% used [0x05000000, 0x0584a758, 0x05900000)
  from space 1152K,  81% used [0x05a20000, 0x05b0a9b0, 0x05b40000)
  to   space 1152K,   0% used [0x05900000, 0x05900000, 0x05a20000)
 tenured generation   total 22936K, used 16927K [0x0a550000, 0x0bbb6000, 0x15000000)
   the space 22936K,  73% used [0x0a550000, 0x0b5d7d00, 0x0b5d7e00, 0x0bbb6000)
 Metaspace       used 8796K, capacity 8978K, committed 9088K, reserved 9600K
Event: 44.415 GC heap after
Heap after GC invocations=996 (full 161):
 def new generation   total 10368K, used 58K [0x05000000, 0x05b40000, 0x0a550000)
  eden space 9216K,   0% used [0x05000000, 0x05000000, 0x05900000)
  from space 1152K,   5% used [0x05900000, 0x0590e8b8, 0x05a20000)
  to   space 1152K,   0% used [0x05a20000, 0x05a20000, 0x05b40000)
 tenured generation   total 22936K, used 18154K [0x0a550000, 0x0bbb6000, 0x15000000)
   the space 22936K,  79% used [0x0a550000, 0x0b70a968, 0x0b70aa00, 0x0bbb6000)
 Metaspace       used 8796K, capacity 8978K, committed 9088K, reserved 9600K
}
Event: 44.470 GC heap before
{Heap before GC invocations=996 (full 161):
 def new generation   total 10368K, used 9274K [0x05000000, 0x05b40000, 0x0a550000)
  eden space 9216K, 100% used [0x05000000, 0x05900000, 0x05900000)
  from space 1152K,   5% used [0x05900000, 0x0590e8b8, 0x05a20000)
  to   space 1152K,   0% used [0x05a20000, 0x05a20000, 0x05b40000)
 tenured generation   total 22936K, used 18154K [0x0a550000, 0x0bbb6000, 0x15000000)
   the space 22936K,  79% used [0x0a550000, 0x0b70a968, 0x0b70aa00, 0x0bbb6000)
 Metaspace       used 8796K, capacity 8978K, committed 9088K, reserved 9600K
Event: 44.471 GC heap after
Heap after GC invocations=997 (full 161):
 def new generation   total 10368K, used 938K [0x05000000, 0x05b40000, 0x0a550000)
  eden space 9216K,   0% used [0x05000000, 0x05000000, 0x05900000)
  from space 1152K,  81% used [0x05a20000, 0x05b0a8a8, 0x05b40000)
  to   space 1152K,   0% used [0x05900000, 0x05900000, 0x05a20000)
 tenured generation   total 22936K, used 21754K [0x0a550000, 0x0bbb6000, 0x15000000)
   the space 22936K,  94% used [0x0a550000, 0x0ba8e998, 0x0ba8ea00, 0x0bbb6000)
 Metaspace       used 8796K, capacity 8978K, committed 9088K, reserved 9600K
}
Event: 44.536 GC heap before
{Heap before GC invocations=997 (full 161):
 def new generation   total 10368K, used 9617K [0x05000000, 0x05b40000, 0x0a550000)
  eden space 9216K,  94% used [0x05000000, 0x05879f30, 0x05900000)
  from space 1152K,  81% used [0x05a20000, 0x05b0a8a8, 0x05b40000)
  to   space 1152K,   0% used [0x05900000, 0x05900000, 0x05a20000)
 tenured generation   total 22936K, used 21754K [0x0a550000, 0x0bbb6000, 0x15000000)
   the space 22936K,  94% used [0x0a550000, 0x0ba8e998, 0x0ba8ea00, 0x0bbb6000)
 Metaspace       used 8796K, capacity 8978K, committed 9088K, reserved 9600K
Event: 44.546 GC heap after
Heap after GC invocations=998 (full 162):
 def new generation   total 10368K, used 0K [0x05000000, 0x05b40000, 0x0a550000)
  eden space 9216K,   0% used [0x05000000, 0x05000000, 0x05900000)
  from space 1152K,   0% used [0x05900000, 0x05900000, 0x05a20000)
  to   space 1152K,   0% used [0x05a20000, 0x05a20000, 0x05b40000)
 tenured generation   total 22936K, used 8502K [0x0a550000, 0x0bbb6000, 0x15000000)
   the space 22936K,  37% used [0x0a550000, 0x0ad9d9a0, 0x0ad9da00, 0x0bbb6000)
 Metaspace       used 8796K, capacity 8978K, committed 9088K, reserved 9600K
}
Event: 44.572 GC heap before
{Heap before GC invocations=998 (full 162):
 def new generation   total 10368K, used 8489K [0x05000000, 0x05b40000, 0x0a550000)
  eden space 9216K,  92% used [0x05000000, 0x0584a758, 0x05900000)
  from space 1152K,   0% used [0x05900000, 0x05900000, 0x05a20000)
  to   space 1152K,   0% used [0x05a20000, 0x05a20000, 0x05b40000)
 tenured generation   total 22936K, used 8502K [0x0a550000, 0x0bbb6000, 0x15000000)
   the space 22936K,  37% used [0x0a550000, 0x0ad9d9a0, 0x0ad9da00, 0x0bbb6000)
 Metaspace       used 8796K, capacity 8978K, committed 9088K, reserved 9600K
Event: 44.572 GC heap after
Heap after GC invocations=999 (full 162):
 def new generation   total 10368K, used 58K [0x05000000, 0x05b40000, 0x0a550000)
  eden space 9216K,   0% used [0x05000000, 0x05000000, 0x05900000)
  from space 1152K,   5% used [0x05a20000, 0x05a2e8e0, 0x05b40000)
  to   space 1152K,   0% used [0x05900000, 0x05900000, 0x05a20000)
 tenured generation   total 22936K, used 10902K [0x0a550000, 0x0bbb6000, 0x15000000)
   the space 22936K,  47% used [0x0a550000, 0x0aff59c0, 0x0aff5a00, 0x0bbb6000)
 Metaspace       used 8796K, capacity 8978K, committed 9088K, reserved 9600K
}

