# JRE version: Java(TM) SE Runtime Environment (8.0_171-b11) (build 1.8.0_171-b11)
# Java VM: Java HotSpot(TM) Client VM (25.171-b11 mixed mode windows-x86 )
Heap:
 def new generation   total 17024K, used 13422K [0x05000000, 0x06270000, 0x0a550000)
  eden space 15168K,  88% used [0x05000000, 0x05d1bb78, 0x05ed0000)
  from space 1856K,   0% used [0x060a0000, 0x060a0000, 0x06270000)
  to   space 1856K,   0% used [0x05ed0000, 0x05ed0000, 0x060a0000)
 tenured generation   total 37580K, used 12129K [0x0a550000, 0x0ca03000, 0x15000000)
   the space 37580K,  32% used [0x0a550000, 0x0b1284d0, 0x0b128600, 0x0ca03000)
 Metaspace       used 12192K, capacity 12385K, committed 12544K, reserved 12672K
GC Heap History (10 events):
Event: 351.439 GC heap before
{Heap before GC invocations=4522 (full 526):
 def new generation   total 17024K, used 16107K [0x05000000, 0x06270000, 0x0a550000)
  eden space 15168K, 100% used [0x05000000, 0x05ed0000, 0x05ed0000)
  from space 1856K,  50% used [0x05ed0000, 0x05fbac78, 0x060a0000)
  to   space 1856K,   0% used [0x060a0000, 0x060a0000, 0x06270000)
 tenured generation   total 37580K, used 25436K [0x0a550000, 0x0ca03000, 0x15000000)
   the space 37580K,  67% used [0x0a550000, 0x0be27060, 0x0be27200, 0x0ca03000)
 Metaspace       used 12168K, capacity 12385K, committed 12544K, reserved 12672K
Event: 351.441 GC heap after
Heap after GC invocations=4523 (full 526):
 def new generation   total 17024K, used 939K [0x05000000, 0x06270000, 0x0a550000)
  eden space 15168K,   0% used [0x05000000, 0x05000000, 0x05ed0000)
  from space 1856K,  50% used [0x060a0000, 0x0618ac70, 0x06270000)
  to   space 1856K,   0% used [0x05ed0000, 0x05ed0000, 0x060a0000)
 tenured generation   total 37580K, used 29063K [0x0a550000, 0x0ca03000, 0x15000000)
   the space 37580K,  77% used [0x0a550000, 0x0c1b1f08, 0x0c1b2000, 0x0ca03000)
 Metaspace       used 12168K, capacity 12385K, committed 12544K, reserved 12672K
}
Event: 351.513 GC heap before
{Heap before GC invocations=4523 (full 526):
 def new generation   total 17024K, used 16107K [0x05000000, 0x06270000, 0x0a550000)
  eden space 15168K, 100% used [0x05000000, 0x05ed0000, 0x05ed0000)
  from space 1856K,  50% used [0x060a0000, 0x0618ac70, 0x06270000)
  to   space 1856K,   0% used [0x05ed0000, 0x05ed0000, 0x060a0000)
 tenured generation   total 37580K, used 29063K [0x0a550000, 0x0ca03000, 0x15000000)
   the space 37580K,  77% used [0x0a550000, 0x0c1b1f08, 0x0c1b2000, 0x0ca03000)
 Metaspace       used 12168K, capacity 12385K, committed 12544K, reserved 12672K
Event: 351.515 GC heap after
Heap after GC invocations=4524 (full 526):
 def new generation   total 17024K, used 939K [0x05000000, 0x06270000, 0x0a550000)
  eden space 15168K,   0% used [0x05000000, 0x05000000, 0x05ed0000)
  from space 1856K,  50% used [0x05ed0000, 0x05fbac70, 0x060a0000)
  to   space 1856K,   0% used [0x060a0000, 0x060a0000, 0x06270000)
 tenured generation   total 37580K, used 32691K [0x0a550000, 0x0ca03000, 0x15000000)
   the space 37580K,  86% used [0x0a550000, 0x0c53cda8, 0x0c53ce00, 0x0ca03000)
 Metaspace       used 12168K, capacity 12385K, committed 12544K, reserved 12672K
}
Event: 351.576 GC heap before
{Heap before GC invocations=4524 (full 526):
 def new generation   total 17024K, used 15433K [0x05000000, 0x06270000, 0x0a550000)
  eden space 15168K,  95% used [0x05000000, 0x05e279e8, 0x05ed0000)
  from space 1856K,  50% used [0x05ed0000, 0x05fbac70, 0x060a0000)
  to   space 1856K,   0% used [0x060a0000, 0x060a0000, 0x06270000)
 tenured generation   total 37580K, used 32691K [0x0a550000, 0x0ca03000, 0x15000000)
   the space 37580K,  86% used [0x0a550000, 0x0c53cda8, 0x0c53ce00, 0x0ca03000)
 Metaspace       used 12168K, capacity 12385K, committed 12544K, reserved 12672K
Event: 351.578 GC heap after
Heap after GC invocations=4525 (full 526):
 def new generation   total 17024K, used 1231K [0x05000000, 0x06270000, 0x0a550000)
  eden space 15168K,   0% used [0x05000000, 0x05000000, 0x05ed0000)
  from space 1856K,  66% used [0x060a0000, 0x061d3e00, 0x06270000)
  to   space 1856K,   0% used [0x05ed0000, 0x05ed0000, 0x060a0000)
 tenured generation   total 37580K, used 33919K [0x0a550000, 0x0ca03000, 0x15000000)
   the space 37580K,  90% used [0x0a550000, 0x0c66fc28, 0x0c66fe00, 0x0ca03000)
 Metaspace       used 12168K, capacity 12385K, committed 12544K, reserved 12672K
}
Event: 351.646 GC heap before
{Heap before GC invocations=4525 (full 526):
 def new generation   total 17024K, used 15741K [0x05000000, 0x06270000, 0x0a550000)
  eden space 15168K,  95% used [0x05000000, 0x05e2b6a8, 0x05ed0000)
  from space 1856K,  66% used [0x060a0000, 0x061d3e00, 0x06270000)
  to   space 1856K,   0% used [0x05ed0000, 0x05ed0000, 0x060a0000)
 tenured generation   total 37580K, used 33919K [0x0a550000, 0x0ca03000, 0x15000000)
   the space 37580K,  90% used [0x0a550000, 0x0c66fc28, 0x0c66fe00, 0x0ca03000)
 Metaspace       used 12168K, capacity 12385K, committed 12544K, reserved 12672K
Event: 351.648 GC heap after
Heap after GC invocations=4526 (full 526):
 def new generation   total 17024K, used 1231K [0x05000000, 0x06270000, 0x0a550000)
  eden space 15168K,   0% used [0x05000000, 0x05000000, 0x05ed0000)
  from space 1856K,  66% used [0x05ed0000, 0x06003da0, 0x060a0000)
  to   space 1856K,   0% used [0x060a0000, 0x060a0000, 0x06270000)
 tenured generation   total 37580K, used 36346K [0x0a550000, 0x0ca03000, 0x15000000)
   the space 37580K,  96% used [0x0a550000, 0x0c8ceb70, 0x0c8cec00, 0x0ca03000)
 Metaspace       used 12168K, capacity 12385K, committed 12544K, reserved 12672K
}
Event: 351.747 GC heap before
{Heap before GC invocations=4526 (full 526):
 def new generation   total 17024K, used 16014K [0x05000000, 0x06270000, 0x0a550000)
  eden space 15168K,  97% used [0x05000000, 0x05e6fb88, 0x05ed0000)
  from space 1856K,  66% used [0x05ed0000, 0x06003da0, 0x060a0000)
  to   space 1856K,   0% used [0x060a0000, 0x060a0000, 0x06270000)
 tenured generation   total 37580K, used 36346K [0x0a550000, 0x0ca03000, 0x15000000)
   the space 37580K,  96% used [0x0a550000, 0x0c8ceb70, 0x0c8cec00, 0x0ca03000)
 Metaspace       used 12168K, capacity 12385K, committed 12544K, reserved 12672K
Event: 351.764 GC heap after
Heap after GC invocations=4527 (full 527):
 def new generation   total 17024K, used 0K [0x05000000, 0x06270000, 0x0a550000)
  eden space 15168K,   0% used [0x05000000, 0x05000000, 0x05ed0000)
  from space 1856K,   0% used [0x060a0000, 0x060a0000, 0x06270000)
  to   space 1856K,   0% used [0x05ed0000, 0x05ed0000, 0x060a0000)
 tenured generation   total 37580K, used 12129K [0x0a550000, 0x0ca03000, 0x15000000)
   the space 37580K,  32% used [0x0a550000, 0x0b1284d0, 0x0b128600, 0x0ca03000)
 Metaspace       used 12168K, capacity 12385K, committed 12544K, reserved 12672K
}

