# JRE version: Java(TM) SE Runtime Environment (8.0_171-b11) (build 1.8.0_171-b11)
# Java VM: Java HotSpot(TM) Client VM (25.171-b11 mixed mode windows-x86 )
Heap:
 def new generation   total 10240K, used 9268K [0x04c00000, 0x05710000, 0x0a150000)
  eden space 9152K,  90% used [0x04c00000, 0x05412180, 0x054f0000)
  from space 1088K,  92% used [0x054f0000, 0x055eaf10, 0x05600000)
  to   space 1088K,   0% used [0x05600000, 0x05600000, 0x05710000)
 tenured generation   total 22532K, used 18263K [0x0a150000, 0x0b751000, 0x14c00000)
   the space 22532K,  81% used [0x0a150000, 0x0b325e00, 0x0b325e00, 0x0b751000)
 Metaspace       used 11698K, capacity 11910K, committed 12032K, reserved 12672K
GC Heap History (10 events):
Event: 459.415 GC heap before
{Heap before GC invocations=1822 (full 162):
 def new generation   total 10240K, used 10035K [0x04c00000, 0x05710000, 0x0a150000)
  eden space 9152K,  99% used [0x04c00000, 0x054e5720, 0x054f0000)
  from space 1088K,  85% used [0x05600000, 0x056e77e0, 0x05710000)
  to   space 1088K,   0% used [0x054f0000, 0x054f0000, 0x05600000)
 tenured generation   total 22532K, used 12500K [0x0a150000, 0x0b751000, 0x14c00000)
   the space 22532K,  55% used [0x0a150000, 0x0ad85200, 0x0ad85200, 0x0b751000)
 Metaspace       used 11674K, capacity 11878K, committed 12032K, reserved 12672K
Event: 459.417 GC heap after
Heap after GC invocations=1823 (full 162):
 def new generation   total 10240K, used 876K [0x04c00000, 0x05710000, 0x0a150000)
  eden space 9152K,   0% used [0x04c00000, 0x04c00000, 0x054f0000)
  from space 1088K,  80% used [0x054f0000, 0x055cb100, 0x05600000)
  to   space 1088K,   0% used [0x05600000, 0x05600000, 0x05710000)
 tenured generation   total 22532K, used 13410K [0x0a150000, 0x0b751000, 0x14c00000)
   the space 22532K,  59% used [0x0a150000, 0x0ae68a40, 0x0ae68c00, 0x0b751000)
 Metaspace       used 11674K, capacity 11878K, committed 12032K, reserved 12672K
}
Event: 459.732 GC heap before
{Heap before GC invocations=1823 (full 162):
 def new generation   total 10240K, used 10028K [0x04c00000, 0x05710000, 0x0a150000)
  eden space 9152K, 100% used [0x04c00000, 0x054f0000, 0x054f0000)
  from space 1088K,  80% used [0x054f0000, 0x055cb100, 0x05600000)
  to   space 1088K,   0% used [0x05600000, 0x05600000, 0x05710000)
 tenured generation   total 22532K, used 13410K [0x0a150000, 0x0b751000, 0x14c00000)
   the space 22532K,  59% used [0x0a150000, 0x0ae68a40, 0x0ae68c00, 0x0b751000)
 Metaspace       used 11674K, capacity 11878K, committed 12032K, reserved 12672K
Event: 459.733 GC heap after
Heap after GC invocations=1824 (full 162):
 def new generation   total 10240K, used 865K [0x04c00000, 0x05710000, 0x0a150000)
  eden space 9152K,   0% used [0x04c00000, 0x04c00000, 0x054f0000)
  from space 1088K,  79% used [0x05600000, 0x056d8748, 0x05710000)
  to   space 1088K,   0% used [0x054f0000, 0x054f0000, 0x05600000)
 tenured generation   total 22532K, used 15231K [0x0a150000, 0x0b751000, 0x14c00000)
   the space 22532K,  67% used [0x0a150000, 0x0b02fd68, 0x0b02fe00, 0x0b751000)
 Metaspace       used 11674K, capacity 11878K, committed 12032K, reserved 12672K
}
Event: 459.913 GC heap before
{Heap before GC invocations=1824 (full 162):
 def new generation   total 10240K, used 9873K [0x04c00000, 0x05710000, 0x0a150000)
  eden space 9152K,  98% used [0x04c00000, 0x054cbe68, 0x054f0000)
  from space 1088K,  79% used [0x05600000, 0x056d8748, 0x05710000)
  to   space 1088K,   0% used [0x054f0000, 0x054f0000, 0x05600000)
 tenured generation   total 22532K, used 15231K [0x0a150000, 0x0b751000, 0x14c00000)
   the space 22532K,  67% used [0x0a150000, 0x0b02fd68, 0x0b02fe00, 0x0b751000)
 Metaspace       used 11674K, capacity 11878K, committed 12032K, reserved 12672K
Event: 459.914 GC heap after
Heap after GC invocations=1825 (full 162):
 def new generation   total 10240K, used 874K [0x04c00000, 0x05710000, 0x0a150000)
  eden space 9152K,   0% used [0x04c00000, 0x04c00000, 0x054f0000)
  from space 1088K,  80% used [0x054f0000, 0x055ca8a0, 0x05600000)
  to   space 1088K,   0% used [0x05600000, 0x05600000, 0x05710000)
 tenured generation   total 22532K, used 16442K [0x0a150000, 0x0b751000, 0x14c00000)
   the space 22532K,  72% used [0x0a150000, 0x0b15ea40, 0x0b15ec00, 0x0b751000)
 Metaspace       used 11674K, capacity 11878K, committed 12032K, reserved 12672K
}
Event: 460.148 GC heap before
{Heap before GC invocations=1825 (full 162):
 def new generation   total 10240K, used 10000K [0x04c00000, 0x05710000, 0x0a150000)
  eden space 9152K,  99% used [0x04c00000, 0x054e9850, 0x054f0000)
  from space 1088K,  80% used [0x054f0000, 0x055ca8a0, 0x05600000)
  to   space 1088K,   0% used [0x05600000, 0x05600000, 0x05710000)
 tenured generation   total 22532K, used 16442K [0x0a150000, 0x0b751000, 0x14c00000)
   the space 22532K,  72% used [0x0a150000, 0x0b15ea40, 0x0b15ec00, 0x0b751000)
 Metaspace       used 11674K, capacity 11878K, committed 12032K, reserved 12672K
Event: 460.150 GC heap after
Heap after GC invocations=1826 (full 162):
 def new generation   total 10240K, used 959K [0x04c00000, 0x05710000, 0x0a150000)
  eden space 9152K,   0% used [0x04c00000, 0x04c00000, 0x054f0000)
  from space 1088K,  88% used [0x05600000, 0x056efde8, 0x05710000)
  to   space 1088K,   0% used [0x054f0000, 0x054f0000, 0x05600000)
 tenured generation   total 22532K, used 17352K [0x0a150000, 0x0b751000, 0x14c00000)
   the space 22532K,  77% used [0x0a150000, 0x0b2423e0, 0x0b242400, 0x0b751000)
 Metaspace       used 11674K, capacity 11878K, committed 12032K, reserved 12672K
}
Event: 460.460 GC heap before
{Heap before GC invocations=1826 (full 162):
 def new generation   total 10240K, used 10111K [0x04c00000, 0x05710000, 0x0a150000)
  eden space 9152K, 100% used [0x04c00000, 0x054f0000, 0x054f0000)
  from space 1088K,  88% used [0x05600000, 0x056efde8, 0x05710000)
  to   space 1088K,   0% used [0x054f0000, 0x054f0000, 0x05600000)
 tenured generation   total 22532K, used 17352K [0x0a150000, 0x0b751000, 0x14c00000)
   the space 22532K,  77% used [0x0a150000, 0x0b2423e0, 0x0b242400, 0x0b751000)
 Metaspace       used 11674K, capacity 11878K, committed 12032K, reserved 12672K
Event: 460.461 GC heap after
Heap after GC invocations=1827 (full 162):
 def new generation   total 10240K, used 1003K [0x04c00000, 0x05710000, 0x0a150000)
  eden space 9152K,   0% used [0x04c00000, 0x04c00000, 0x054f0000)
  from space 1088K,  92% used [0x054f0000, 0x055eaf10, 0x05600000)
  to   space 1088K,   0% used [0x05600000, 0x05600000, 0x05710000)
 tenured generation   total 22532K, used 18263K [0x0a150000, 0x0b751000, 0x14c00000)
   the space 22532K,  81% used [0x0a150000, 0x0b325e00, 0x0b325e00, 0x0b751000)
 Metaspace       used 11674K, capacity 11878K, committed 12032K, reserved 12672K
}

