# JRE version: Java(TM) SE Runtime Environment (8.0_171-b11) (build 1.8.0_171-b11)
# Java VM: Java HotSpot(TM) Client VM (25.171-b11 mixed mode windows-x86 )
Heap:
 def new generation   total 5248K, used 1739K [0x04c00000, 0x051b0000, 0x0a150000)
  eden space 4672K,  25% used [0x04c00000, 0x04d25428, 0x05090000)
  from space 576K,  98% used [0x05090000, 0x0511d908, 0x05120000)
  to   space 576K,   0% used [0x05120000, 0x05120000, 0x051b0000)
 tenured generation   total 11552K, used 10691K [0x0a150000, 0x0ac98000, 0x14c00000)
   the space 11552K,  92% used [0x0a150000, 0x0abc0fe0, 0x0abc1000, 0x0ac98000)
 Metaspace       used 8632K, capacity 8825K, committed 8960K, reserved 9600K
GC Heap History (10 events):
Event: 9.636 GC heap before
{Heap before GC invocations=53 (full 6):
 def new generation   total 5248K, used 4838K [0x04c00000, 0x051b0000, 0x0a150000)
  eden space 4672K,  96% used [0x04c00000, 0x0506b5c8, 0x05090000)
  from space 576K,  54% used [0x05120000, 0x0516e3e0, 0x051b0000)
  to   space 576K,   0% used [0x05090000, 0x05090000, 0x05120000)
 tenured generation   total 11552K, used 7343K [0x0a150000, 0x0ac98000, 0x14c00000)
   the space 11552K,  63% used [0x0a150000, 0x0a87bfd8, 0x0a87c000, 0x0ac98000)
 Metaspace       used 8617K, capacity 8793K, committed 8832K, reserved 9600K
Event: 9.637 GC heap after
Heap after GC invocations=54 (full 6):
 def new generation   total 5248K, used 339K [0x04c00000, 0x051b0000, 0x0a150000)
  eden space 4672K,   0% used [0x04c00000, 0x04c00000, 0x05090000)
  from space 576K,  58% used [0x05090000, 0x050e4d60, 0x05120000)
  to   space 576K,   0% used [0x05120000, 0x05120000, 0x051b0000)
 tenured generation   total 11552K, used 8253K [0x0a150000, 0x0ac98000, 0x14c00000)
   the space 11552K,  71% used [0x0a150000, 0x0a95f4f8, 0x0a95f600, 0x0ac98000)
 Metaspace       used 8617K, capacity 8793K, committed 8832K, reserved 9600K
}
Event: 9.805 GC heap before
{Heap before GC invocations=54 (full 6):
 def new generation   total 5248K, used 5011K [0x04c00000, 0x051b0000, 0x0a150000)
  eden space 4672K, 100% used [0x04c00000, 0x05090000, 0x05090000)
  from space 576K,  58% used [0x05090000, 0x050e4d60, 0x05120000)
  to   space 576K,   0% used [0x05120000, 0x05120000, 0x051b0000)
 tenured generation   total 11552K, used 8253K [0x0a150000, 0x0ac98000, 0x14c00000)
   the space 11552K,  71% used [0x0a150000, 0x0a95f4f8, 0x0a95f600, 0x0ac98000)
 Metaspace       used 8617K, capacity 8793K, committed 8832K, reserved 9600K
Event: 9.806 GC heap after
Heap after GC invocations=55 (full 6):
 def new generation   total 5248K, used 542K [0x04c00000, 0x051b0000, 0x0a150000)
  eden space 4672K,   0% used [0x04c00000, 0x04c00000, 0x05090000)
  from space 576K,  94% used [0x05120000, 0x051a7958, 0x051b0000)
  to   space 576K,   0% used [0x05090000, 0x05090000, 0x05120000)
 tenured generation   total 11552K, used 8863K [0x0a150000, 0x0ac98000, 0x14c00000)
   the space 11552K,  76% used [0x0a150000, 0x0a9f7cd8, 0x0a9f7e00, 0x0ac98000)
 Metaspace       used 8617K, capacity 8793K, committed 8832K, reserved 9600K
}
Event: 9.891 GC heap before
{Heap before GC invocations=55 (full 6):
 def new generation   total 5248K, used 4926K [0x04c00000, 0x051b0000, 0x0a150000)
  eden space 4672K,  93% used [0x04c00000, 0x05047f50, 0x05090000)
  from space 576K,  94% used [0x05120000, 0x051a7958, 0x051b0000)
  to   space 576K,   0% used [0x05090000, 0x05090000, 0x05120000)
 tenured generation   total 11552K, used 8863K [0x0a150000, 0x0ac98000, 0x14c00000)
   the space 11552K,  76% used [0x0a150000, 0x0a9f7cd8, 0x0a9f7e00, 0x0ac98000)
 Metaspace       used 8617K, capacity 8793K, committed 8832K, reserved 9600K
Event: 9.891 GC heap after
Heap after GC invocations=56 (full 6):
 def new generation   total 5248K, used 312K [0x04c00000, 0x051b0000, 0x0a150000)
  eden space 4672K,   0% used [0x04c00000, 0x04c00000, 0x05090000)
  from space 576K,  54% used [0x05090000, 0x050de3f8, 0x05120000)
  to   space 576K,   0% used [0x05120000, 0x05120000, 0x051b0000)
 tenured generation   total 11552K, used 9172K [0x0a150000, 0x0ac98000, 0x14c00000)
   the space 11552K,  79% used [0x0a150000, 0x0aa45320, 0x0aa45400, 0x0ac98000)
 Metaspace       used 8617K, capacity 8793K, committed 8832K, reserved 9600K
}
Event: 10.169 GC heap before
{Heap before GC invocations=56 (full 6):
 def new generation   total 5248K, used 4887K [0x04c00000, 0x051b0000, 0x0a150000)
  eden space 4672K,  97% used [0x04c00000, 0x05077b20, 0x05090000)
  from space 576K,  54% used [0x05090000, 0x050de3f8, 0x05120000)
  to   space 576K,   0% used [0x05120000, 0x05120000, 0x051b0000)
 tenured generation   total 11552K, used 9172K [0x0a150000, 0x0ac98000, 0x14c00000)
   the space 11552K,  79% used [0x0a150000, 0x0aa45320, 0x0aa45400, 0x0ac98000)
 Metaspace       used 8617K, capacity 8793K, committed 8832K, reserved 9600K
Event: 10.170 GC heap after
Heap after GC invocations=57 (full 6):
 def new generation   total 5248K, used 339K [0x04c00000, 0x051b0000, 0x0a150000)
  eden space 4672K,   0% used [0x04c00000, 0x04c00000, 0x05090000)
  from space 576K,  58% used [0x05120000, 0x05174d08, 0x051b0000)
  to   space 576K,   0% used [0x05090000, 0x05090000, 0x05120000)
 tenured generation   total 11552K, used 10082K [0x0a150000, 0x0ac98000, 0x14c00000)
   the space 11552K,  87% used [0x0a150000, 0x0ab28838, 0x0ab28a00, 0x0ac98000)
 Metaspace       used 8617K, capacity 8793K, committed 8832K, reserved 9600K
}
Event: 10.293 GC heap before
{Heap before GC invocations=57 (full 6):
 def new generation   total 5248K, used 5011K [0x04c00000, 0x051b0000, 0x0a150000)
  eden space 4672K, 100% used [0x04c00000, 0x05090000, 0x05090000)
  from space 576K,  58% used [0x05120000, 0x05174d08, 0x051b0000)
  to   space 576K,   0% used [0x05090000, 0x05090000, 0x05120000)
 tenured generation   total 11552K, used 10082K [0x0a150000, 0x0ac98000, 0x14c00000)
   the space 11552K,  87% used [0x0a150000, 0x0ab28838, 0x0ab28a00, 0x0ac98000)
 Metaspace       used 8631K, capacity 8825K, committed 8960K, reserved 9600K
Event: 10.295 GC heap after
Heap after GC invocations=58 (full 6):
 def new generation   total 5248K, used 566K [0x04c00000, 0x051b0000, 0x0a150000)
  eden space 4672K,   0% used [0x04c00000, 0x04c00000, 0x05090000)
  from space 576K,  98% used [0x05090000, 0x0511d908, 0x05120000)
  to   space 576K,   0% used [0x05120000, 0x05120000, 0x051b0000)
 tenured generation   total 11552K, used 10691K [0x0a150000, 0x0ac98000, 0x14c00000)
   the space 11552K,  92% used [0x0a150000, 0x0abc0fe0, 0x0abc1000, 0x0ac98000)
 Metaspace       used 8631K, capacity 8825K, committed 8960K, reserved 9600K
}

