# JRE version: Java(TM) SE Runtime Environment (8.0_171-b11) (build 1.8.0_171-b11)
# Java VM: Java HotSpot(TM) Client VM (25.171-b11 mixed mode windows-x86 )
Heap:
 def new generation   total 4992K, used 2393K [0x04e00000, 0x05360000, 0x0a350000)
  eden space 4480K,  47% used [0x04e00000, 0x05011778, 0x05260000)
  from space 512K,  53% used [0x05260000, 0x052a4f90, 0x052e0000)
  to   space 512K,   0% used [0x052e0000, 0x052e0000, 0x05360000)
 tenured generation   total 10944K, used 9685K [0x0a350000, 0x0ae00000, 0x14e00000)
   the space 10944K,  88% used [0x0a350000, 0x0acc5468, 0x0acc5600, 0x0ae00000)
 Metaspace       used 8633K, capacity 8825K, committed 8960K, reserved 9600K
GC Heap History (10 events):
Event: 8.141 GC heap before
{Heap before GC invocations=45 (full 6):
 def new generation   total 4992K, used 4754K [0x04e00000, 0x05360000, 0x0a350000)
  eden space 4480K,  98% used [0x04e00000, 0x05253f68, 0x05260000)
  from space 512K,  63% used [0x052e0000, 0x05330ba0, 0x05360000)
  to   space 512K,   0% used [0x05260000, 0x05260000, 0x052e0000)
 tenured generation   total 10944K, used 10223K [0x0a350000, 0x0ae00000, 0x14e00000)
   the space 10944K,  93% used [0x0a350000, 0x0ad4bed0, 0x0ad4c000, 0x0ae00000)
 Metaspace       used 8618K, capacity 8793K, committed 8832K, reserved 9600K
Event: 8.142 GC heap after
Heap after GC invocations=46 (full 6):
 def new generation   total 4992K, used 381K [0x04e00000, 0x05360000, 0x0a350000)
  eden space 4480K,   0% used [0x04e00000, 0x04e00000, 0x05260000)
  from space 512K,  74% used [0x05260000, 0x052bf648, 0x052e0000)
  to   space 512K,   0% used [0x052e0000, 0x052e0000, 0x05360000)
 tenured generation   total 10944K, used 10833K [0x0a350000, 0x0ae00000, 0x14e00000)
   the space 10944K,  98% used [0x0a350000, 0x0ade4750, 0x0ade4800, 0x0ae00000)
 Metaspace       used 8618K, capacity 8793K, committed 8832K, reserved 9600K
}
Event: 8.386 GC heap before
{Heap before GC invocations=46 (full 6):
 def new generation   total 4992K, used 4698K [0x04e00000, 0x05360000, 0x0a350000)
  eden space 4480K,  96% used [0x04e00000, 0x05237298, 0x05260000)
  from space 512K,  74% used [0x05260000, 0x052bf648, 0x052e0000)
  to   space 512K,   0% used [0x052e0000, 0x052e0000, 0x05360000)
 tenured generation   total 10944K, used 10833K [0x0a350000, 0x0ae00000, 0x14e00000)
   the space 10944K,  98% used [0x0a350000, 0x0ade4750, 0x0ade4800, 0x0ae00000)
 Metaspace       used 8618K, capacity 8793K, committed 8832K, reserved 9600K
Event: 8.399 GC heap after
Heap after GC invocations=47 (full 7):
 def new generation   total 4992K, used 0K [0x04e00000, 0x05360000, 0x0a350000)
  eden space 4480K,   0% used [0x04e00000, 0x04e00000, 0x05260000)
  from space 512K,   0% used [0x052e0000, 0x052e0000, 0x05360000)
  to   space 512K,   0% used [0x05260000, 0x05260000, 0x052e0000)
 tenured generation   total 10944K, used 6440K [0x0a350000, 0x0ae00000, 0x14e00000)
   the space 10944K,  58% used [0x0a350000, 0x0a99a3a0, 0x0a99a400, 0x0ae00000)
 Metaspace       used 8618K, capacity 8793K, committed 8832K, reserved 9600K
}
Event: 8.474 GC heap before
{Heap before GC invocations=47 (full 7):
 def new generation   total 4992K, used 4480K [0x04e00000, 0x05360000, 0x0a350000)
  eden space 4480K, 100% used [0x04e00000, 0x05260000, 0x05260000)
  from space 512K,   0% used [0x052e0000, 0x052e0000, 0x05360000)
  to   space 512K,   0% used [0x05260000, 0x05260000, 0x052e0000)
 tenured generation   total 10944K, used 6440K [0x0a350000, 0x0ae00000, 0x14e00000)
   the space 10944K,  58% used [0x0a350000, 0x0a99a3a0, 0x0a99a400, 0x0ae00000)
 Metaspace       used 8618K, capacity 8793K, committed 8832K, reserved 9600K
Event: 8.475 GC heap after
Heap after GC invocations=48 (full 7):
 def new generation   total 4992K, used 317K [0x04e00000, 0x05360000, 0x0a350000)
  eden space 4480K,   0% used [0x04e00000, 0x04e00000, 0x05260000)
  from space 512K,  61% used [0x05260000, 0x052af558, 0x052e0000)
  to   space 512K,   0% used [0x052e0000, 0x052e0000, 0x05360000)
 tenured generation   total 10944K, used 7565K [0x0a350000, 0x0ae00000, 0x14e00000)
   the space 10944K,  69% used [0x0a350000, 0x0aab37e0, 0x0aab3800, 0x0ae00000)
 Metaspace       used 8618K, capacity 8793K, committed 8832K, reserved 9600K
}
Event: 8.611 GC heap before
{Heap before GC invocations=48 (full 7):
 def new generation   total 4992K, used 4631K [0x04e00000, 0x05360000, 0x0a350000)
  eden space 4480K,  96% used [0x04e00000, 0x05236a38, 0x05260000)
  from space 512K,  61% used [0x05260000, 0x052af558, 0x052e0000)
  to   space 512K,   0% used [0x052e0000, 0x052e0000, 0x05360000)
 tenured generation   total 10944K, used 7565K [0x0a350000, 0x0ae00000, 0x14e00000)
   the space 10944K,  69% used [0x0a350000, 0x0aab37e0, 0x0aab3800, 0x0ae00000)
 Metaspace       used 8618K, capacity 8793K, committed 8832K, reserved 9600K
Event: 8.612 GC heap after
Heap after GC invocations=49 (full 7):
 def new generation   total 4992K, used 313K [0x04e00000, 0x05360000, 0x0a350000)
  eden space 4480K,   0% used [0x04e00000, 0x04e00000, 0x05260000)
  from space 512K,  61% used [0x052e0000, 0x0532e4c0, 0x05360000)
  to   space 512K,   0% used [0x05260000, 0x05260000, 0x052e0000)
 tenured generation   total 10944K, used 8475K [0x0a350000, 0x0ae00000, 0x14e00000)
   the space 10944K,  77% used [0x0a350000, 0x0ab96e58, 0x0ab97000, 0x0ae00000)
 Metaspace       used 8618K, capacity 8793K, committed 8832K, reserved 9600K
}
Event: 8.872 GC heap before
{Heap before GC invocations=49 (full 7):
 def new generation   total 4992K, used 4793K [0x04e00000, 0x05360000, 0x0a350000)
  eden space 4480K, 100% used [0x04e00000, 0x05260000, 0x05260000)
  from space 512K,  61% used [0x052e0000, 0x0532e4c0, 0x05360000)
  to   space 512K,   0% used [0x05260000, 0x05260000, 0x052e0000)
 tenured generation   total 10944K, used 8475K [0x0a350000, 0x0ae00000, 0x14e00000)
   the space 10944K,  77% used [0x0a350000, 0x0ab96e58, 0x0ab97000, 0x0ae00000)
 Metaspace       used 8631K, capacity 8825K, committed 8960K, reserved 9600K
Event: 8.874 GC heap after
Heap after GC invocations=50 (full 7):
 def new generation   total 4992K, used 275K [0x04e00000, 0x05360000, 0x0a350000)
  eden space 4480K,   0% used [0x04e00000, 0x04e00000, 0x05260000)
  from space 512K,  53% used [0x05260000, 0x052a4f90, 0x052e0000)
  to   space 512K,   0% used [0x052e0000, 0x052e0000, 0x05360000)
 tenured generation   total 10944K, used 9685K [0x0a350000, 0x0ae00000, 0x14e00000)
   the space 10944K,  88% used [0x0a350000, 0x0acc5468, 0x0acc5600, 0x0ae00000)
 Metaspace       used 8631K, capacity 8825K, committed 8960K, reserved 9600K
}

