# JRE version: Java(TM) SE Runtime Environment (8.0_171-b11) (build 1.8.0_171-b11)
# Java VM: Java HotSpot(TM) Client VM (25.171-b11 mixed mode, sharing windows-x86 )
Heap:
 def new generation   total 6336K, used 1453K [0x04800000, 0x04ed0000, 0x09d50000)
  eden space 5696K,  15% used [0x04800000, 0x048dc4d8, 0x04d90000)
  from space 640K,  89% used [0x04e30000, 0x04ebef80, 0x04ed0000)
  to   space 640K,   0% used [0x04d90000, 0x04d90000, 0x04e30000)
 tenured generation   total 13804K, used 7679K [0x09d50000, 0x0aacb000, 0x14800000)
   the space 13804K,  55% used [0x09d50000, 0x0a4cfe38, 0x0a4d0000, 0x0aacb000)
 Metaspace       used 4478K, capacity 4681K, committed 4736K, reserved 5504K
GC Heap History (10 events):
Event: 732.121 GC heap before
{Heap before GC invocations=3566 (full 24):
 def new generation   total 6336K, used 5748K [0x04800000, 0x04ed0000, 0x09d50000)
  eden space 5696K,  96% used [0x04800000, 0x04d5dfc8, 0x04d90000)
  from space 640K,  39% used [0x04d90000, 0x04dcf2e8, 0x04e30000)
  to   space 640K,   0% used [0x04e30000, 0x04e30000, 0x04ed0000)
 tenured generation   total 13804K, used 7668K [0x09d50000, 0x0aacb000, 0x14800000)
   the space 13804K,  55% used [0x09d50000, 0x0a4cd0e8, 0x0a4cd200, 0x0aacb000)
 Metaspace       used 4453K, capacity 4649K, committed 4736K, reserved 5504K
Event: 732.122 GC heap after
Heap after GC invocations=3567 (full 24):
 def new generation   total 6336K, used 322K [0x04800000, 0x04ed0000, 0x09d50000)
  eden space 5696K,   0% used [0x04800000, 0x04800000, 0x04d90000)
  from space 640K,  50% used [0x04e30000, 0x04e80948, 0x04ed0000)
  to   space 640K,   0% used [0x04d90000, 0x04d90000, 0x04e30000)
 tenured generation   total 13804K, used 7668K [0x09d50000, 0x0aacb000, 0x14800000)
   the space 13804K,  55% used [0x09d50000, 0x0a4cd0e8, 0x0a4cd200, 0x0aacb000)
 Metaspace       used 4453K, capacity 4649K, committed 4736K, reserved 5504K
}
Event: 732.371 GC heap before
{Heap before GC invocations=3567 (full 24):
 def new generation   total 6336K, used 6018K [0x04800000, 0x04ed0000, 0x09d50000)
  eden space 5696K, 100% used [0x04800000, 0x04d90000, 0x04d90000)
  from space 640K,  50% used [0x04e30000, 0x04e80948, 0x04ed0000)
  to   space 640K,   0% used [0x04d90000, 0x04d90000, 0x04e30000)
 tenured generation   total 13804K, used 7668K [0x09d50000, 0x0aacb000, 0x14800000)
   the space 13804K,  55% used [0x09d50000, 0x0a4cd0e8, 0x0a4cd200, 0x0aacb000)
 Metaspace       used 4453K, capacity 4649K, committed 4736K, reserved 5504K
Event: 732.372 GC heap after
Heap after GC invocations=3568 (full 24):
 def new generation   total 6336K, used 561K [0x04800000, 0x04ed0000, 0x09d50000)
  eden space 5696K,   0% used [0x04800000, 0x04800000, 0x04d90000)
  from space 640K,  87% used [0x04d90000, 0x04e1c778, 0x04e30000)
  to   space 640K,   0% used [0x04e30000, 0x04e30000, 0x04ed0000)
 tenured generation   total 13804K, used 7668K [0x09d50000, 0x0aacb000, 0x14800000)
   the space 13804K,  55% used [0x09d50000, 0x0a4cd2d8, 0x0a4cd400, 0x0aacb000)
 Metaspace       used 4453K, capacity 4649K, committed 4736K, reserved 5504K
}
Event: 732.629 GC heap before
{Heap before GC invocations=3568 (full 24):
 def new generation   total 6336K, used 6189K [0x04800000, 0x04ed0000, 0x09d50000)
  eden space 5696K,  98% used [0x04800000, 0x04d7ef90, 0x04d90000)
  from space 640K,  87% used [0x04d90000, 0x04e1c778, 0x04e30000)
  to   space 640K,   0% used [0x04e30000, 0x04e30000, 0x04ed0000)
 tenured generation   total 13804K, used 7668K [0x09d50000, 0x0aacb000, 0x14800000)
   the space 13804K,  55% used [0x09d50000, 0x0a4cd2d8, 0x0a4cd400, 0x0aacb000)
 Metaspace       used 4453K, capacity 4649K, committed 4736K, reserved 5504K
Event: 732.630 GC heap after
Heap after GC invocations=3569 (full 24):
 def new generation   total 6336K, used 252K [0x04800000, 0x04ed0000, 0x09d50000)
  eden space 5696K,   0% used [0x04800000, 0x04800000, 0x04d90000)
  from space 640K,  39% used [0x04e30000, 0x04e6f2d0, 0x04ed0000)
  to   space 640K,   0% used [0x04d90000, 0x04d90000, 0x04e30000)
 tenured generation   total 13804K, used 7679K [0x09d50000, 0x0aacb000, 0x14800000)
   the space 13804K,  55% used [0x09d50000, 0x0a4cfc48, 0x0a4cfe00, 0x0aacb000)
 Metaspace       used 4453K, capacity 4649K, committed 4736K, reserved 5504K
}
Event: 732.750 GC heap before
{Heap before GC invocations=3569 (full 24):
 def new generation   total 6336K, used 5706K [0x04800000, 0x04ed0000, 0x09d50000)
  eden space 5696K,  95% used [0x04800000, 0x04d537d0, 0x04d90000)
  from space 640K,  39% used [0x04e30000, 0x04e6f2d0, 0x04ed0000)
  to   space 640K,   0% used [0x04d90000, 0x04d90000, 0x04e30000)
 tenured generation   total 13804K, used 7679K [0x09d50000, 0x0aacb000, 0x14800000)
   the space 13804K,  55% used [0x09d50000, 0x0a4cfc48, 0x0a4cfe00, 0x0aacb000)
 Metaspace       used 4453K, capacity 4649K, committed 4736K, reserved 5504K
Event: 732.750 GC heap after
Heap after GC invocations=3570 (full 24):
 def new generation   total 6336K, used 322K [0x04800000, 0x04ed0000, 0x09d50000)
  eden space 5696K,   0% used [0x04800000, 0x04800000, 0x04d90000)
  from space 640K,  50% used [0x04d90000, 0x04de0ac8, 0x04e30000)
  to   space 640K,   0% used [0x04e30000, 0x04e30000, 0x04ed0000)
 tenured generation   total 13804K, used 7679K [0x09d50000, 0x0aacb000, 0x14800000)
   the space 13804K,  55% used [0x09d50000, 0x0a4cfc48, 0x0a4cfe00, 0x0aacb000)
 Metaspace       used 4453K, capacity 4649K, committed 4736K, reserved 5504K
}
Event: 733.069 GC heap before
{Heap before GC invocations=3570 (full 24):
 def new generation   total 6336K, used 6018K [0x04800000, 0x04ed0000, 0x09d50000)
  eden space 5696K, 100% used [0x04800000, 0x04d90000, 0x04d90000)
  from space 640K,  50% used [0x04d90000, 0x04de0ac8, 0x04e30000)
  to   space 640K,   0% used [0x04e30000, 0x04e30000, 0x04ed0000)
 tenured generation   total 13804K, used 7679K [0x09d50000, 0x0aacb000, 0x14800000)
   the space 13804K,  55% used [0x09d50000, 0x0a4cfc48, 0x0a4cfe00, 0x0aacb000)
 Metaspace       used 4476K, capacity 4681K, committed 4736K, reserved 5504K
Event: 733.071 GC heap after
Heap after GC invocations=3571 (full 24):
 def new generation   total 6336K, used 571K [0x04800000, 0x04ed0000, 0x09d50000)
  eden space 5696K,   0% used [0x04800000, 0x04800000, 0x04d90000)
  from space 640K,  89% used [0x04e30000, 0x04ebef80, 0x04ed0000)
  to   space 640K,   0% used [0x04d90000, 0x04d90000, 0x04e30000)
 tenured generation   total 13804K, used 7679K [0x09d50000, 0x0aacb000, 0x14800000)
   the space 13804K,  55% used [0x09d50000, 0x0a4cfe38, 0x0a4d0000, 0x0aacb000)
 Metaspace       used 4476K, capacity 4681K, committed 4736K, reserved 5504K
}

