# JRE version: Java(TM) SE Runtime Environment (8.0_171-b11) (build 1.8.0_171-b11)
# Java VM: Java HotSpot(TM) Client VM (25.171-b11 mixed mode windows-x86 )
Heap:
 def new generation   total 9792K, used 1616K [0x05000000, 0x05aa0000, 0x0a550000)
  eden space 8704K,  18% used [0x05000000, 0x051941f0, 0x05880000)
  from space 1088K,   0% used [0x05880000, 0x05880150, 0x05990000)
  to   space 1088K,   0% used [0x05990000, 0x05990000, 0x05aa0000)
 tenured generation   total 21648K, used 16615K [0x0a550000, 0x0ba74000, 0x15000000)
   the space 21648K,  76% used [0x0a550000, 0x0b589e58, 0x0b58a000, 0x0ba74000)
 Metaspace       used 8632K, capacity 8825K, committed 8960K, reserved 9600K
GC Heap History (10 events):
Event: 8.748 GC heap before
{Heap before GC invocations=180 (full 41):
 def new generation   total 8960K, used 8000K [0x05000000, 0x059b0000, 0x0a550000)
  eden space 8000K, 100% used [0x05000000, 0x057d0000, 0x057d0000)
  from space 960K,   0% used [0x057d0000, 0x057d0150, 0x058c0000)
  to   space 960K,   0% used [0x058c0000, 0x058c0000, 0x059b0000)
 tenured generation   total 19720K, used 14540K [0x0a550000, 0x0b892000, 0x15000000)
   the space 19720K,  73% used [0x0a550000, 0x0b383030, 0x0b383200, 0x0b892000)
 Metaspace       used 8617K, capacity 8793K, committed 8832K, reserved 9600K
Event: 8.749 GC heap after
Heap after GC invocations=181 (full 41):
 def new generation   total 8960K, used 938K [0x05000000, 0x059b0000, 0x0a550000)
  eden space 8000K,   0% used [0x05000000, 0x05000000, 0x057d0000)
  from space 960K,  97% used [0x058c0000, 0x059aabd0, 0x059b0000)
  to   space 960K,   0% used [0x057d0000, 0x057d0000, 0x058c0000)
 tenured generation   total 19720K, used 18140K [0x0a550000, 0x0b892000, 0x15000000)
   the space 19720K,  91% used [0x0a550000, 0x0b707060, 0x0b707200, 0x0b892000)
 Metaspace       used 8617K, capacity 8793K, committed 8832K, reserved 9600K
}
Event: 8.790 GC heap before
{Heap before GC invocations=181 (full 41):
 def new generation   total 8960K, used 8681K [0x05000000, 0x059b0000, 0x0a550000)
  eden space 8000K,  96% used [0x05000000, 0x0578fa70, 0x057d0000)
  from space 960K,  97% used [0x058c0000, 0x059aabd0, 0x059b0000)
  to   space 960K,   0% used [0x057d0000, 0x057d0000, 0x058c0000)
 tenured generation   total 19720K, used 18140K [0x0a550000, 0x0b892000, 0x15000000)
   the space 19720K,  91% used [0x0a550000, 0x0b707060, 0x0b707200, 0x0b892000)
 Metaspace       used 8617K, capacity 8793K, committed 8832K, reserved 9600K
Event: 8.791 GC heap after
Heap after GC invocations=182 (full 41):
 def new generation   total 8960K, used 60K [0x05000000, 0x059b0000, 0x0a550000)
  eden space 8000K,   0% used [0x05000000, 0x05000000, 0x057d0000)
  from space 960K,   6% used [0x057d0000, 0x057df3d0, 0x058c0000)
  to   space 960K,   0% used [0x058c0000, 0x058c0000, 0x059b0000)
 tenured generation   total 19720K, used 19367K [0x0a550000, 0x0b892000, 0x15000000)
   the space 19720K,  98% used [0x0a550000, 0x0b839ee8, 0x0b83a000, 0x0b892000)
 Metaspace       used 8617K, capacity 8793K, committed 8832K, reserved 9600K
}
Event: 8.822 GC heap before
{Heap before GC invocations=182 (full 41):
 def new generation   total 8960K, used 8060K [0x05000000, 0x059b0000, 0x0a550000)
  eden space 8000K, 100% used [0x05000000, 0x057d0000, 0x057d0000)
  from space 960K,   6% used [0x057d0000, 0x057df3d0, 0x058c0000)
  to   space 960K,   0% used [0x058c0000, 0x058c0000, 0x059b0000)
 tenured generation   total 19720K, used 19367K [0x0a550000, 0x0b892000, 0x15000000)
   the space 19720K,  98% used [0x0a550000, 0x0b839ee8, 0x0b83a000, 0x0b892000)
 Metaspace       used 8617K, capacity 8793K, committed 8832K, reserved 9600K
Event: 8.833 GC heap after
Heap after GC invocations=183 (full 42):
 def new generation   total 9792K, used 0K [0x05000000, 0x05aa0000, 0x0a550000)
  eden space 8704K,   0% used [0x05000000, 0x05000000, 0x05880000)
  from space 1088K,   0% used [0x05880000, 0x05880000, 0x05990000)
  to   space 1088K,   0% used [0x05990000, 0x05990000, 0x05aa0000)
 tenured generation   total 21648K, used 12987K [0x0a550000, 0x0ba74000, 0x15000000)
   the space 21648K,  59% used [0x0a550000, 0x0b1fee60, 0x0b1ff000, 0x0ba74000)
 Metaspace       used 8617K, capacity 8793K, committed 8832K, reserved 9600K
}
Event: 8.876 GC heap before
{Heap before GC invocations=183 (full 42):
 def new generation   total 9792K, used 8329K [0x05000000, 0x05aa0000, 0x0a550000)
  eden space 8704K,  95% used [0x05000000, 0x058226d8, 0x05880000)
  from space 1088K,   0% used [0x05880000, 0x05880000, 0x05990000)
  to   space 1088K,   0% used [0x05990000, 0x05990000, 0x05aa0000)
 tenured generation   total 21648K, used 12987K [0x0a550000, 0x0ba74000, 0x15000000)
   the space 21648K,  59% used [0x0a550000, 0x0b1fee60, 0x0b1ff000, 0x0ba74000)
 Metaspace       used 8617K, capacity 8793K, committed 8832K, reserved 9600K
Event: 8.877 GC heap after
Heap after GC invocations=184 (full 42):
 def new generation   total 9792K, used 939K [0x05000000, 0x05aa0000, 0x0a550000)
  eden space 8704K,   0% used [0x05000000, 0x05000000, 0x05880000)
  from space 1088K,  86% used [0x05990000, 0x05a7acc0, 0x05aa0000)
  to   space 1088K,   0% used [0x05880000, 0x05880000, 0x05990000)
 tenured generation   total 21648K, used 15387K [0x0a550000, 0x0ba74000, 0x15000000)
   the space 21648K,  71% used [0x0a550000, 0x0b456e80, 0x0b457000, 0x0ba74000)
 Metaspace       used 8617K, capacity 8793K, committed 8832K, reserved 9600K
}
Event: 8.894 GC heap before
{Heap before GC invocations=184 (full 42):
 def new generation   total 9792K, used 9366K [0x05000000, 0x05aa0000, 0x0a550000)
  eden space 8704K,  96% used [0x05000000, 0x0583ae20, 0x05880000)
  from space 1088K,  86% used [0x05990000, 0x05a7acc0, 0x05aa0000)
  to   space 1088K,   0% used [0x05880000, 0x05880000, 0x05990000)
 tenured generation   total 21648K, used 15387K [0x0a550000, 0x0ba74000, 0x15000000)
   the space 21648K,  71% used [0x0a550000, 0x0b456e80, 0x0b457000, 0x0ba74000)
 Metaspace       used 8617K, capacity 8793K, committed 8832K, reserved 9600K
Event: 8.895 GC heap after
Heap after GC invocations=185 (full 42):
 def new generation   total 9792K, used 0K [0x05000000, 0x05aa0000, 0x0a550000)
  eden space 8704K,   0% used [0x05000000, 0x05000000, 0x05880000)
  from space 1088K,   0% used [0x05880000, 0x05880150, 0x05990000)
  to   space 1088K,   0% used [0x05990000, 0x05990000, 0x05aa0000)
 tenured generation   total 21648K, used 16615K [0x0a550000, 0x0ba74000, 0x15000000)
   the space 21648K,  76% used [0x0a550000, 0x0b589e58, 0x0b58a000, 0x0ba74000)
 Metaspace       used 8617K, capacity 8793K, committed 8832K, reserved 9600K
}

