# JRE version: Java(TM) SE Runtime Environment (8.0_171-b11) (build 1.8.0_171-b11)
# Java VM: Java HotSpot(TM) Client VM (25.171-b11 mixed mode, sharing windows-x86 )
Heap:
 def new generation   total 4992K, used 3525K [0x04400000, 0x04960000, 0x09950000)
  eden space 4480K,  71% used [0x04400000, 0x04721248, 0x04860000)
  from space 512K,  62% used [0x04860000, 0x048b0230, 0x048e0000)
  to   space 512K,   0% used [0x048e0000, 0x048e0000, 0x04960000)
 tenured generation   total 10944K, used 8066K [0x09950000, 0x0a400000, 0x14400000)
   the space 10944K,  73% used [0x09950000, 0x0a130bf8, 0x0a130c00, 0x0a400000)
 Metaspace       used 2294K, capacity 2951K, committed 3008K, reserved 4480K
GC Heap History (10 events):
Event: 201.136 GC heap before
{Heap before GC invocations=1303 (full 37):
 def new generation   total 4992K, used 4742K [0x04400000, 0x04960000, 0x09950000)
  eden space 4480K, 100% used [0x04400000, 0x04860000, 0x04860000)
  from space 512K,  51% used [0x048e0000, 0x04921b60, 0x04960000)
  to   space 512K,   0% used [0x04860000, 0x04860000, 0x048e0000)
 tenured generation   total 10944K, used 7436K [0x09950000, 0x0a400000, 0x14400000)
   the space 10944K,  67% used [0x09950000, 0x0a093378, 0x0a093400, 0x0a400000)
 Metaspace       used 2270K, capacity 2951K, committed 3008K, reserved 4480K
Event: 201.136 GC heap after
Heap after GC invocations=1304 (full 37):
 def new generation   total 4992K, used 240K [0x04400000, 0x04960000, 0x09950000)
  eden space 4480K,   0% used [0x04400000, 0x04400000, 0x04860000)
  from space 512K,  46% used [0x04860000, 0x0489c208, 0x048e0000)
  to   space 512K,   0% used [0x048e0000, 0x048e0000, 0x04960000)
 tenured generation   total 10944K, used 7747K [0x09950000, 0x0a400000, 0x14400000)
   the space 10944K,  70% used [0x09950000, 0x0a0e0c78, 0x0a0e0e00, 0x0a400000)
 Metaspace       used 2270K, capacity 2951K, committed 3008K, reserved 4480K
}
Event: 201.274 GC heap before
{Heap before GC invocations=1304 (full 37):
 def new generation   total 4992K, used 4706K [0x04400000, 0x04960000, 0x09950000)
  eden space 4480K,  99% used [0x04400000, 0x0485c910, 0x04860000)
  from space 512K,  46% used [0x04860000, 0x0489c208, 0x048e0000)
  to   space 512K,   0% used [0x048e0000, 0x048e0000, 0x04960000)
 tenured generation   total 10944K, used 7747K [0x09950000, 0x0a400000, 0x14400000)
   the space 10944K,  70% used [0x09950000, 0x0a0e0c78, 0x0a0e0e00, 0x0a400000)
 Metaspace       used 2270K, capacity 2951K, committed 3008K, reserved 4480K
Event: 201.275 GC heap after
Heap after GC invocations=1305 (full 37):
 def new generation   total 4992K, used 320K [0x04400000, 0x04960000, 0x09950000)
  eden space 4480K,   0% used [0x04400000, 0x04400000, 0x04860000)
  from space 512K,  62% used [0x048e0000, 0x04930248, 0x04960000)
  to   space 512K,   0% used [0x04860000, 0x04860000, 0x048e0000)
 tenured generation   total 10944K, used 7747K [0x09950000, 0x0a400000, 0x14400000)
   the space 10944K,  70% used [0x09950000, 0x0a0e0c78, 0x0a0e0e00, 0x0a400000)
 Metaspace       used 2270K, capacity 2951K, committed 3008K, reserved 4480K
}
Event: 201.543 GC heap before
{Heap before GC invocations=1305 (full 37):
 def new generation   total 4992K, used 4800K [0x04400000, 0x04960000, 0x09950000)
  eden space 4480K, 100% used [0x04400000, 0x04860000, 0x04860000)
  from space 512K,  62% used [0x048e0000, 0x04930248, 0x04960000)
  to   space 512K,   0% used [0x04860000, 0x04860000, 0x048e0000)
 tenured generation   total 10944K, used 7747K [0x09950000, 0x0a400000, 0x14400000)
   the space 10944K,  70% used [0x09950000, 0x0a0e0c78, 0x0a0e0e00, 0x0a400000)
 Metaspace       used 2270K, capacity 2951K, committed 3008K, reserved 4480K
Event: 201.543 GC heap after
Heap after GC invocations=1306 (full 37):
 def new generation   total 4992K, used 262K [0x04400000, 0x04960000, 0x09950000)
  eden space 4480K,   0% used [0x04400000, 0x04400000, 0x04860000)
  from space 512K,  51% used [0x04860000, 0x048a19e0, 0x048e0000)
  to   space 512K,   0% used [0x048e0000, 0x048e0000, 0x04960000)
 tenured generation   total 10944K, used 7756K [0x09950000, 0x0a400000, 0x14400000)
   the space 10944K,  70% used [0x09950000, 0x0a0e33a0, 0x0a0e3400, 0x0a400000)
 Metaspace       used 2270K, capacity 2951K, committed 3008K, reserved 4480K
}
Event: 201.636 GC heap before
{Heap before GC invocations=1306 (full 37):
 def new generation   total 4992K, used 4742K [0x04400000, 0x04960000, 0x09950000)
  eden space 4480K, 100% used [0x04400000, 0x04860000, 0x04860000)
  from space 512K,  51% used [0x04860000, 0x048a19e0, 0x048e0000)
  to   space 512K,   0% used [0x048e0000, 0x048e0000, 0x04960000)
 tenured generation   total 10944K, used 7756K [0x09950000, 0x0a400000, 0x14400000)
   the space 10944K,  70% used [0x09950000, 0x0a0e33a0, 0x0a0e3400, 0x0a400000)
 Metaspace       used 2270K, capacity 2951K, committed 3008K, reserved 4480K
Event: 201.636 GC heap after
Heap after GC invocations=1307 (full 37):
 def new generation   total 4992K, used 240K [0x04400000, 0x04960000, 0x09950000)
  eden space 4480K,   0% used [0x04400000, 0x04400000, 0x04860000)
  from space 512K,  46% used [0x048e0000, 0x0491c1b0, 0x04960000)
  to   space 512K,   0% used [0x04860000, 0x04860000, 0x048e0000)
 tenured generation   total 10944K, used 8066K [0x09950000, 0x0a400000, 0x14400000)
   the space 10944K,  73% used [0x09950000, 0x0a130bf8, 0x0a130c00, 0x0a400000)
 Metaspace       used 2270K, capacity 2951K, committed 3008K, reserved 4480K
}
Event: 201.775 GC heap before
{Heap before GC invocations=1307 (full 37):
 def new generation   total 4992K, used 4626K [0x04400000, 0x04960000, 0x09950000)
  eden space 4480K,  97% used [0x04400000, 0x048488b8, 0x04860000)
  from space 512K,  46% used [0x048e0000, 0x0491c1b0, 0x04960000)
  to   space 512K,   0% used [0x04860000, 0x04860000, 0x048e0000)
 tenured generation   total 10944K, used 8066K [0x09950000, 0x0a400000, 0x14400000)
   the space 10944K,  73% used [0x09950000, 0x0a130bf8, 0x0a130c00, 0x0a400000)
 Metaspace       used 2270K, capacity 2951K, committed 3008K, reserved 4480K
Event: 201.775 GC heap after
Heap after GC invocations=1308 (full 37):
 def new generation   total 4992K, used 320K [0x04400000, 0x04960000, 0x09950000)
  eden space 4480K,   0% used [0x04400000, 0x04400000, 0x04860000)
  from space 512K,  62% used [0x04860000, 0x048b0230, 0x048e0000)
  to   space 512K,   0% used [0x048e0000, 0x048e0000, 0x04960000)
 tenured generation   total 10944K, used 8066K [0x09950000, 0x0a400000, 0x14400000)
   the space 10944K,  73% used [0x09950000, 0x0a130bf8, 0x0a130c00, 0x0a400000)
 Metaspace       used 2270K, capacity 2951K, committed 3008K, reserved 4480K
}

