# JRE version: Java(TM) SE Runtime Environment (8.0_171-b11) (build 1.8.0_171-b11)
# Java VM: Java HotSpot(TM) Client VM (25.171-b11 mixed mode windows-x86 )
Heap:
 def new generation   total 8384K, used 5298K [0x04800000, 0x05110000, 0x09d50000)
  eden space 7488K,  70% used [0x04800000, 0x04d2da68, 0x04f50000)
  from space 896K,   0% used [0x04f50000, 0x04f50000, 0x05030000)
  to   space 896K,   0% used [0x05030000, 0x05030000, 0x05110000)
 tenured generation   total 18488K, used 9860K [0x09d50000, 0x0af5e000, 0x14800000)
   the space 18488K,  53% used [0x09d50000, 0x0a6f1360, 0x0a6f1400, 0x0af5e000)
 Metaspace       used 8699K, capacity 8892K, committed 8960K, reserved 9600K
GC Heap History (10 events):
Event: 10.616 GC heap before
{Heap before GC invocations=241 (full 58):
 def new generation   total 8384K, used 7290K [0x04800000, 0x05110000, 0x09d50000)
  eden space 7488K,  96% used [0x04800000, 0x04f0c070, 0x04f50000)
  from space 896K,   8% used [0x04f50000, 0x04f62ad0, 0x05030000)
  to   space 896K,   0% used [0x05030000, 0x05030000, 0x05110000)
 tenured generation   total 18488K, used 17390K [0x09d50000, 0x0af5e000, 0x14800000)
   the space 18488K,  94% used [0x09d50000, 0x0ae4bbf8, 0x0ae4bc00, 0x0af5e000)
 Metaspace       used 8673K, capacity 8860K, committed 8960K, reserved 9600K
Event: 10.624 GC heap after
Heap after GC invocations=242 (full 59):
 def new generation   total 8448K, used 0K [0x04800000, 0x05120000, 0x09d50000)
  eden space 7552K,   0% used [0x04800000, 0x04800000, 0x04f60000)
  from space 896K,   0% used [0x04f60000, 0x04f60000, 0x05040000)
  to   space 896K,   0% used [0x05040000, 0x05040000, 0x05120000)
 tenured generation   total 18488K, used 8663K [0x09d50000, 0x0af5e000, 0x14800000)
   the space 18488K,  46% used [0x09d50000, 0x0a5c5ea8, 0x0a5c6000, 0x0af5e000)
 Metaspace       used 8673K, capacity 8860K, committed 8960K, reserved 9600K
}
Event: 10.649 GC heap before
{Heap before GC invocations=242 (full 59):
 def new generation   total 8448K, used 6642K [0x04800000, 0x05120000, 0x09d50000)
  eden space 7552K,  87% used [0x04800000, 0x04e7c908, 0x04f60000)
  from space 896K,   0% used [0x04f60000, 0x04f60000, 0x05040000)
  to   space 896K,   0% used [0x05040000, 0x05040000, 0x05120000)
 tenured generation   total 18488K, used 8663K [0x09d50000, 0x0af5e000, 0x14800000)
   the space 18488K,  46% used [0x09d50000, 0x0a5c5ea8, 0x0a5c6000, 0x0af5e000)
 Metaspace       used 8675K, capacity 8860K, committed 8960K, reserved 9600K
Event: 10.650 GC heap after
Heap after GC invocations=243 (full 59):
 def new generation   total 8448K, used 63K [0x04800000, 0x05120000, 0x09d50000)
  eden space 7552K,   0% used [0x04800000, 0x04800000, 0x04f60000)
  from space 896K,   7% used [0x05040000, 0x0504fd50, 0x05120000)
  to   space 896K,   0% used [0x04f60000, 0x04f60000, 0x05040000)
 tenured generation   total 18488K, used 11063K [0x09d50000, 0x0af5e000, 0x14800000)
   the space 18488K,  59% used [0x09d50000, 0x0a81dec8, 0x0a81e000, 0x0af5e000)
 Metaspace       used 8675K, capacity 8860K, committed 8960K, reserved 9600K
}
Event: 10.689 GC heap before
{Heap before GC invocations=243 (full 59):
 def new generation   total 8448K, used 7615K [0x04800000, 0x05120000, 0x09d50000)
  eden space 7552K, 100% used [0x04800000, 0x04f60000, 0x04f60000)
  from space 896K,   7% used [0x05040000, 0x0504fd50, 0x05120000)
  to   space 896K,   0% used [0x04f60000, 0x04f60000, 0x05040000)
 tenured generation   total 18488K, used 11063K [0x09d50000, 0x0af5e000, 0x14800000)
   the space 18488K,  59% used [0x09d50000, 0x0a81dec8, 0x0a81e000, 0x0af5e000)
 Metaspace       used 8675K, capacity 8860K, committed 8960K, reserved 9600K
Event: 10.690 GC heap after
Heap after GC invocations=244 (full 59):
 def new generation   total 8448K, used 39K [0x04800000, 0x05120000, 0x09d50000)
  eden space 7552K,   0% used [0x04800000, 0x04800000, 0x04f60000)
  from space 896K,   4% used [0x04f60000, 0x04f69fe0, 0x05040000)
  to   space 896K,   0% used [0x05040000, 0x05040000, 0x05120000)
 tenured generation   total 18488K, used 14363K [0x09d50000, 0x0af5e000, 0x14800000)
   the space 18488K,  77% used [0x09d50000, 0x0ab56ef8, 0x0ab57000, 0x0af5e000)
 Metaspace       used 8675K, capacity 8860K, committed 8960K, reserved 9600K
}
Event: 10.729 GC heap before
{Heap before GC invocations=244 (full 59):
 def new generation   total 8448K, used 6963K [0x04800000, 0x05120000, 0x09d50000)
  eden space 7552K,  91% used [0x04800000, 0x04ec2d80, 0x04f60000)
  from space 896K,   4% used [0x04f60000, 0x04f69fe0, 0x05040000)
  to   space 896K,   0% used [0x05040000, 0x05040000, 0x05120000)
 tenured generation   total 18488K, used 14363K [0x09d50000, 0x0af5e000, 0x14800000)
   the space 18488K,  77% used [0x09d50000, 0x0ab56ef8, 0x0ab57000, 0x0af5e000)
 Metaspace       used 8675K, capacity 8860K, committed 8960K, reserved 9600K
Event: 10.730 GC heap after
Heap after GC invocations=245 (full 59):
 def new generation   total 8448K, used 75K [0x04800000, 0x05120000, 0x09d50000)
  eden space 7552K,   0% used [0x04800000, 0x04800000, 0x04f60000)
  from space 896K,   8% used [0x05040000, 0x05052f28, 0x05120000)
  to   space 896K,   0% used [0x04f60000, 0x04f60000, 0x05040000)
 tenured generation   total 18488K, used 16763K [0x09d50000, 0x0af5e000, 0x14800000)
   the space 18488K,  90% used [0x09d50000, 0x0adaef18, 0x0adaf000, 0x0af5e000)
 Metaspace       used 8675K, capacity 8860K, committed 8960K, reserved 9600K
}
Event: 10.754 GC heap before
{Heap before GC invocations=245 (full 59):
 def new generation   total 8448K, used 7627K [0x04800000, 0x05120000, 0x09d50000)
  eden space 7552K, 100% used [0x04800000, 0x04f60000, 0x04f60000)
  from space 896K,   8% used [0x05040000, 0x05052f28, 0x05120000)
  to   space 896K,   0% used [0x04f60000, 0x04f60000, 0x05040000)
 tenured generation   total 18488K, used 16763K [0x09d50000, 0x0af5e000, 0x14800000)
   the space 18488K,  90% used [0x09d50000, 0x0adaef18, 0x0adaf000, 0x0af5e000)
 Metaspace       used 8675K, capacity 8860K, committed 8960K, reserved 9600K
Event: 10.765 GC heap after
Heap after GC invocations=246 (full 60):
 def new generation   total 8384K, used 0K [0x04800000, 0x05110000, 0x09d50000)
  eden space 7488K,   0% used [0x04800000, 0x04800000, 0x04f50000)
  from space 896K,   0% used [0x04f50000, 0x04f50000, 0x05030000)
  to   space 896K,   0% used [0x05030000, 0x05030000, 0x05110000)
 tenured generation   total 18488K, used 9860K [0x09d50000, 0x0af5e000, 0x14800000)
   the space 18488K,  53% used [0x09d50000, 0x0a6f1360, 0x0a6f1400, 0x0af5e000)
 Metaspace       used 8675K, capacity 8860K, committed 8960K, reserved 9600K
}

