# JRE version: Java(TM) SE Runtime Environment (8.0_171-b11) (build 1.8.0_171-b11)
# Java VM: Java HotSpot(TM) Client VM (25.171-b11 mixed mode windows-x86 )
Heap:
 def new generation   total 7616K, used 5066K [0x04c00000, 0x05440000, 0x0a150000)
  eden space 6784K,  66% used [0x04c00000, 0x05060fa0, 0x052a0000)
  from space 832K,  70% used [0x052a0000, 0x05331c18, 0x05370000)
  to   space 832K,   0% used [0x05370000, 0x05370000, 0x05440000)
 tenured generation   total 16792K, used 15793K [0x0a150000, 0x0b1b6000, 0x14c00000)
   the space 16792K,  94% used [0x0a150000, 0x0b0bc648, 0x0b0bc800, 0x0b1b6000)
 Metaspace       used 12212K, capacity 12423K, committed 12544K, reserved 12672K
GC Heap History (10 events):
Event: 95.035 GC heap before
{Heap before GC invocations=184 (full 26):
 def new generation   total 7616K, used 7168K [0x04c00000, 0x05440000, 0x0a150000)
  eden space 6784K,  97% used [0x04c00000, 0x0526e630, 0x052a0000)
  from space 832K,  70% used [0x05370000, 0x05401bd8, 0x05440000)
  to   space 832K,   0% used [0x052a0000, 0x052a0000, 0x05370000)
 tenured generation   total 16792K, used 10940K [0x0a150000, 0x0b1b6000, 0x14c00000)
   the space 16792K,  65% used [0x0a150000, 0x0abff1a0, 0x0abff200, 0x0b1b6000)
 Metaspace       used 12188K, capacity 12391K, committed 12544K, reserved 12672K
Event: 95.036 GC heap after
Heap after GC invocations=185 (full 26):
 def new generation   total 7616K, used 623K [0x04c00000, 0x05440000, 0x0a150000)
  eden space 6784K,   0% used [0x04c00000, 0x04c00000, 0x052a0000)
  from space 832K,  74% used [0x052a0000, 0x0533bde8, 0x05370000)
  to   space 832K,   0% used [0x05370000, 0x05370000, 0x05440000)
 tenured generation   total 16792K, used 11251K [0x0a150000, 0x0b1b6000, 0x14c00000)
   the space 16792K,  67% used [0x0a150000, 0x0ac4cd50, 0x0ac4ce00, 0x0b1b6000)
 Metaspace       used 12188K, capacity 12391K, committed 12544K, reserved 12672K
}
Event: 95.228 GC heap before
{Heap before GC invocations=185 (full 26):
 def new generation   total 7616K, used 7405K [0x04c00000, 0x05440000, 0x0a150000)
  eden space 6784K,  99% used [0x04c00000, 0x0529f7d8, 0x052a0000)
  from space 832K,  74% used [0x052a0000, 0x0533bde8, 0x05370000)
  to   space 832K,   0% used [0x05370000, 0x05370000, 0x05440000)
 tenured generation   total 16792K, used 11251K [0x0a150000, 0x0b1b6000, 0x14c00000)
   the space 16792K,  67% used [0x0a150000, 0x0ac4cd50, 0x0ac4ce00, 0x0b1b6000)
 Metaspace       used 12188K, capacity 12391K, committed 12544K, reserved 12672K
Event: 95.229 GC heap after
Heap after GC invocations=186 (full 26):
 def new generation   total 7616K, used 703K [0x04c00000, 0x05440000, 0x0a150000)
  eden space 6784K,   0% used [0x04c00000, 0x04c00000, 0x052a0000)
  from space 832K,  84% used [0x05370000, 0x0541fd88, 0x05440000)
  to   space 832K,   0% used [0x052a0000, 0x052a0000, 0x05370000)
 tenured generation   total 16792K, used 12461K [0x0a150000, 0x0b1b6000, 0x14c00000)
   the space 16792K,  74% used [0x0a150000, 0x0ad7b728, 0x0ad7b800, 0x0b1b6000)
 Metaspace       used 12188K, capacity 12391K, committed 12544K, reserved 12672K
}
Event: 95.403 GC heap before
{Heap before GC invocations=186 (full 26):
 def new generation   total 7616K, used 7487K [0x04c00000, 0x05440000, 0x0a150000)
  eden space 6784K, 100% used [0x04c00000, 0x052a0000, 0x052a0000)
  from space 832K,  84% used [0x05370000, 0x0541fd88, 0x05440000)
  to   space 832K,   0% used [0x052a0000, 0x052a0000, 0x05370000)
 tenured generation   total 16792K, used 12461K [0x0a150000, 0x0b1b6000, 0x14c00000)
   the space 16792K,  74% used [0x0a150000, 0x0ad7b728, 0x0ad7b800, 0x0b1b6000)
 Metaspace       used 12188K, capacity 12391K, committed 12544K, reserved 12672K
Event: 95.404 GC heap after
Heap after GC invocations=187 (full 26):
 def new generation   total 7616K, used 561K [0x04c00000, 0x05440000, 0x0a150000)
  eden space 6784K,   0% used [0x04c00000, 0x04c00000, 0x052a0000)
  from space 832K,  67% used [0x052a0000, 0x0532c6d8, 0x05370000)
  to   space 832K,   0% used [0x05370000, 0x05370000, 0x05440000)
 tenured generation   total 16792K, used 13371K [0x0a150000, 0x0b1b6000, 0x14c00000)
   the space 16792K,  79% used [0x0a150000, 0x0ae5ec60, 0x0ae5ee00, 0x0b1b6000)
 Metaspace       used 12188K, capacity 12391K, committed 12544K, reserved 12672K
}
Event: 95.587 GC heap before
{Heap before GC invocations=187 (full 26):
 def new generation   total 7616K, used 7102K [0x04c00000, 0x05440000, 0x0a150000)
  eden space 6784K,  96% used [0x04c00000, 0x05263330, 0x052a0000)
  from space 832K,  67% used [0x052a0000, 0x0532c6d8, 0x05370000)
  to   space 832K,   0% used [0x05370000, 0x05370000, 0x05440000)
 tenured generation   total 16792K, used 13371K [0x0a150000, 0x0b1b6000, 0x14c00000)
   the space 16792K,  79% used [0x0a150000, 0x0ae5ec60, 0x0ae5ee00, 0x0b1b6000)
 Metaspace       used 12188K, capacity 12391K, committed 12544K, reserved 12672K
Event: 95.588 GC heap after
Heap after GC invocations=188 (full 26):
 def new generation   total 7616K, used 685K [0x04c00000, 0x05440000, 0x0a150000)
  eden space 6784K,   0% used [0x04c00000, 0x04c00000, 0x052a0000)
  from space 832K,  82% used [0x05370000, 0x0541b468, 0x05440000)
  to   space 832K,   0% used [0x052a0000, 0x052a0000, 0x05370000)
 tenured generation   total 16792K, used 14281K [0x0a150000, 0x0b1b6000, 0x14c00000)
   the space 16792K,  85% used [0x0a150000, 0x0af42588, 0x0af42600, 0x0b1b6000)
 Metaspace       used 12188K, capacity 12391K, committed 12544K, reserved 12672K
}
Event: 95.775 GC heap before
{Heap before GC invocations=188 (full 26):
 def new generation   total 7616K, used 7468K [0x04c00000, 0x05440000, 0x0a150000)
  eden space 6784K,  99% used [0x04c00000, 0x0529fcd8, 0x052a0000)
  from space 832K,  82% used [0x05370000, 0x0541b468, 0x05440000)
  to   space 832K,   0% used [0x052a0000, 0x052a0000, 0x05370000)
 tenured generation   total 16792K, used 14281K [0x0a150000, 0x0b1b6000, 0x14c00000)
   the space 16792K,  85% used [0x0a150000, 0x0af42588, 0x0af42600, 0x0b1b6000)
 Metaspace       used 12188K, capacity 12391K, committed 12544K, reserved 12672K
Event: 95.776 GC heap after
Heap after GC invocations=189 (full 26):
 def new generation   total 7616K, used 583K [0x04c00000, 0x05440000, 0x0a150000)
  eden space 6784K,   0% used [0x04c00000, 0x04c00000, 0x052a0000)
  from space 832K,  70% used [0x052a0000, 0x05331c18, 0x05370000)
  to   space 832K,   0% used [0x05370000, 0x05370000, 0x05440000)
 tenured generation   total 16792K, used 15793K [0x0a150000, 0x0b1b6000, 0x14c00000)
   the space 16792K,  94% used [0x0a150000, 0x0b0bc648, 0x0b0bc800, 0x0b1b6000)
 Metaspace       used 12188K, capacity 12391K, committed 12544K, reserved 12672K
}

