# JRE version: Java(TM) SE Runtime Environment (8.0_171-b11) (build 1.8.0_171-b11)
# Java VM: Java HotSpot(TM) Client VM (25.171-b11 mixed mode windows-x86 )
Heap:
 def new generation   total 32192K, used 21417K [0x04c00000, 0x06ee0000, 0x0a150000)
  eden space 28672K,  66% used [0x04c00000, 0x05e830a8, 0x06800000)
  from space 3520K,  69% used [0x06800000, 0x06a67510, 0x06b70000)
  to   space 3520K,   0% used [0x06b70000, 0x06b70000, 0x06ee0000)
 tenured generation   total 71372K, used 50879K [0x0a150000, 0x0e703000, 0x14c00000)
   the space 71372K,  71% used [0x0a150000, 0x0d2ffc88, 0x0d2ffe00, 0x0e703000)
 Metaspace       used 12243K, capacity 12422K, committed 12544K, reserved 12672K
GC Heap History (10 events):
Event: 991.485 GC heap before
{Heap before GC invocations=9220 (full 1031):
 def new generation   total 32192K, used 28672K [0x04c00000, 0x06ee0000, 0x0a150000)
  eden space 28672K, 100% used [0x04c00000, 0x06800000, 0x06800000)
  from space 3520K,   0% used [0x06b70000, 0x06b70000, 0x06ee0000)
  to   space 3520K,   0% used [0x06800000, 0x06800000, 0x06b70000)
 tenured generation   total 71372K, used 32768K [0x0a150000, 0x0e703000, 0x14c00000)
   the space 71372K,  45% used [0x0a150000, 0x0c1502f8, 0x0c150400, 0x0e703000)
 Metaspace       used 12219K, capacity 12422K, committed 12544K, reserved 12672K
Event: 991.487 GC heap after
Heap after GC invocations=9221 (full 1031):
 def new generation   total 32192K, used 3368K [0x04c00000, 0x06ee0000, 0x0a150000)
  eden space 28672K,   0% used [0x04c00000, 0x04c00000, 0x06800000)
  from space 3520K,  95% used [0x06800000, 0x06b4a2d8, 0x06b70000)
  to   space 3520K,   0% used [0x06b70000, 0x06b70000, 0x06ee0000)
 tenured generation   total 71372K, used 36368K [0x0a150000, 0x0e703000, 0x14c00000)
   the space 71372K,  50% used [0x0a150000, 0x0c4d4328, 0x0c4d4400, 0x0e703000)
 Metaspace       used 12219K, capacity 12422K, committed 12544K, reserved 12672K
}
Event: 991.620 GC heap before
{Heap before GC invocations=9221 (full 1031):
 def new generation   total 32192K, used 31457K [0x04c00000, 0x06ee0000, 0x0a150000)
  eden space 28672K,  97% used [0x04c00000, 0x0676e330, 0x06800000)
  from space 3520K,  95% used [0x06800000, 0x06b4a2d8, 0x06b70000)
  to   space 3520K,   0% used [0x06b70000, 0x06b70000, 0x06ee0000)
 tenured generation   total 71372K, used 36368K [0x0a150000, 0x0e703000, 0x14c00000)
   the space 71372K,  50% used [0x0a150000, 0x0c4d4328, 0x0c4d4400, 0x0e703000)
 Metaspace       used 12219K, capacity 12422K, committed 12544K, reserved 12672K
Event: 991.622 GC heap after
Heap after GC invocations=9222 (full 1031):
 def new generation   total 32192K, used 2460K [0x04c00000, 0x06ee0000, 0x0a150000)
  eden space 28672K,   0% used [0x04c00000, 0x04c00000, 0x06800000)
  from space 3520K,  69% used [0x06b70000, 0x06dd72c8, 0x06ee0000)
  to   space 3520K,   0% used [0x06800000, 0x06800000, 0x06b70000)
 tenured generation   total 71372K, used 39996K [0x0a150000, 0x0e703000, 0x14c00000)
   the space 71372K,  56% used [0x0a150000, 0x0c85f198, 0x0c85f200, 0x0e703000)
 Metaspace       used 12219K, capacity 12422K, committed 12544K, reserved 12672K
}
Event: 991.814 GC heap before
{Heap before GC invocations=9222 (full 1031):
 def new generation   total 32192K, used 30545K [0x04c00000, 0x06ee0000, 0x0a150000)
  eden space 28672K,  97% used [0x04c00000, 0x0676d150, 0x06800000)
  from space 3520K,  69% used [0x06b70000, 0x06dd72c8, 0x06ee0000)
  to   space 3520K,   0% used [0x06800000, 0x06800000, 0x06b70000)
 tenured generation   total 71372K, used 39996K [0x0a150000, 0x0e703000, 0x14c00000)
   the space 71372K,  56% used [0x0a150000, 0x0c85f198, 0x0c85f200, 0x0e703000)
 Metaspace       used 12219K, capacity 12422K, committed 12544K, reserved 12672K
Event: 991.816 GC heap after
Heap after GC invocations=9223 (full 1031):
 def new generation   total 32192K, used 2518K [0x04c00000, 0x06ee0000, 0x0a150000)
  eden space 28672K,   0% used [0x04c00000, 0x04c00000, 0x06800000)
  from space 3520K,  71% used [0x06800000, 0x06a75a00, 0x06b70000)
  to   space 3520K,   0% used [0x06b70000, 0x06b70000, 0x06ee0000)
 tenured generation   total 71372K, used 43624K [0x0a150000, 0x0e703000, 0x14c00000)
   the space 71372K,  61% used [0x0a150000, 0x0cbea010, 0x0cbea200, 0x0e703000)
 Metaspace       used 12219K, capacity 12422K, committed 12544K, reserved 12672K
}
Event: 991.954 GC heap before
{Heap before GC invocations=9223 (full 1031):
 def new generation   total 32192K, used 30536K [0x04c00000, 0x06ee0000, 0x0a150000)
  eden space 28672K,  97% used [0x04c00000, 0x0675c928, 0x06800000)
  from space 3520K,  71% used [0x06800000, 0x06a75a00, 0x06b70000)
  to   space 3520K,   0% used [0x06b70000, 0x06b70000, 0x06ee0000)
 tenured generation   total 71372K, used 43624K [0x0a150000, 0x0e703000, 0x14c00000)
   the space 71372K,  61% used [0x0a150000, 0x0cbea010, 0x0cbea200, 0x0e703000)
 Metaspace       used 12219K, capacity 12422K, committed 12544K, reserved 12672K
Event: 991.956 GC heap after
Heap after GC invocations=9224 (full 1031):
 def new generation   total 32192K, used 2461K [0x04c00000, 0x06ee0000, 0x0a150000)
  eden space 28672K,   0% used [0x04c00000, 0x04c00000, 0x06800000)
  from space 3520K,  69% used [0x06b70000, 0x06dd7418, 0x06ee0000)
  to   space 3520K,   0% used [0x06800000, 0x06800000, 0x06b70000)
 tenured generation   total 71372K, used 47251K [0x0a150000, 0x0e703000, 0x14c00000)
   the space 71372K,  66% used [0x0a150000, 0x0cf74d80, 0x0cf74e00, 0x0e703000)
 Metaspace       used 12219K, capacity 12422K, committed 12544K, reserved 12672K
}
Event: 992.083 GC heap before
{Heap before GC invocations=9224 (full 1031):
 def new generation   total 32192K, used 30536K [0x04c00000, 0x06ee0000, 0x0a150000)
  eden space 28672K,  97% used [0x04c00000, 0x0676aca8, 0x06800000)
  from space 3520K,  69% used [0x06b70000, 0x06dd7418, 0x06ee0000)
  to   space 3520K,   0% used [0x06800000, 0x06800000, 0x06b70000)
 tenured generation   total 71372K, used 47251K [0x0a150000, 0x0e703000, 0x14c00000)
   the space 71372K,  66% used [0x0a150000, 0x0cf74d80, 0x0cf74e00, 0x0e703000)
 Metaspace       used 12219K, capacity 12422K, committed 12544K, reserved 12672K
Event: 992.085 GC heap after
Heap after GC invocations=9225 (full 1031):
 def new generation   total 32192K, used 2461K [0x04c00000, 0x06ee0000, 0x0a150000)
  eden space 28672K,   0% used [0x04c00000, 0x04c00000, 0x06800000)
  from space 3520K,  69% used [0x06800000, 0x06a67510, 0x06b70000)
  to   space 3520K,   0% used [0x06b70000, 0x06b70000, 0x06ee0000)
 tenured generation   total 71372K, used 50879K [0x0a150000, 0x0e703000, 0x14c00000)
   the space 71372K,  71% used [0x0a150000, 0x0d2ffc88, 0x0d2ffe00, 0x0e703000)
 Metaspace       used 12219K, capacity 12422K, committed 12544K, reserved 12672K
}

