# JRE version: Java(TM) SE Runtime Environment (8.0_171-b11) (build 1.8.0_171-b11)
# Java VM: Java HotSpot(TM) Client VM (25.171-b11 mixed mode, sharing windows-x86 )
Heap:
 def new generation   total 7360K, used 3353K [0x04400000, 0x04bf0000, 0x09950000)
  eden space 6592K,  45% used [0x04400000, 0x046e6628, 0x04a70000)
  from space 768K,  49% used [0x04a70000, 0x04acfec8, 0x04b30000)
  to   space 768K,   0% used [0x04b30000, 0x04b30000, 0x04bf0000)
 tenured generation   total 16124K, used 13976K [0x09950000, 0x0a90f000, 0x14400000)
   the space 16124K,  86% used [0x09950000, 0x0a6f6130, 0x0a6f6200, 0x0a90f000)
 Metaspace       used 4408K, capacity 4614K, committed 4736K, reserved 5504K
GC Heap History (10 events):
Event: 494.334 GC heap before
{Heap before GC invocations=2261 (full 8):
 def new generation   total 7360K, used 6906K [0x04400000, 0x04bf0000, 0x09950000)
  eden space 6592K,  96% used [0x04400000, 0x04a34830, 0x04a70000)
  from space 768K,  71% used [0x04b30000, 0x04bb9ff8, 0x04bf0000)
  to   space 768K,   0% used [0x04a70000, 0x04a70000, 0x04b30000)
 tenured generation   total 16124K, used 13965K [0x09950000, 0x0a90f000, 0x14400000)
   the space 16124K,  86% used [0x09950000, 0x0a6f37d8, 0x0a6f3800, 0x0a90f000)
 Metaspace       used 4384K, capacity 4582K, committed 4736K, reserved 5504K
Event: 494.335 GC heap after
Heap after GC invocations=2262 (full 8):
 def new generation   total 7360K, used 251K [0x04400000, 0x04bf0000, 0x09950000)
  eden space 6592K,   0% used [0x04400000, 0x04400000, 0x04a70000)
  from space 768K,  32% used [0x04a70000, 0x04aaeed8, 0x04b30000)
  to   space 768K,   0% used [0x04b30000, 0x04b30000, 0x04bf0000)
 tenured generation   total 16124K, used 13976K [0x09950000, 0x0a90f000, 0x14400000)
   the space 16124K,  86% used [0x09950000, 0x0a6f6130, 0x0a6f6200, 0x0a90f000)
 Metaspace       used 4384K, capacity 4582K, committed 4736K, reserved 5504K
}
Event: 494.581 GC heap before
{Heap before GC invocations=2262 (full 8):
 def new generation   total 7360K, used 6843K [0x04400000, 0x04bf0000, 0x09950000)
  eden space 6592K, 100% used [0x04400000, 0x04a70000, 0x04a70000)
  from space 768K,  32% used [0x04a70000, 0x04aaeed8, 0x04b30000)
  to   space 768K,   0% used [0x04b30000, 0x04b30000, 0x04bf0000)
 tenured generation   total 16124K, used 13976K [0x09950000, 0x0a90f000, 0x14400000)
   the space 16124K,  86% used [0x09950000, 0x0a6f6130, 0x0a6f6200, 0x0a90f000)
 Metaspace       used 4384K, capacity 4582K, committed 4736K, reserved 5504K
Event: 494.582 GC heap after
Heap after GC invocations=2263 (full 8):
 def new generation   total 7360K, used 273K [0x04400000, 0x04bf0000, 0x09950000)
  eden space 6592K,   0% used [0x04400000, 0x04400000, 0x04a70000)
  from space 768K,  35% used [0x04b30000, 0x04b74498, 0x04bf0000)
  to   space 768K,   0% used [0x04a70000, 0x04a70000, 0x04b30000)
 tenured generation   total 16124K, used 13976K [0x09950000, 0x0a90f000, 0x14400000)
   the space 16124K,  86% used [0x09950000, 0x0a6f6130, 0x0a6f6200, 0x0a90f000)
 Metaspace       used 4384K, capacity 4582K, committed 4736K, reserved 5504K
}
Event: 494.818 GC heap before
{Heap before GC invocations=2263 (full 8):
 def new generation   total 7360K, used 6865K [0x04400000, 0x04bf0000, 0x09950000)
  eden space 6592K, 100% used [0x04400000, 0x04a70000, 0x04a70000)
  from space 768K,  35% used [0x04b30000, 0x04b74498, 0x04bf0000)
  to   space 768K,   0% used [0x04a70000, 0x04a70000, 0x04b30000)
 tenured generation   total 16124K, used 13976K [0x09950000, 0x0a90f000, 0x14400000)
   the space 16124K,  86% used [0x09950000, 0x0a6f6130, 0x0a6f6200, 0x0a90f000)
 Metaspace       used 4384K, capacity 4582K, committed 4736K, reserved 5504K
Event: 494.819 GC heap after
Heap after GC invocations=2264 (full 8):
 def new generation   total 7360K, used 273K [0x04400000, 0x04bf0000, 0x09950000)
  eden space 6592K,   0% used [0x04400000, 0x04400000, 0x04a70000)
  from space 768K,  35% used [0x04a70000, 0x04ab4570, 0x04b30000)
  to   space 768K,   0% used [0x04b30000, 0x04b30000, 0x04bf0000)
 tenured generation   total 16124K, used 13976K [0x09950000, 0x0a90f000, 0x14400000)
   the space 16124K,  86% used [0x09950000, 0x0a6f6130, 0x0a6f6200, 0x0a90f000)
 Metaspace       used 4384K, capacity 4582K, committed 4736K, reserved 5504K
}
Event: 495.079 GC heap before
{Heap before GC invocations=2264 (full 8):
 def new generation   total 7360K, used 6750K [0x04400000, 0x04bf0000, 0x09950000)
  eden space 6592K,  98% used [0x04400000, 0x04a53620, 0x04a70000)
  from space 768K,  35% used [0x04a70000, 0x04ab4570, 0x04b30000)
  to   space 768K,   0% used [0x04b30000, 0x04b30000, 0x04bf0000)
 tenured generation   total 16124K, used 13976K [0x09950000, 0x0a90f000, 0x14400000)
   the space 16124K,  86% used [0x09950000, 0x0a6f6130, 0x0a6f6200, 0x0a90f000)
 Metaspace       used 4384K, capacity 4582K, committed 4736K, reserved 5504K
Event: 495.080 GC heap after
Heap after GC invocations=2265 (full 8):
 def new generation   total 7360K, used 46K [0x04400000, 0x04bf0000, 0x09950000)
  eden space 6592K,   0% used [0x04400000, 0x04400000, 0x04a70000)
  from space 768K,   6% used [0x04b30000, 0x04b3bbf0, 0x04bf0000)
  to   space 768K,   0% used [0x04a70000, 0x04a70000, 0x04b30000)
 tenured generation   total 16124K, used 13976K [0x09950000, 0x0a90f000, 0x14400000)
   the space 16124K,  86% used [0x09950000, 0x0a6f6130, 0x0a6f6200, 0x0a90f000)
 Metaspace       used 4384K, capacity 4582K, committed 4736K, reserved 5504K
}
Event: 495.235 GC heap before
{Heap before GC invocations=2265 (full 8):
 def new generation   total 7360K, used 6349K [0x04400000, 0x04bf0000, 0x09950000)
  eden space 6592K,  95% used [0x04400000, 0x04a278e8, 0x04a70000)
  from space 768K,   6% used [0x04b30000, 0x04b3bbf0, 0x04bf0000)
  to   space 768K,   0% used [0x04a70000, 0x04a70000, 0x04b30000)
 tenured generation   total 16124K, used 13976K [0x09950000, 0x0a90f000, 0x14400000)
   the space 16124K,  86% used [0x09950000, 0x0a6f6130, 0x0a6f6200, 0x0a90f000)
 Metaspace       used 4384K, capacity 4582K, committed 4736K, reserved 5504K
Event: 495.236 GC heap after
Heap after GC invocations=2266 (full 8):
 def new generation   total 7360K, used 383K [0x04400000, 0x04bf0000, 0x09950000)
  eden space 6592K,   0% used [0x04400000, 0x04400000, 0x04a70000)
  from space 768K,  49% used [0x04a70000, 0x04acfec8, 0x04b30000)
  to   space 768K,   0% used [0x04b30000, 0x04b30000, 0x04bf0000)
 tenured generation   total 16124K, used 13976K [0x09950000, 0x0a90f000, 0x14400000)
   the space 16124K,  86% used [0x09950000, 0x0a6f6130, 0x0a6f6200, 0x0a90f000)
 Metaspace       used 4384K, capacity 4582K, committed 4736K, reserved 5504K
}

