# JRE version: Java(TM) SE Runtime Environment (8.0_171-b11) (build 1.8.0_171-b11)
# Java VM: Java HotSpot(TM) Client VM (25.171-b11 mixed mode windows-x86 )
Heap:
 def new generation   total 6464K, used 3316K [0x04e00000, 0x05500000, 0x0a350000)
  eden space 5760K,  53% used [0x04e00000, 0x050fe170, 0x053a0000)
  from space 704K,  35% used [0x05450000, 0x0548f1c8, 0x05500000)
  to   space 704K,   0% used [0x053a0000, 0x053a0000, 0x05450000)
 tenured generation   total 14148K, used 12054K [0x0a350000, 0x0b121000, 0x14e00000)
   the space 14148K,  85% used [0x0a350000, 0x0af15b40, 0x0af15c00, 0x0b121000)
 Metaspace       used 11687K, capacity 11906K, committed 12032K, reserved 12672K
GC Heap History (10 events):
Event: 111.384 GC heap before
{Heap before GC invocations=609 (full 5):
 def new generation   total 6464K, used 6155K [0x04e00000, 0x05500000, 0x0a350000)
  eden space 5760K, 100% used [0x04e00000, 0x053a0000, 0x053a0000)
  from space 704K,  56% used [0x053a0000, 0x05402d50, 0x05450000)
  to   space 704K,   0% used [0x05450000, 0x05450000, 0x05500000)
 tenured generation   total 14148K, used 12008K [0x0a350000, 0x0b121000, 0x14e00000)
   the space 14148K,  84% used [0x0a350000, 0x0af0a338, 0x0af0a400, 0x0b121000)
 Metaspace       used 11663K, capacity 11874K, committed 12032K, reserved 12672K
Event: 111.385 GC heap after
Heap after GC invocations=610 (full 5):
 def new generation   total 6464K, used 552K [0x04e00000, 0x05500000, 0x0a350000)
  eden space 5760K,   0% used [0x04e00000, 0x04e00000, 0x053a0000)
  from space 704K,  78% used [0x05450000, 0x054da0e0, 0x05500000)
  to   space 704K,   0% used [0x053a0000, 0x053a0000, 0x05450000)
 tenured generation   total 14148K, used 12033K [0x0a350000, 0x0b121000, 0x14e00000)
   the space 14148K,  85% used [0x0a350000, 0x0af107f8, 0x0af10800, 0x0b121000)
 Metaspace       used 11663K, capacity 11874K, committed 12032K, reserved 12672K
}
Event: 111.621 GC heap before
{Heap before GC invocations=610 (full 5):
 def new generation   total 6464K, used 6181K [0x04e00000, 0x05500000, 0x0a350000)
  eden space 5760K,  97% used [0x04e00000, 0x0537f690, 0x053a0000)
  from space 704K,  78% used [0x05450000, 0x054da0e0, 0x05500000)
  to   space 704K,   0% used [0x053a0000, 0x053a0000, 0x05450000)
 tenured generation   total 14148K, used 12033K [0x0a350000, 0x0b121000, 0x14e00000)
   the space 14148K,  85% used [0x0a350000, 0x0af107f8, 0x0af10800, 0x0b121000)
 Metaspace       used 11663K, capacity 11874K, committed 12032K, reserved 12672K
Event: 111.622 GC heap after
Heap after GC invocations=611 (full 5):
 def new generation   total 6464K, used 252K [0x04e00000, 0x05500000, 0x0a350000)
  eden space 5760K,   0% used [0x04e00000, 0x04e00000, 0x053a0000)
  from space 704K,  35% used [0x053a0000, 0x053df188, 0x05450000)
  to   space 704K,   0% used [0x05450000, 0x05450000, 0x05500000)
 tenured generation   total 14148K, used 12044K [0x0a350000, 0x0b121000, 0x14e00000)
   the space 14148K,  85% used [0x0a350000, 0x0af13178, 0x0af13200, 0x0b121000)
 Metaspace       used 11663K, capacity 11874K, committed 12032K, reserved 12672K
}
Event: 111.766 GC heap before
{Heap before GC invocations=611 (full 5):
 def new generation   total 6464K, used 5742K [0x04e00000, 0x05500000, 0x0a350000)
  eden space 5760K,  95% used [0x04e00000, 0x0535c918, 0x053a0000)
  from space 704K,  35% used [0x053a0000, 0x053df188, 0x05450000)
  to   space 704K,   0% used [0x05450000, 0x05450000, 0x05500000)
 tenured generation   total 14148K, used 12044K [0x0a350000, 0x0b121000, 0x14e00000)
   the space 14148K,  85% used [0x0a350000, 0x0af13178, 0x0af13200, 0x0b121000)
 Metaspace       used 11663K, capacity 11874K, committed 12032K, reserved 12672K
Event: 111.767 GC heap after
Heap after GC invocations=612 (full 5):
 def new generation   total 6464K, used 323K [0x04e00000, 0x05500000, 0x0a350000)
  eden space 5760K,   0% used [0x04e00000, 0x04e00000, 0x053a0000)
  from space 704K,  45% used [0x05450000, 0x054a0c38, 0x05500000)
  to   space 704K,   0% used [0x053a0000, 0x053a0000, 0x05450000)
 tenured generation   total 14148K, used 12044K [0x0a350000, 0x0b121000, 0x14e00000)
   the space 14148K,  85% used [0x0a350000, 0x0af13178, 0x0af13200, 0x0b121000)
 Metaspace       used 11663K, capacity 11874K, committed 12032K, reserved 12672K
}
Event: 111.994 GC heap before
{Heap before GC invocations=612 (full 5):
 def new generation   total 6464K, used 6083K [0x04e00000, 0x05500000, 0x0a350000)
  eden space 5760K, 100% used [0x04e00000, 0x053a0000, 0x053a0000)
  from space 704K,  45% used [0x05450000, 0x054a0c38, 0x05500000)
  to   space 704K,   0% used [0x053a0000, 0x053a0000, 0x05450000)
 tenured generation   total 14148K, used 12044K [0x0a350000, 0x0b121000, 0x14e00000)
   the space 14148K,  85% used [0x0a350000, 0x0af13178, 0x0af13200, 0x0b121000)
 Metaspace       used 11663K, capacity 11874K, committed 12032K, reserved 12672K
Event: 111.995 GC heap after
Heap after GC invocations=613 (full 5):
 def new generation   total 6464K, used 562K [0x04e00000, 0x05500000, 0x0a350000)
  eden space 5760K,   0% used [0x04e00000, 0x04e00000, 0x053a0000)
  from space 704K,  79% used [0x053a0000, 0x0542cbc0, 0x05450000)
  to   space 704K,   0% used [0x05450000, 0x05450000, 0x05500000)
 tenured generation   total 14148K, used 12044K [0x0a350000, 0x0b121000, 0x14e00000)
   the space 14148K,  85% used [0x0a350000, 0x0af13178, 0x0af13200, 0x0b121000)
 Metaspace       used 11663K, capacity 11874K, committed 12032K, reserved 12672K
}
Event: 112.209 GC heap before
{Heap before GC invocations=613 (full 5):
 def new generation   total 6464K, used 6237K [0x04e00000, 0x05500000, 0x0a350000)
  eden space 5760K,  98% used [0x04e00000, 0x0538a9b8, 0x053a0000)
  from space 704K,  79% used [0x053a0000, 0x0542cbc0, 0x05450000)
  to   space 704K,   0% used [0x05450000, 0x05450000, 0x05500000)
 tenured generation   total 14148K, used 12044K [0x0a350000, 0x0b121000, 0x14e00000)
   the space 14148K,  85% used [0x0a350000, 0x0af13178, 0x0af13200, 0x0b121000)
 Metaspace       used 11663K, capacity 11874K, committed 12032K, reserved 12672K
Event: 112.209 GC heap after
Heap after GC invocations=614 (full 5):
 def new generation   total 6464K, used 252K [0x04e00000, 0x05500000, 0x0a350000)
  eden space 5760K,   0% used [0x04e00000, 0x04e00000, 0x053a0000)
  from space 704K,  35% used [0x05450000, 0x0548f1c8, 0x05500000)
  to   space 704K,   0% used [0x053a0000, 0x053a0000, 0x05450000)
 tenured generation   total 14148K, used 12054K [0x0a350000, 0x0b121000, 0x14e00000)
   the space 14148K,  85% used [0x0a350000, 0x0af15b40, 0x0af15c00, 0x0b121000)
 Metaspace       used 11663K, capacity 11874K, committed 12032K, reserved 12672K
}

