# JRE version: Java(TM) SE Runtime Environment (8.0_171-b11) (build 1.8.0_171-b11)
# Java VM: Java HotSpot(TM) Client VM (25.171-b11 mixed mode windows-x86 )
Heap:
 def new generation   total 9088K, used 8604K [0x04e00000, 0x057d0000, 0x0a350000)
  eden space 8128K,  97% used [0x04e00000, 0x055b7250, 0x055f0000)
  from space 960K,  73% used [0x055f0000, 0x056a0038, 0x056e0000)
  to   space 960K,   0% used [0x056e0000, 0x056e0000, 0x057d0000)
 tenured generation   total 19916K, used 18028K [0x0a350000, 0x0b6c3000, 0x14e00000)
   the space 19916K,  90% used [0x0a350000, 0x0b4eb080, 0x0b4eb200, 0x0b6c3000)
 Metaspace       used 12185K, capacity 12390K, committed 12544K, reserved 12672K
GC Heap History (10 events):
Event: 152.220 GC heap before
{Heap before GC invocations=741 (full 83):
 def new generation   total 9088K, used 9000K [0x04e00000, 0x057d0000, 0x0a350000)
  eden space 8128K, 100% used [0x04e00000, 0x055f0000, 0x055f0000)
  from space 960K,  90% used [0x056e0000, 0x057ba000, 0x057d0000)
  to   space 960K,   0% used [0x055f0000, 0x055f0000, 0x056e0000)
 tenured generation   total 19916K, used 12572K [0x0a350000, 0x0b6c3000, 0x14e00000)
   the space 19916K,  63% used [0x0a350000, 0x0af971d8, 0x0af97200, 0x0b6c3000)
 Metaspace       used 12161K, capacity 12358K, committed 12544K, reserved 12672K
Event: 152.221 GC heap after
Heap after GC invocations=742 (full 83):
 def new generation   total 9088K, used 945K [0x04e00000, 0x057d0000, 0x0a350000)
  eden space 8128K,   0% used [0x04e00000, 0x04e00000, 0x055f0000)
  from space 960K,  98% used [0x055f0000, 0x056dc530, 0x056e0000)
  to   space 960K,   0% used [0x056e0000, 0x056e0000, 0x057d0000)
 tenured generation   total 19916K, used 13483K [0x0a350000, 0x0b6c3000, 0x14e00000)
   the space 19916K,  67% used [0x0a350000, 0x0b07ae40, 0x0b07b000, 0x0b6c3000)
 Metaspace       used 12161K, capacity 12358K, committed 12544K, reserved 12672K
}
Event: 152.421 GC heap before
{Heap before GC invocations=742 (full 83):
 def new generation   total 9088K, used 8790K [0x04e00000, 0x057d0000, 0x0a350000)
  eden space 8128K,  96% used [0x04e00000, 0x055a9478, 0x055f0000)
  from space 960K,  98% used [0x055f0000, 0x056dc530, 0x056e0000)
  to   space 960K,   0% used [0x056e0000, 0x056e0000, 0x057d0000)
 tenured generation   total 19916K, used 13483K [0x0a350000, 0x0b6c3000, 0x14e00000)
   the space 19916K,  67% used [0x0a350000, 0x0b07ae40, 0x0b07b000, 0x0b6c3000)
 Metaspace       used 12161K, capacity 12358K, committed 12544K, reserved 12672K
Event: 152.422 GC heap after
Heap after GC invocations=743 (full 83):
 def new generation   total 9088K, used 684K [0x04e00000, 0x057d0000, 0x0a350000)
  eden space 8128K,   0% used [0x04e00000, 0x04e00000, 0x055f0000)
  from space 960K,  71% used [0x056e0000, 0x0578b3c8, 0x057d0000)
  to   space 960K,   0% used [0x055f0000, 0x055f0000, 0x056e0000)
 tenured generation   total 19916K, used 14093K [0x0a350000, 0x0b6c3000, 0x14e00000)
   the space 19916K,  70% used [0x0a350000, 0x0b1137c0, 0x0b113800, 0x0b6c3000)
 Metaspace       used 12161K, capacity 12358K, committed 12544K, reserved 12672K
}
Event: 152.617 GC heap before
{Heap before GC invocations=743 (full 83):
 def new generation   total 9088K, used 8812K [0x04e00000, 0x057d0000, 0x0a350000)
  eden space 8128K, 100% used [0x04e00000, 0x055f0000, 0x055f0000)
  from space 960K,  71% used [0x056e0000, 0x0578b3c8, 0x057d0000)
  to   space 960K,   0% used [0x055f0000, 0x055f0000, 0x056e0000)
 tenured generation   total 19916K, used 14093K [0x0a350000, 0x0b6c3000, 0x14e00000)
   the space 19916K,  70% used [0x0a350000, 0x0b1137c0, 0x0b113800, 0x0b6c3000)
 Metaspace       used 12161K, capacity 12358K, committed 12544K, reserved 12672K
Event: 152.619 GC heap after
Heap after GC invocations=744 (full 83):
 def new generation   total 9088K, used 872K [0x04e00000, 0x057d0000, 0x0a350000)
  eden space 8128K,   0% used [0x04e00000, 0x04e00000, 0x055f0000)
  from space 960K,  90% used [0x055f0000, 0x056ca230, 0x056e0000)
  to   space 960K,   0% used [0x056e0000, 0x056e0000, 0x057d0000)
 tenured generation   total 19916K, used 15605K [0x0a350000, 0x0b6c3000, 0x14e00000)
   the space 19916K,  78% used [0x0a350000, 0x0b28d708, 0x0b28d800, 0x0b6c3000)
 Metaspace       used 12161K, capacity 12358K, committed 12544K, reserved 12672K
}
Event: 152.871 GC heap before
{Heap before GC invocations=744 (full 83):
 def new generation   total 9088K, used 9000K [0x04e00000, 0x057d0000, 0x0a350000)
  eden space 8128K, 100% used [0x04e00000, 0x055f0000, 0x055f0000)
  from space 960K,  90% used [0x055f0000, 0x056ca230, 0x056e0000)
  to   space 960K,   0% used [0x056e0000, 0x056e0000, 0x057d0000)
 tenured generation   total 19916K, used 15605K [0x0a350000, 0x0b6c3000, 0x14e00000)
   the space 19916K,  78% used [0x0a350000, 0x0b28d708, 0x0b28d800, 0x0b6c3000)
 Metaspace       used 12161K, capacity 12358K, committed 12544K, reserved 12672K
Event: 152.872 GC heap after
Heap after GC invocations=745 (full 83):
 def new generation   total 9088K, used 865K [0x04e00000, 0x057d0000, 0x0a350000)
  eden space 8128K,   0% used [0x04e00000, 0x04e00000, 0x055f0000)
  from space 960K,  90% used [0x056e0000, 0x057b8568, 0x057d0000)
  to   space 960K,   0% used [0x055f0000, 0x055f0000, 0x056e0000)
 tenured generation   total 19916K, used 16817K [0x0a350000, 0x0b6c3000, 0x14e00000)
   the space 19916K,  84% used [0x0a350000, 0x0b3bc5e8, 0x0b3bc600, 0x0b6c3000)
 Metaspace       used 12161K, capacity 12358K, committed 12544K, reserved 12672K
}
Event: 153.053 GC heap before
{Heap before GC invocations=745 (full 83):
 def new generation   total 9088K, used 8993K [0x04e00000, 0x057d0000, 0x0a350000)
  eden space 8128K, 100% used [0x04e00000, 0x055f0000, 0x055f0000)
  from space 960K,  90% used [0x056e0000, 0x057b8568, 0x057d0000)
  to   space 960K,   0% used [0x055f0000, 0x055f0000, 0x056e0000)
 tenured generation   total 19916K, used 16817K [0x0a350000, 0x0b6c3000, 0x14e00000)
   the space 19916K,  84% used [0x0a350000, 0x0b3bc5e8, 0x0b3bc600, 0x0b6c3000)
 Metaspace       used 12161K, capacity 12358K, committed 12544K, reserved 12672K
Event: 153.054 GC heap after
Heap after GC invocations=746 (full 83):
 def new generation   total 9088K, used 704K [0x04e00000, 0x057d0000, 0x0a350000)
  eden space 8128K,   0% used [0x04e00000, 0x04e00000, 0x055f0000)
  from space 960K,  73% used [0x055f0000, 0x056a0038, 0x056e0000)
  to   space 960K,   0% used [0x056e0000, 0x056e0000, 0x057d0000)
 tenured generation   total 19916K, used 18028K [0x0a350000, 0x0b6c3000, 0x14e00000)
   the space 19916K,  90% used [0x0a350000, 0x0b4eb080, 0x0b4eb200, 0x0b6c3000)
 Metaspace       used 12161K, capacity 12358K, committed 12544K, reserved 12672K
}

