# JRE version: Java(TM) SE Runtime Environment (8.0_171-b11) (build 1.8.0_171-b11)
# Java VM: Java HotSpot(TM) Client VM (25.171-b11 mixed mode windows-x86 )
Heap:
 def new generation   total 27136K, used 13989K [0x04e00000, 0x06b70000, 0x0a350000)
  eden space 24128K,  48% used [0x04e00000, 0x0598aa88, 0x06590000)
  from space 3008K,  72% used [0x06590000, 0x067aec60, 0x06880000)
  to   space 3008K,   0% used [0x06880000, 0x06880000, 0x06b70000)
 tenured generation   total 60128K, used 23470K [0x0a350000, 0x0de08000, 0x14e00000)
   the space 60128K,  39% used [0x0a350000, 0x0ba3bae8, 0x0ba3bc00, 0x0de08000)
 Metaspace       used 12206K, capacity 12425K, committed 12544K, reserved 12672K
GC Heap History (10 events):
Event: 1067.844 GC heap before
{Heap before GC invocations=10864 (full 1237):
 def new generation   total 27136K, used 26270K [0x04e00000, 0x06b70000, 0x0a350000)
  eden space 24128K, 100% used [0x04e00000, 0x06590000, 0x06590000)
  from space 3008K,  71% used [0x06880000, 0x06a97a98, 0x06b70000)
  to   space 3008K,   0% used [0x06590000, 0x06590000, 0x06880000)
 tenured generation   total 60128K, used 48689K [0x0a350000, 0x0de08000, 0x14e00000)
   the space 60128K,  80% used [0x0a350000, 0x0d2dc618, 0x0d2dc800, 0x0de08000)
 Metaspace       used 12182K, capacity 12393K, committed 12544K, reserved 12672K
Event: 1067.847 GC heap after
Heap after GC invocations=10865 (full 1237):
 def new generation   total 27136K, used 2170K [0x04e00000, 0x06b70000, 0x0a350000)
  eden space 24128K,   0% used [0x04e00000, 0x04e00000, 0x06590000)
  from space 3008K,  72% used [0x06590000, 0x067aebb8, 0x06880000)
  to   space 3008K,   0% used [0x06880000, 0x06880000, 0x06b70000)
 tenured generation   total 60128K, used 53517K [0x0a350000, 0x0de08000, 0x14e00000)
   the space 60128K,  89% used [0x0a350000, 0x0d7936e8, 0x0d793800, 0x0de08000)
 Metaspace       used 12182K, capacity 12393K, committed 12544K, reserved 12672K
}
Event: 1067.994 GC heap before
{Heap before GC invocations=10865 (full 1237):
 def new generation   total 27136K, used 26298K [0x04e00000, 0x06b70000, 0x0a350000)
  eden space 24128K, 100% used [0x04e00000, 0x06590000, 0x06590000)
  from space 3008K,  72% used [0x06590000, 0x067aebb8, 0x06880000)
  to   space 3008K,   0% used [0x06880000, 0x06880000, 0x06b70000)
 tenured generation   total 60128K, used 53517K [0x0a350000, 0x0de08000, 0x14e00000)
   the space 60128K,  89% used [0x0a350000, 0x0d7936e8, 0x0d793800, 0x0de08000)
 Metaspace       used 12182K, capacity 12393K, committed 12544K, reserved 12672K
Event: 1067.995 GC heap after
Heap after GC invocations=10866 (full 1237):
 def new generation   total 27136K, used 2477K [0x04e00000, 0x06b70000, 0x0a350000)
  eden space 24128K,   0% used [0x04e00000, 0x04e00000, 0x06590000)
  from space 3008K,  82% used [0x06880000, 0x06aeb5d8, 0x06b70000)
  to   space 3008K,   0% used [0x06590000, 0x06590000, 0x06880000)
 tenured generation   total 60128K, used 55946K [0x0a350000, 0x0de08000, 0x14e00000)
   the space 60128K,  93% used [0x0a350000, 0x0d9f29f0, 0x0d9f2a00, 0x0de08000)
 Metaspace       used 12182K, capacity 12393K, committed 12544K, reserved 12672K
}
Event: 1068.192 GC heap before
{Heap before GC invocations=10866 (full 1237):
 def new generation   total 27136K, used 26388K [0x04e00000, 0x06b70000, 0x0a350000)
  eden space 24128K,  99% used [0x04e00000, 0x06559a50, 0x06590000)
  from space 3008K,  82% used [0x06880000, 0x06aeb5d8, 0x06b70000)
  to   space 3008K,   0% used [0x06590000, 0x06590000, 0x06880000)
 tenured generation   total 60128K, used 55946K [0x0a350000, 0x0de08000, 0x14e00000)
   the space 60128K,  93% used [0x0a350000, 0x0d9f29f0, 0x0d9f2a00, 0x0de08000)
 Metaspace       used 12182K, capacity 12393K, committed 12544K, reserved 12672K
Event: 1068.193 GC heap after
Heap after GC invocations=10867 (full 1237):
 def new generation   total 27136K, used 2489K [0x04e00000, 0x06b70000, 0x0a350000)
  eden space 24128K,   0% used [0x04e00000, 0x04e00000, 0x06590000)
  from space 3008K,  82% used [0x06590000, 0x067fe6b0, 0x06880000)
  to   space 3008K,   0% used [0x06880000, 0x06880000, 0x06b70000)
 tenured generation   total 60128K, used 57175K [0x0a350000, 0x0de08000, 0x14e00000)
   the space 60128K,  95% used [0x0a350000, 0x0db25d60, 0x0db25e00, 0x0de08000)
 Metaspace       used 12182K, capacity 12393K, committed 12544K, reserved 12672K
}
Event: 1068.332 GC heap before
{Heap before GC invocations=10867 (full 1237):
 def new generation   total 27136K, used 26617K [0x04e00000, 0x06b70000, 0x0a350000)
  eden space 24128K, 100% used [0x04e00000, 0x06590000, 0x06590000)
  from space 3008K,  82% used [0x06590000, 0x067fe6b0, 0x06880000)
  to   space 3008K,   0% used [0x06880000, 0x06880000, 0x06b70000)
 tenured generation   total 60128K, used 57175K [0x0a350000, 0x0de08000, 0x14e00000)
   the space 60128K,  95% used [0x0a350000, 0x0db25d60, 0x0db25e00, 0x0de08000)
 Metaspace       used 12182K, capacity 12393K, committed 12544K, reserved 12672K
Event: 1068.350 GC heap after
Heap after GC invocations=10868 (full 1238):
 def new generation   total 27136K, used 0K [0x04e00000, 0x06b70000, 0x0a350000)
  eden space 24128K,   0% used [0x04e00000, 0x04e00000, 0x06590000)
  from space 3008K,   0% used [0x06880000, 0x06880000, 0x06b70000)
  to   space 3008K,   0% used [0x06590000, 0x06590000, 0x06880000)
 tenured generation   total 60128K, used 18670K [0x0a350000, 0x0de08000, 0x14e00000)
   the space 60128K,  31% used [0x0a350000, 0x0b58baa8, 0x0b58bc00, 0x0de08000)
 Metaspace       used 12182K, capacity 12393K, committed 12544K, reserved 12672K
}
Event: 1068.524 GC heap before
{Heap before GC invocations=10868 (full 1238):
 def new generation   total 27136K, used 24128K [0x04e00000, 0x06b70000, 0x0a350000)
  eden space 24128K, 100% used [0x04e00000, 0x06590000, 0x06590000)
  from space 3008K,   0% used [0x06880000, 0x06880000, 0x06b70000)
  to   space 3008K,   0% used [0x06590000, 0x06590000, 0x06880000)
 tenured generation   total 60128K, used 18670K [0x0a350000, 0x0de08000, 0x14e00000)
   the space 60128K,  31% used [0x0a350000, 0x0b58baa8, 0x0b58bc00, 0x0de08000)
 Metaspace       used 12182K, capacity 12393K, committed 12544K, reserved 12672K
Event: 1068.526 GC heap after
Heap after GC invocations=10869 (full 1238):
 def new generation   total 27136K, used 2171K [0x04e00000, 0x06b70000, 0x0a350000)
  eden space 24128K,   0% used [0x04e00000, 0x04e00000, 0x06590000)
  from space 3008K,  72% used [0x06590000, 0x067aec60, 0x06880000)
  to   space 3008K,   0% used [0x06880000, 0x06880000, 0x06b70000)
 tenured generation   total 60128K, used 23470K [0x0a350000, 0x0de08000, 0x14e00000)
   the space 60128K,  39% used [0x0a350000, 0x0ba3bae8, 0x0ba3bc00, 0x0de08000)
 Metaspace       used 12182K, capacity 12393K, committed 12544K, reserved 12672K
}

