# JRE version: Java(TM) SE Runtime Environment (8.0_171-b11) (build 1.8.0_171-b11)
# Java VM: Java HotSpot(TM) Client VM (25.171-b11 mixed mode windows-x86 )
Heap:
 def new generation   total 5888K, used 1623K [0x05200000, 0x05860000, 0x0a750000)
  eden space 5248K,  20% used [0x05200000, 0x0530bea8, 0x05720000)
  from space 640K,  86% used [0x05720000, 0x057aa030, 0x057c0000)
  to   space 640K,   0% used [0x057c0000, 0x057c0000, 0x05860000)
 tenured generation   total 12980K, used 7528K [0x0a750000, 0x0b3fd000, 0x15200000)
   the space 12980K,  57% used [0x0a750000, 0x0aeaa0b0, 0x0aeaa200, 0x0b3fd000)
 Metaspace       used 8834K, capacity 9010K, committed 9088K, reserved 9600K
GC Heap History (10 events):
Event: 140.358 GC heap before
{Heap before GC invocations=750 (full 73):
 def new generation   total 5888K, used 5786K [0x05200000, 0x05860000, 0x0a750000)
  eden space 5248K, 100% used [0x05200000, 0x05720000, 0x05720000)
  from space 640K,  84% used [0x057c0000, 0x05846920, 0x05860000)
  to   space 640K,   0% used [0x05720000, 0x05720000, 0x057c0000)
 tenured generation   total 12980K, used 10245K [0x0a750000, 0x0b3fd000, 0x15200000)
   the space 12980K,  78% used [0x0a750000, 0x0b151628, 0x0b151800, 0x0b3fd000)
 Metaspace       used 8810K, capacity 8978K, committed 9088K, reserved 9600K
Event: 140.359 GC heap after
Heap after GC invocations=751 (full 73):
 def new generation   total 5888K, used 566K [0x05200000, 0x05860000, 0x0a750000)
  eden space 5248K,   0% used [0x05200000, 0x05200000, 0x05720000)
  from space 640K,  88% used [0x05720000, 0x057ad8a8, 0x057c0000)
  to   space 640K,   0% used [0x057c0000, 0x057c0000, 0x05860000)
 tenured generation   total 12980K, used 11154K [0x0a750000, 0x0b3fd000, 0x15200000)
   the space 12980K,  85% used [0x0a750000, 0x0b234b78, 0x0b234c00, 0x0b3fd000)
 Metaspace       used 8810K, capacity 8978K, committed 9088K, reserved 9600K
}
Event: 140.474 GC heap before
{Heap before GC invocations=751 (full 73):
 def new generation   total 5888K, used 5814K [0x05200000, 0x05860000, 0x0a750000)
  eden space 5248K, 100% used [0x05200000, 0x05720000, 0x05720000)
  from space 640K,  88% used [0x05720000, 0x057ad8a8, 0x057c0000)
  to   space 640K,   0% used [0x057c0000, 0x057c0000, 0x05860000)
 tenured generation   total 12980K, used 11154K [0x0a750000, 0x0b3fd000, 0x15200000)
   the space 12980K,  85% used [0x0a750000, 0x0b234b78, 0x0b234c00, 0x0b3fd000)
 Metaspace       used 8810K, capacity 8978K, committed 9088K, reserved 9600K
Event: 140.475 GC heap after
Heap after GC invocations=752 (full 73):
 def new generation   total 5888K, used 551K [0x05200000, 0x05860000, 0x0a750000)
  eden space 5248K,   0% used [0x05200000, 0x05200000, 0x05720000)
  from space 640K,  86% used [0x057c0000, 0x05849e28, 0x05860000)
  to   space 640K,   0% used [0x05720000, 0x05720000, 0x057c0000)
 tenured generation   total 12980K, used 12064K [0x0a750000, 0x0b3fd000, 0x15200000)
   the space 12980K,  92% used [0x0a750000, 0x0b318390, 0x0b318400, 0x0b3fd000)
 Metaspace       used 8810K, capacity 8978K, committed 9088K, reserved 9600K
}
Event: 140.609 GC heap before
{Heap before GC invocations=752 (full 73):
 def new generation   total 5888K, used 5799K [0x05200000, 0x05860000, 0x0a750000)
  eden space 5248K, 100% used [0x05200000, 0x05720000, 0x05720000)
  from space 640K,  86% used [0x057c0000, 0x05849e28, 0x05860000)
  to   space 640K,   0% used [0x05720000, 0x05720000, 0x057c0000)
 tenured generation   total 12980K, used 12064K [0x0a750000, 0x0b3fd000, 0x15200000)
   the space 12980K,  92% used [0x0a750000, 0x0b318390, 0x0b318400, 0x0b3fd000)
 Metaspace       used 8810K, capacity 8978K, committed 9088K, reserved 9600K
Event: 140.619 GC heap after
Heap after GC invocations=753 (full 74):
 def new generation   total 5888K, used 0K [0x05200000, 0x05860000, 0x0a750000)
  eden space 5248K,   0% used [0x05200000, 0x05200000, 0x05720000)
  from space 640K,   0% used [0x05720000, 0x05720000, 0x057c0000)
  to   space 640K,   0% used [0x057c0000, 0x057c0000, 0x05860000)
 tenured generation   total 12980K, used 6017K [0x0a750000, 0x0b3fd000, 0x15200000)
   the space 12980K,  46% used [0x0a750000, 0x0ad30730, 0x0ad30800, 0x0b3fd000)
 Metaspace       used 8810K, capacity 8978K, committed 9088K, reserved 9600K
}
Event: 140.746 GC heap before
{Heap before GC invocations=753 (full 74):
 def new generation   total 5888K, used 5084K [0x05200000, 0x05860000, 0x0a750000)
  eden space 5248K,  96% used [0x05200000, 0x056f7058, 0x05720000)
  from space 640K,   0% used [0x05720000, 0x05720000, 0x057c0000)
  to   space 640K,   0% used [0x057c0000, 0x057c0000, 0x05860000)
 tenured generation   total 12980K, used 6017K [0x0a750000, 0x0b3fd000, 0x15200000)
   the space 12980K,  46% used [0x0a750000, 0x0ad30730, 0x0ad30800, 0x0b3fd000)
 Metaspace       used 8810K, capacity 8978K, committed 9088K, reserved 9600K
Event: 140.747 GC heap after
Heap after GC invocations=754 (full 74):
 def new generation   total 5888K, used 624K [0x05200000, 0x05860000, 0x0a750000)
  eden space 5248K,   0% used [0x05200000, 0x05200000, 0x05720000)
  from space 640K,  97% used [0x057c0000, 0x0585c010, 0x05860000)
  to   space 640K,   0% used [0x05720000, 0x05720000, 0x057c0000)
 tenured generation   total 12980K, used 6317K [0x0a750000, 0x0b3fd000, 0x15200000)
   the space 12980K,  48% used [0x0a750000, 0x0ad7b740, 0x0ad7b800, 0x0b3fd000)
 Metaspace       used 8810K, capacity 8978K, committed 9088K, reserved 9600K
}
Event: 141.017 GC heap before
{Heap before GC invocations=754 (full 74):
 def new generation   total 5888K, used 5872K [0x05200000, 0x05860000, 0x0a750000)
  eden space 5248K, 100% used [0x05200000, 0x05720000, 0x05720000)
  from space 640K,  97% used [0x057c0000, 0x0585c010, 0x05860000)
  to   space 640K,   0% used [0x05720000, 0x05720000, 0x057c0000)
 tenured generation   total 12980K, used 6317K [0x0a750000, 0x0b3fd000, 0x15200000)
   the space 12980K,  48% used [0x0a750000, 0x0ad7b740, 0x0ad7b800, 0x0b3fd000)
 Metaspace       used 8810K, capacity 8978K, committed 9088K, reserved 9600K
Event: 141.018 GC heap after
Heap after GC invocations=755 (full 74):
 def new generation   total 5888K, used 552K [0x05200000, 0x05860000, 0x0a750000)
  eden space 5248K,   0% used [0x05200000, 0x05200000, 0x05720000)
  from space 640K,  86% used [0x05720000, 0x057aa030, 0x057c0000)
  to   space 640K,   0% used [0x057c0000, 0x057c0000, 0x05860000)
 tenured generation   total 12980K, used 7528K [0x0a750000, 0x0b3fd000, 0x15200000)
   the space 12980K,  57% used [0x0a750000, 0x0aeaa0b0, 0x0aeaa200, 0x0b3fd000)
 Metaspace       used 8810K, capacity 8978K, committed 9088K, reserved 9600K
}

