# JRE version: Java(TM) SE Runtime Environment (8.0_171-b11) (build 1.8.0_171-b11)
# Java VM: Java HotSpot(TM) Client VM (25.171-b11 mixed mode windows-x86 )
Heap:
 def new generation   total 12416K, used 6483K [0x04e00000, 0x05b70000, 0x0a350000)
  eden space 11072K,  57% used [0x04e00000, 0x05436ce0, 0x058d0000)
  from space 1344K,   8% used [0x058d0000, 0x058ee050, 0x05a20000)
  to   space 1344K,   0% used [0x05a20000, 0x05a20000, 0x05b70000)
 tenured generation   total 27452K, used 9407K [0x0a350000, 0x0be1f000, 0x14e00000)
   the space 27452K,  34% used [0x0a350000, 0x0ac7ffd8, 0x0ac80000, 0x0be1f000)
 Metaspace       used 8816K, capacity 8985K, committed 9088K, reserved 9600K
GC Heap History (10 events):
Event: 10.207 GC heap before
{Heap before GC invocations=133 (full 23):
 def new generation   total 12416K, used 11183K [0x04e00000, 0x05b70000, 0x0a350000)
  eden space 11072K,  99% used [0x04e00000, 0x058cee60, 0x058d0000)
  from space 1344K,   8% used [0x05a20000, 0x05a3cdc8, 0x05b70000)
  to   space 1344K,   0% used [0x058d0000, 0x058d0000, 0x05a20000)
 tenured generation   total 27452K, used 17971K [0x0a350000, 0x0be1f000, 0x14e00000)
   the space 27452K,  65% used [0x0a350000, 0x0b4dcff0, 0x0b4dd000, 0x0be1f000)
 Metaspace       used 8792K, capacity 8953K, committed 9088K, reserved 9600K
Event: 10.209 GC heap after
Heap after GC invocations=134 (full 23):
 def new generation   total 12416K, used 1319K [0x04e00000, 0x05b70000, 0x0a350000)
  eden space 11072K,   0% used [0x04e00000, 0x04e00000, 0x058d0000)
  from space 1344K,  98% used [0x058d0000, 0x05a19e98, 0x05a20000)
  to   space 1344K,   0% used [0x05a20000, 0x05a20000, 0x05b70000)
 tenured generation   total 27452K, used 22472K [0x0a350000, 0x0be1f000, 0x14e00000)
   the space 27452K,  81% used [0x0a350000, 0x0b942030, 0x0b942200, 0x0be1f000)
 Metaspace       used 8792K, capacity 8953K, committed 9088K, reserved 9600K
}
Event: 10.313 GC heap before
{Heap before GC invocations=134 (full 23):
 def new generation   total 12416K, used 12159K [0x04e00000, 0x05b70000, 0x0a350000)
  eden space 11072K,  97% used [0x04e00000, 0x05895e10, 0x058d0000)
  from space 1344K,  98% used [0x058d0000, 0x05a19e98, 0x05a20000)
  to   space 1344K,   0% used [0x05a20000, 0x05a20000, 0x05b70000)
 tenured generation   total 27452K, used 22472K [0x0a350000, 0x0be1f000, 0x14e00000)
   the space 27452K,  81% used [0x0a350000, 0x0b942030, 0x0b942200, 0x0be1f000)
 Metaspace       used 8792K, capacity 8953K, committed 9088K, reserved 9600K
Event: 10.314 GC heap after
Heap after GC invocations=135 (full 23):
 def new generation   total 12416K, used 1205K [0x04e00000, 0x05b70000, 0x0a350000)
  eden space 11072K,   0% used [0x04e00000, 0x04e00000, 0x058d0000)
  from space 1344K,  89% used [0x05a20000, 0x05b4d740, 0x05b70000)
  to   space 1344K,   0% used [0x058d0000, 0x058d0000, 0x05a20000)
 tenured generation   total 27452K, used 23768K [0x0a350000, 0x0be1f000, 0x14e00000)
   the space 27452K,  86% used [0x0a350000, 0x0ba86370, 0x0ba86400, 0x0be1f000)
 Metaspace       used 8792K, capacity 8953K, committed 9088K, reserved 9600K
}
Event: 10.368 GC heap before
{Heap before GC invocations=135 (full 23):
 def new generation   total 12416K, used 12245K [0x04e00000, 0x05b70000, 0x0a350000)
  eden space 11072K,  99% used [0x04e00000, 0x058c7f90, 0x058d0000)
  from space 1344K,  89% used [0x05a20000, 0x05b4d740, 0x05b70000)
  to   space 1344K,   0% used [0x058d0000, 0x058d0000, 0x05a20000)
 tenured generation   total 27452K, used 23768K [0x0a350000, 0x0be1f000, 0x14e00000)
   the space 27452K,  86% used [0x0a350000, 0x0ba86370, 0x0ba86400, 0x0be1f000)
 Metaspace       used 8792K, capacity 8953K, committed 9088K, reserved 9600K
Event: 10.369 GC heap after
Heap after GC invocations=136 (full 23):
 def new generation   total 12416K, used 1248K [0x04e00000, 0x05b70000, 0x0a350000)
  eden space 11072K,   0% used [0x04e00000, 0x04e00000, 0x058d0000)
  from space 1344K,  92% used [0x058d0000, 0x05a08100, 0x05a20000)
  to   space 1344K,   0% used [0x05a20000, 0x05a20000, 0x05b70000)
 tenured generation   total 27452K, used 27071K [0x0a350000, 0x0be1f000, 0x14e00000)
   the space 27452K,  98% used [0x0a350000, 0x0bdbfd00, 0x0bdbfe00, 0x0be1f000)
 Metaspace       used 8792K, capacity 8953K, committed 9088K, reserved 9600K
}
Event: 10.470 GC heap before
{Heap before GC invocations=136 (full 23):
 def new generation   total 12416K, used 12320K [0x04e00000, 0x05b70000, 0x0a350000)
  eden space 11072K, 100% used [0x04e00000, 0x058d0000, 0x058d0000)
  from space 1344K,  92% used [0x058d0000, 0x05a08100, 0x05a20000)
  to   space 1344K,   0% used [0x05a20000, 0x05a20000, 0x05b70000)
 tenured generation   total 27452K, used 27071K [0x0a350000, 0x0be1f000, 0x14e00000)
   the space 27452K,  98% used [0x0a350000, 0x0bdbfd00, 0x0bdbfe00, 0x0be1f000)
 Metaspace       used 8792K, capacity 8953K, committed 9088K, reserved 9600K
Event: 10.482 GC heap after
Heap after GC invocations=137 (full 24):
 def new generation   total 12416K, used 0K [0x04e00000, 0x05b70000, 0x0a350000)
  eden space 11072K,   0% used [0x04e00000, 0x04e00000, 0x058d0000)
  from space 1344K,   0% used [0x05a20000, 0x05a20000, 0x05b70000)
  to   space 1344K,   0% used [0x058d0000, 0x058d0000, 0x05a20000)
 tenured generation   total 27452K, used 9407K [0x0a350000, 0x0be1f000, 0x14e00000)
   the space 27452K,  34% used [0x0a350000, 0x0ac7ffd8, 0x0ac80000, 0x0be1f000)
 Metaspace       used 8792K, capacity 8953K, committed 9088K, reserved 9600K
}
Event: 10.567 GC heap before
{Heap before GC invocations=137 (full 24):
 def new generation   total 12416K, used 10718K [0x04e00000, 0x05b70000, 0x0a350000)
  eden space 11072K,  96% used [0x04e00000, 0x058779d8, 0x058d0000)
  from space 1344K,   0% used [0x05a20000, 0x05a20000, 0x05b70000)
  to   space 1344K,   0% used [0x058d0000, 0x058d0000, 0x05a20000)
 tenured generation   total 27452K, used 9407K [0x0a350000, 0x0be1f000, 0x14e00000)
   the space 27452K,  34% used [0x0a350000, 0x0ac7ffd8, 0x0ac80000, 0x0be1f000)
 Metaspace       used 8792K, capacity 8953K, committed 9088K, reserved 9600K
Event: 10.567 GC heap after
Heap after GC invocations=138 (full 24):
 def new generation   total 12416K, used 120K [0x04e00000, 0x05b70000, 0x0a350000)
  eden space 11072K,   0% used [0x04e00000, 0x04e00000, 0x058d0000)
  from space 1344K,   8% used [0x058d0000, 0x058ee050, 0x05a20000)
  to   space 1344K,   0% used [0x05a20000, 0x05a20000, 0x05b70000)
 tenured generation   total 27452K, used 9407K [0x0a350000, 0x0be1f000, 0x14e00000)
   the space 27452K,  34% used [0x0a350000, 0x0ac7ffd8, 0x0ac80000, 0x0be1f000)
 Metaspace       used 8792K, capacity 8953K, committed 9088K, reserved 9600K
}

