# JRE version: Java(TM) SE Runtime Environment (8.0_171-b11) (build 1.8.0_171-b11)
# Java VM: Java HotSpot(TM) Client VM (25.171-b11 mixed mode windows-x86 )
Heap:
 def new generation   total 4992K, used 949K [0x04e00000, 0x05360000, 0x0a350000)
  eden space 4480K,  21% used [0x04e00000, 0x04eed7e0, 0x05260000)
  from space 512K,   0% used [0x05260000, 0x05260000, 0x052e0000)
  to   space 512K,   0% used [0x052e0000, 0x052e0000, 0x05360000)
 tenured generation   total 10944K, used 5540K [0x0a350000, 0x0ae00000, 0x14e00000)
   the space 10944K,  50% used [0x0a350000, 0x0a8b92e0, 0x0a8b9400, 0x0ae00000)
 Metaspace       used 8684K, capacity 8847K, committed 8960K, reserved 9600K
GC Heap History (10 events):
Event: 20.228 GC heap before
{Heap before GC invocations=119 (full 2):
 def new generation   total 4992K, used 4801K [0x04e00000, 0x05360000, 0x0a350000)
  eden space 4480K, 100% used [0x04e00000, 0x05260000, 0x05260000)
  from space 512K,  62% used [0x052e0000, 0x05330530, 0x05360000)
  to   space 512K,   0% used [0x05260000, 0x05260000, 0x052e0000)
 tenured generation   total 10944K, used 10566K [0x0a350000, 0x0ae00000, 0x14e00000)
   the space 10944K,  96% used [0x0a350000, 0x0ada18e0, 0x0ada1a00, 0x0ae00000)
 Metaspace       used 8660K, capacity 8847K, committed 8960K, reserved 9600K
Event: 20.229 GC heap after
Heap after GC invocations=120 (full 2):
 def new generation   total 4992K, used 262K [0x04e00000, 0x05360000, 0x0a350000)
  eden space 4480K,   0% used [0x04e00000, 0x04e00000, 0x05260000)
  from space 512K,  51% used [0x05260000, 0x052a19f0, 0x052e0000)
  to   space 512K,   0% used [0x052e0000, 0x052e0000, 0x05360000)
 tenured generation   total 10944K, used 10576K [0x0a350000, 0x0ae00000, 0x14e00000)
   the space 10944K,  96% used [0x0a350000, 0x0ada4168, 0x0ada4200, 0x0ae00000)
 Metaspace       used 8660K, capacity 8847K, committed 8960K, reserved 9600K
}
Event: 20.405 GC heap before
{Heap before GC invocations=120 (full 2):
 def new generation   total 4992K, used 4742K [0x04e00000, 0x05360000, 0x0a350000)
  eden space 4480K, 100% used [0x04e00000, 0x05260000, 0x05260000)
  from space 512K,  51% used [0x05260000, 0x052a19f0, 0x052e0000)
  to   space 512K,   0% used [0x052e0000, 0x052e0000, 0x05360000)
 tenured generation   total 10944K, used 10576K [0x0a350000, 0x0ae00000, 0x14e00000)
   the space 10944K,  96% used [0x0a350000, 0x0ada4168, 0x0ada4200, 0x0ae00000)
 Metaspace       used 8660K, capacity 8847K, committed 8960K, reserved 9600K
Event: 20.405 GC heap after
Heap after GC invocations=121 (full 2):
 def new generation   total 4992K, used 240K [0x04e00000, 0x05360000, 0x0a350000)
  eden space 4480K,   0% used [0x04e00000, 0x04e00000, 0x05260000)
  from space 512K,  46% used [0x052e0000, 0x0531c1b0, 0x05360000)
  to   space 512K,   0% used [0x05260000, 0x05260000, 0x052e0000)
 tenured generation   total 10944K, used 10886K [0x0a350000, 0x0ae00000, 0x14e00000)
   the space 10944K,  99% used [0x0a350000, 0x0adf1940, 0x0adf1a00, 0x0ae00000)
 Metaspace       used 8660K, capacity 8847K, committed 8960K, reserved 9600K
}
Event: 20.492 GC heap before
{Heap before GC invocations=121 (full 2):
 def new generation   total 4992K, used 4690K [0x04e00000, 0x05360000, 0x0a350000)
  eden space 4480K,  99% used [0x04e00000, 0x05258728, 0x05260000)
  from space 512K,  46% used [0x052e0000, 0x0531c1b0, 0x05360000)
  to   space 512K,   0% used [0x05260000, 0x05260000, 0x052e0000)
 tenured generation   total 10944K, used 10886K [0x0a350000, 0x0ae00000, 0x14e00000)
   the space 10944K,  99% used [0x0a350000, 0x0adf1940, 0x0adf1a00, 0x0ae00000)
 Metaspace       used 8660K, capacity 8847K, committed 8960K, reserved 9600K
Event: 20.492 GC heap after
Heap after GC invocations=122 (full 2):
 def new generation   total 4992K, used 320K [0x04e00000, 0x05360000, 0x0a350000)
  eden space 4480K,   0% used [0x04e00000, 0x04e00000, 0x05260000)
  from space 512K,  62% used [0x05260000, 0x052b01d0, 0x052e0000)
  to   space 512K,   0% used [0x052e0000, 0x052e0000, 0x05360000)
 tenured generation   total 10944K, used 10886K [0x0a350000, 0x0ae00000, 0x14e00000)
   the space 10944K,  99% used [0x0a350000, 0x0adf1940, 0x0adf1a00, 0x0ae00000)
 Metaspace       used 8660K, capacity 8847K, committed 8960K, reserved 9600K
}
Event: 20.741 GC heap before
{Heap before GC invocations=122 (full 2):
 def new generation   total 4992K, used 4800K [0x04e00000, 0x05360000, 0x0a350000)
  eden space 4480K, 100% used [0x04e00000, 0x05260000, 0x05260000)
  from space 512K,  62% used [0x05260000, 0x052b01d0, 0x052e0000)
  to   space 512K,   0% used [0x052e0000, 0x052e0000, 0x05360000)
 tenured generation   total 10944K, used 10886K [0x0a350000, 0x0ae00000, 0x14e00000)
   the space 10944K,  99% used [0x0a350000, 0x0adf1940, 0x0adf1a00, 0x0ae00000)
 Metaspace       used 8660K, capacity 8847K, committed 8960K, reserved 9600K
Event: 20.741 GC heap after
Heap after GC invocations=123 (full 2):
 def new generation   total 4992K, used 262K [0x04e00000, 0x05360000, 0x0a350000)
  eden space 4480K,   0% used [0x04e00000, 0x04e00000, 0x05260000)
  from space 512K,  51% used [0x052e0000, 0x053219f0, 0x05360000)
  to   space 512K,   0% used [0x05260000, 0x05260000, 0x052e0000)
 tenured generation   total 10944K, used 10896K [0x0a350000, 0x0ae00000, 0x14e00000)
   the space 10944K,  99% used [0x0a350000, 0x0adf4098, 0x0adf4200, 0x0ae00000)
 Metaspace       used 8660K, capacity 8847K, committed 8960K, reserved 9600K
}
Event: 20.871 GC heap before
{Heap before GC invocations=123 (full 2):
 def new generation   total 4992K, used 4742K [0x04e00000, 0x05360000, 0x0a350000)
  eden space 4480K, 100% used [0x04e00000, 0x05260000, 0x05260000)
  from space 512K,  51% used [0x052e0000, 0x053219f0, 0x05360000)
  to   space 512K,   0% used [0x05260000, 0x05260000, 0x052e0000)
 tenured generation   total 10944K, used 10896K [0x0a350000, 0x0ae00000, 0x14e00000)
   the space 10944K,  99% used [0x0a350000, 0x0adf4098, 0x0adf4200, 0x0ae00000)
 Metaspace       used 8684K, capacity 8847K, committed 8960K, reserved 9600K
Event: 20.888 GC heap after
Heap after GC invocations=124 (full 3):
 def new generation   total 4992K, used 0K [0x04e00000, 0x05360000, 0x0a350000)
  eden space 4480K,   0% used [0x04e00000, 0x04e00000, 0x05260000)
  from space 512K,   0% used [0x05260000, 0x05260000, 0x052e0000)
  to   space 512K,   0% used [0x052e0000, 0x052e0000, 0x05360000)
 tenured generation   total 10944K, used 5540K [0x0a350000, 0x0ae00000, 0x14e00000)
   the space 10944K,  50% used [0x0a350000, 0x0a8b92e0, 0x0a8b9400, 0x0ae00000)
 Metaspace       used 8684K, capacity 8847K, committed 8960K, reserved 9600K
}

