# JRE version: Java(TM) SE Runtime Environment (8.0_171-b11) (build 1.8.0_171-b11)
# Java VM: Java HotSpot(TM) Client VM (25.171-b11 mixed mode windows-x86 )
Heap:
 def new generation   total 4992K, used 1054K [0x05000000, 0x05560000, 0x0a550000)
  eden space 4480K,  16% used [0x05000000, 0x050b5f28, 0x05460000)
  from space 512K,  63% used [0x05460000, 0x054b1cb0, 0x054e0000)
  to   space 512K,   0% used [0x054e0000, 0x054e0000, 0x05560000)
 tenured generation   total 10944K, used 8189K [0x0a550000, 0x0b000000, 0x15000000)
   the space 10944K,  74% used [0x0a550000, 0x0ad4f7a8, 0x0ad4f800, 0x0b000000)
 Metaspace       used 8627K, capacity 8813K, committed 8960K, reserved 9600K
GC Heap History (10 events):
Event: 28.062 GC heap before
{Heap before GC invocations=166 (full 23):
 def new generation   total 4992K, used 4730K [0x05000000, 0x05560000, 0x0a550000)
  eden space 4480K, 100% used [0x05000000, 0x05460000, 0x05460000)
  from space 512K,  48% used [0x054e0000, 0x0551eb18, 0x05560000)
  to   space 512K,   0% used [0x05460000, 0x05460000, 0x054e0000)
 tenured generation   total 10944K, used 9631K [0x0a550000, 0x0b000000, 0x15000000)
   the space 10944K,  88% used [0x0a550000, 0x0aeb7c80, 0x0aeb7e00, 0x0b000000)
 Metaspace       used 8610K, capacity 8781K, committed 8832K, reserved 9600K
Event: 28.062 GC heap after
Heap after GC invocations=167 (full 23):
 def new generation   total 4992K, used 250K [0x05000000, 0x05560000, 0x0a550000)
  eden space 4480K,   0% used [0x05000000, 0x05000000, 0x05460000)
  from space 512K,  49% used [0x05460000, 0x0549ebe8, 0x054e0000)
  to   space 512K,   0% used [0x054e0000, 0x054e0000, 0x05560000)
 tenured generation   total 10944K, used 10531K [0x0a550000, 0x0b000000, 0x15000000)
   the space 10944K,  96% used [0x0a550000, 0x0af98cb0, 0x0af98e00, 0x0b000000)
 Metaspace       used 8610K, capacity 8781K, committed 8832K, reserved 9600K
}
Event: 28.218 GC heap before
{Heap before GC invocations=167 (full 23):
 def new generation   total 4992K, used 4626K [0x05000000, 0x05560000, 0x0a550000)
  eden space 4480K,  97% used [0x05000000, 0x05445d68, 0x05460000)
  from space 512K,  49% used [0x05460000, 0x0549ebe8, 0x054e0000)
  to   space 512K,   0% used [0x054e0000, 0x054e0000, 0x05560000)
 tenured generation   total 10944K, used 10531K [0x0a550000, 0x0b000000, 0x15000000)
   the space 10944K,  96% used [0x0a550000, 0x0af98cb0, 0x0af98e00, 0x0b000000)
 Metaspace       used 8610K, capacity 8781K, committed 8832K, reserved 9600K
Event: 28.228 GC heap after
Heap after GC invocations=168 (full 24):
 def new generation   total 4992K, used 0K [0x05000000, 0x05560000, 0x0a550000)
  eden space 4480K,   0% used [0x05000000, 0x05000000, 0x05460000)
  from space 512K,   0% used [0x054e0000, 0x054e0000, 0x05560000)
  to   space 512K,   0% used [0x05460000, 0x05460000, 0x054e0000)
 tenured generation   total 10944K, used 5779K [0x0a550000, 0x0b000000, 0x15000000)
   the space 10944K,  52% used [0x0a550000, 0x0aaf4c68, 0x0aaf4e00, 0x0b000000)
 Metaspace       used 8610K, capacity 8781K, committed 8832K, reserved 9600K
}
Event: 28.446 GC heap before
{Heap before GC invocations=168 (full 24):
 def new generation   total 4992K, used 4480K [0x05000000, 0x05560000, 0x0a550000)
  eden space 4480K, 100% used [0x05000000, 0x05460000, 0x05460000)
  from space 512K,   0% used [0x054e0000, 0x054e0000, 0x05560000)
  to   space 512K,   0% used [0x05460000, 0x05460000, 0x054e0000)
 tenured generation   total 10944K, used 5779K [0x0a550000, 0x0b000000, 0x15000000)
   the space 10944K,  52% used [0x0a550000, 0x0aaf4c68, 0x0aaf4e00, 0x0b000000)
 Metaspace       used 8610K, capacity 8781K, committed 8832K, reserved 9600K
Event: 28.447 GC heap after
Heap after GC invocations=169 (full 24):
 def new generation   total 4992K, used 264K [0x05000000, 0x05560000, 0x0a550000)
  eden space 4480K,   0% used [0x05000000, 0x05000000, 0x05460000)
  from space 512K,  51% used [0x05460000, 0x054a2250, 0x054e0000)
  to   space 512K,   0% used [0x054e0000, 0x054e0000, 0x05560000)
 tenured generation   total 10944K, used 6979K [0x0a550000, 0x0b000000, 0x15000000)
   the space 10944K,  63% used [0x0a550000, 0x0ac20ca8, 0x0ac20e00, 0x0b000000)
 Metaspace       used 8610K, capacity 8781K, committed 8832K, reserved 9600K
}
Event: 28.554 GC heap before
{Heap before GC invocations=169 (full 24):
 def new generation   total 4992K, used 4744K [0x05000000, 0x05560000, 0x0a550000)
  eden space 4480K, 100% used [0x05000000, 0x05460000, 0x05460000)
  from space 512K,  51% used [0x05460000, 0x054a2250, 0x054e0000)
  to   space 512K,   0% used [0x054e0000, 0x054e0000, 0x05560000)
 tenured generation   total 10944K, used 6979K [0x0a550000, 0x0b000000, 0x15000000)
   the space 10944K,  63% used [0x0a550000, 0x0ac20ca8, 0x0ac20e00, 0x0b000000)
 Metaspace       used 8610K, capacity 8781K, committed 8832K, reserved 9600K
Event: 28.555 GC heap after
Heap after GC invocations=170 (full 24):
 def new generation   total 4992K, used 241K [0x05000000, 0x05560000, 0x0a550000)
  eden space 4480K,   0% used [0x05000000, 0x05000000, 0x05460000)
  from space 512K,  47% used [0x054e0000, 0x0551c5c0, 0x05560000)
  to   space 512K,   0% used [0x05460000, 0x05460000, 0x054e0000)
 tenured generation   total 10944K, used 7889K [0x0a550000, 0x0b000000, 0x15000000)
   the space 10944K,  72% used [0x0a550000, 0x0ad04798, 0x0ad04800, 0x0b000000)
 Metaspace       used 8610K, capacity 8781K, committed 8832K, reserved 9600K
}
Event: 28.727 GC heap before
{Heap before GC invocations=170 (full 24):
 def new generation   total 4992K, used 4686K [0x05000000, 0x05560000, 0x0a550000)
  eden space 4480K,  99% used [0x05000000, 0x05457520, 0x05460000)
  from space 512K,  47% used [0x054e0000, 0x0551c5c0, 0x05560000)
  to   space 512K,   0% used [0x05460000, 0x05460000, 0x054e0000)
 tenured generation   total 10944K, used 7889K [0x0a550000, 0x0b000000, 0x15000000)
   the space 10944K,  72% used [0x0a550000, 0x0ad04798, 0x0ad04800, 0x0b000000)
 Metaspace       used 8611K, capacity 8781K, committed 8832K, reserved 9600K
Event: 28.729 GC heap after
Heap after GC invocations=171 (full 24):
 def new generation   total 4992K, used 327K [0x05000000, 0x05560000, 0x0a550000)
  eden space 4480K,   0% used [0x05000000, 0x05000000, 0x05460000)
  from space 512K,  63% used [0x05460000, 0x054b1cb0, 0x054e0000)
  to   space 512K,   0% used [0x054e0000, 0x054e0000, 0x05560000)
 tenured generation   total 10944K, used 8189K [0x0a550000, 0x0b000000, 0x15000000)
   the space 10944K,  74% used [0x0a550000, 0x0ad4f7a8, 0x0ad4f800, 0x0b000000)
 Metaspace       used 8611K, capacity 8781K, committed 8832K, reserved 9600K
}

