# JRE version: Java(TM) SE Runtime Environment (8.0_171-b11) (build 1.8.0_171-b11)
# Java VM: Java HotSpot(TM) Client VM (25.171-b11 mixed mode windows-x86 )
Heap:
 def new generation   total 4992K, used 1600K [0x05200000, 0x05760000, 0x0a750000)
  eden space 4480K,  29% used [0x05200000, 0x0534d7d8, 0x05660000)
  from space 512K,  52% used [0x056e0000, 0x05722ae8, 0x05760000)
  to   space 512K,   0% used [0x05660000, 0x05660000, 0x056e0000)
 tenured generation   total 10944K, used 10352K [0x0a750000, 0x0b200000, 0x15200000)
   the space 10944K,  94% used [0x0a750000, 0x0b16c3c8, 0x0b16c400, 0x0b200000)
 Metaspace       used 8628K, capacity 8793K, committed 8832K, reserved 9600K
GC Heap History (10 events):
Event: 6.290 GC heap before
{Heap before GC invocations=33 (full 4):
 def new generation   total 4992K, used 4792K [0x05200000, 0x05760000, 0x0a750000)
  eden space 4480K,  99% used [0x05200000, 0x0565fc48, 0x05660000)
  from space 512K,  61% used [0x05660000, 0x056ae598, 0x056e0000)
  to   space 512K,   0% used [0x056e0000, 0x056e0000, 0x05760000)
 tenured generation   total 10944K, used 6113K [0x0a750000, 0x0b200000, 0x15200000)
   the space 10944K,  55% used [0x0a750000, 0x0ad484c0, 0x0ad48600, 0x0b200000)
 Metaspace       used 8613K, capacity 8793K, committed 8832K, reserved 9600K
Event: 6.291 GC heap after
Heap after GC invocations=34 (full 4):
 def new generation   total 4992K, used 266K [0x05200000, 0x05760000, 0x0a750000)
  eden space 4480K,   0% used [0x05200000, 0x05200000, 0x05660000)
  from space 512K,  51% used [0x056e0000, 0x05722888, 0x05760000)
  to   space 512K,   0% used [0x05660000, 0x05660000, 0x056e0000)
 tenured generation   total 10944K, used 7322K [0x0a750000, 0x0b200000, 0x15200000)
   the space 10944K,  66% used [0x0a750000, 0x0ae76b20, 0x0ae76c00, 0x0b200000)
 Metaspace       used 8613K, capacity 8793K, committed 8832K, reserved 9600K
}
Event: 6.422 GC heap before
{Heap before GC invocations=34 (full 4):
 def new generation   total 4992K, used 4746K [0x05200000, 0x05760000, 0x0a750000)
  eden space 4480K, 100% used [0x05200000, 0x05660000, 0x05660000)
  from space 512K,  51% used [0x056e0000, 0x05722888, 0x05760000)
  to   space 512K,   0% used [0x05660000, 0x05660000, 0x056e0000)
 tenured generation   total 10944K, used 7322K [0x0a750000, 0x0b200000, 0x15200000)
   the space 10944K,  66% used [0x0a750000, 0x0ae76b20, 0x0ae76c00, 0x0b200000)
 Metaspace       used 8613K, capacity 8793K, committed 8832K, reserved 9600K
Event: 6.423 GC heap after
Heap after GC invocations=35 (full 4):
 def new generation   total 4992K, used 242K [0x05200000, 0x05760000, 0x0a750000)
  eden space 4480K,   0% used [0x05200000, 0x05200000, 0x05660000)
  from space 512K,  47% used [0x05660000, 0x0569c9c8, 0x056e0000)
  to   space 512K,   0% used [0x056e0000, 0x056e0000, 0x05760000)
 tenured generation   total 10944K, used 8232K [0x0a750000, 0x0b200000, 0x15200000)
   the space 10944K,  75% used [0x0a750000, 0x0af5a360, 0x0af5a400, 0x0b200000)
 Metaspace       used 8613K, capacity 8793K, committed 8832K, reserved 9600K
}
Event: 6.558 GC heap before
{Heap before GC invocations=35 (full 4):
 def new generation   total 4992K, used 4557K [0x05200000, 0x05760000, 0x0a750000)
  eden space 4480K,  96% used [0x05200000, 0x05636ce0, 0x05660000)
  from space 512K,  47% used [0x05660000, 0x0569c9c8, 0x056e0000)
  to   space 512K,   0% used [0x056e0000, 0x056e0000, 0x05760000)
 tenured generation   total 10944K, used 8232K [0x0a750000, 0x0b200000, 0x15200000)
   the space 10944K,  75% used [0x0a750000, 0x0af5a360, 0x0af5a400, 0x0b200000)
 Metaspace       used 8613K, capacity 8793K, committed 8832K, reserved 9600K
Event: 6.559 GC heap after
Heap after GC invocations=36 (full 4):
 def new generation   total 4992K, used 322K [0x05200000, 0x05760000, 0x0a750000)
  eden space 4480K,   0% used [0x05200000, 0x05200000, 0x05660000)
  from space 512K,  63% used [0x056e0000, 0x05730b30, 0x05760000)
  to   space 512K,   0% used [0x05660000, 0x05660000, 0x056e0000)
 tenured generation   total 10944K, used 8532K [0x0a750000, 0x0b200000, 0x15200000)
   the space 10944K,  77% used [0x0a750000, 0x0afa5370, 0x0afa5400, 0x0b200000)
 Metaspace       used 8613K, capacity 8793K, committed 8832K, reserved 9600K
}
Event: 6.815 GC heap before
{Heap before GC invocations=36 (full 4):
 def new generation   total 4992K, used 4802K [0x05200000, 0x05760000, 0x0a750000)
  eden space 4480K, 100% used [0x05200000, 0x05660000, 0x05660000)
  from space 512K,  63% used [0x056e0000, 0x05730b30, 0x05760000)
  to   space 512K,   0% used [0x05660000, 0x05660000, 0x056e0000)
 tenured generation   total 10944K, used 8532K [0x0a750000, 0x0b200000, 0x15200000)
   the space 10944K,  77% used [0x0a750000, 0x0afa5370, 0x0afa5400, 0x0b200000)
 Metaspace       used 8613K, capacity 8793K, committed 8832K, reserved 9600K
Event: 6.816 GC heap after
Heap after GC invocations=37 (full 4):
 def new generation   total 4992K, used 325K [0x05200000, 0x05760000, 0x0a750000)
  eden space 4480K,   0% used [0x05200000, 0x05200000, 0x05660000)
  from space 512K,  63% used [0x05660000, 0x056b1528, 0x056e0000)
  to   space 512K,   0% used [0x056e0000, 0x056e0000, 0x05760000)
 tenured generation   total 10944K, used 9443K [0x0a750000, 0x0b200000, 0x15200000)
   the space 10944K,  86% used [0x0a750000, 0x0b088c68, 0x0b088e00, 0x0b200000)
 Metaspace       used 8613K, capacity 8793K, committed 8832K, reserved 9600K
}
Event: 6.966 GC heap before
{Heap before GC invocations=37 (full 4):
 def new generation   total 4992K, used 4805K [0x05200000, 0x05760000, 0x0a750000)
  eden space 4480K, 100% used [0x05200000, 0x05660000, 0x05660000)
  from space 512K,  63% used [0x05660000, 0x056b1528, 0x056e0000)
  to   space 512K,   0% used [0x056e0000, 0x056e0000, 0x05760000)
 tenured generation   total 10944K, used 9443K [0x0a750000, 0x0b200000, 0x15200000)
   the space 10944K,  86% used [0x0a750000, 0x0b088c68, 0x0b088e00, 0x0b200000)
 Metaspace       used 8628K, capacity 8793K, committed 8832K, reserved 9600K
Event: 6.968 GC heap after
Heap after GC invocations=38 (full 4):
 def new generation   total 4992K, used 266K [0x05200000, 0x05760000, 0x0a750000)
  eden space 4480K,   0% used [0x05200000, 0x05200000, 0x05660000)
  from space 512K,  52% used [0x056e0000, 0x05722ae8, 0x05760000)
  to   space 512K,   0% used [0x05660000, 0x05660000, 0x056e0000)
 tenured generation   total 10944K, used 10352K [0x0a750000, 0x0b200000, 0x15200000)
   the space 10944K,  94% used [0x0a750000, 0x0b16c3c8, 0x0b16c400, 0x0b200000)
 Metaspace       used 8628K, capacity 8793K, committed 8832K, reserved 9600K
}

