# JRE version: Java(TM) SE Runtime Environment (8.0_171-b11) (build 1.8.0_171-b11)
# Java VM: Java HotSpot(TM) Client VM (25.171-b11 mixed mode windows-x86 )
Heap:
 def new generation   total 11520K, used 2985K [0x04c00000, 0x05880000, 0x0a150000)
  eden space 10240K,  29% used [0x04c00000, 0x04eea7e8, 0x05600000)
  from space 1280K,   0% used [0x05600000, 0x05600000, 0x05740000)
  to   space 1280K,   0% used [0x05740000, 0x05740000, 0x05880000)
 tenured generation   total 25484K, used 11004K [0x0a150000, 0x0ba33000, 0x14c00000)
   the space 25484K,  43% used [0x0a150000, 0x0ac0f120, 0x0ac0f200, 0x0ba33000)
 Metaspace       used 8806K, capacity 8978K, committed 9088K, reserved 9600K
GC Heap History (10 events):
Event: 470.964 GC heap before
{Heap before GC invocations=6557 (full 930):
 def new generation   total 11520K, used 10524K [0x04c00000, 0x05880000, 0x0a150000)
  eden space 10240K,  90% used [0x04c00000, 0x0550c008, 0x05600000)
  from space 1280K,  98% used [0x05740000, 0x0587b3f0, 0x05880000)
  to   space 1280K,   0% used [0x05600000, 0x05600000, 0x05740000)
 tenured generation   total 25484K, used 13374K [0x0a150000, 0x0ba33000, 0x14c00000)
   the space 25484K,  52% used [0x0a150000, 0x0ae5f9f8, 0x0ae5fa00, 0x0ba33000)
 Metaspace       used 8783K, capacity 8946K, committed 9088K, reserved 9600K
Event: 470.965 GC heap after
Heap after GC invocations=6558 (full 930):
 def new generation   total 11520K, used 1229K [0x04c00000, 0x05880000, 0x0a150000)
  eden space 10240K,   0% used [0x04c00000, 0x04c00000, 0x05600000)
  from space 1280K,  96% used [0x05600000, 0x05733460, 0x05740000)
  to   space 1280K,   0% used [0x05740000, 0x05740000, 0x05880000)
 tenured generation   total 25484K, used 16675K [0x0a150000, 0x0ba33000, 0x14c00000)
   the space 25484K,  65% used [0x0a150000, 0x0b198f18, 0x0b199000, 0x0ba33000)
 Metaspace       used 8783K, capacity 8946K, committed 9088K, reserved 9600K
}
Event: 471.047 GC heap before
{Heap before GC invocations=6558 (full 930):
 def new generation   total 11520K, used 11469K [0x04c00000, 0x05880000, 0x0a150000)
  eden space 10240K, 100% used [0x04c00000, 0x05600000, 0x05600000)
  from space 1280K,  96% used [0x05600000, 0x05733460, 0x05740000)
  to   space 1280K,   0% used [0x05740000, 0x05740000, 0x05880000)
 tenured generation   total 25484K, used 16675K [0x0a150000, 0x0ba33000, 0x14c00000)
   the space 25484K,  65% used [0x0a150000, 0x0b198f18, 0x0b199000, 0x0ba33000)
 Metaspace       used 8783K, capacity 8946K, committed 9088K, reserved 9600K
Event: 471.048 GC heap after
Heap after GC invocations=6559 (full 930):
 def new generation   total 11520K, used 939K [0x04c00000, 0x05880000, 0x0a150000)
  eden space 10240K,   0% used [0x04c00000, 0x04c00000, 0x05600000)
  from space 1280K,  73% used [0x05740000, 0x0582ac78, 0x05880000)
  to   space 1280K,   0% used [0x05600000, 0x05600000, 0x05740000)
 tenured generation   total 25484K, used 20303K [0x0a150000, 0x0ba33000, 0x14c00000)
   the space 25484K,  79% used [0x0a150000, 0x0b523f50, 0x0b524000, 0x0ba33000)
 Metaspace       used 8783K, capacity 8946K, committed 9088K, reserved 9600K
}
Event: 471.201 GC heap before
{Heap before GC invocations=6559 (full 930):
 def new generation   total 11520K, used 10900K [0x04c00000, 0x05880000, 0x0a150000)
  eden space 10240K,  97% used [0x04c00000, 0x055ba468, 0x05600000)
  from space 1280K,  73% used [0x05740000, 0x0582ac78, 0x05880000)
  to   space 1280K,   0% used [0x05600000, 0x05600000, 0x05740000)
 tenured generation   total 25484K, used 20303K [0x0a150000, 0x0ba33000, 0x14c00000)
   the space 25484K,  79% used [0x0a150000, 0x0b523f50, 0x0b524000, 0x0ba33000)
 Metaspace       used 8783K, capacity 8946K, committed 9088K, reserved 9600K
Event: 471.203 GC heap after
Heap after GC invocations=6560 (full 930):
 def new generation   total 11520K, used 939K [0x04c00000, 0x05880000, 0x0a150000)
  eden space 10240K,   0% used [0x04c00000, 0x04c00000, 0x05600000)
  from space 1280K,  73% used [0x05600000, 0x056eac98, 0x05740000)
  to   space 1280K,   0% used [0x05740000, 0x05740000, 0x05880000)
 tenured generation   total 25484K, used 22731K [0x0a150000, 0x0ba33000, 0x14c00000)
   the space 25484K,  89% used [0x0a150000, 0x0b782dd0, 0x0b782e00, 0x0ba33000)
 Metaspace       used 8783K, capacity 8946K, committed 9088K, reserved 9600K
}
Event: 471.233 GC heap before
{Heap before GC invocations=6560 (full 930):
 def new generation   total 11520K, used 10831K [0x04c00000, 0x05880000, 0x0a150000)
  eden space 10240K,  96% used [0x04c00000, 0x055a9298, 0x05600000)
  from space 1280K,  73% used [0x05600000, 0x056eac98, 0x05740000)
  to   space 1280K,   0% used [0x05740000, 0x05740000, 0x05880000)
 tenured generation   total 25484K, used 22731K [0x0a150000, 0x0ba33000, 0x14c00000)
   the space 25484K,  89% used [0x0a150000, 0x0b782dd0, 0x0b782e00, 0x0ba33000)
 Metaspace       used 8783K, capacity 8946K, committed 9088K, reserved 9600K
Event: 471.234 GC heap after
Heap after GC invocations=6561 (full 930):
 def new generation   total 11520K, used 1260K [0x04c00000, 0x05880000, 0x0a150000)
  eden space 10240K,   0% used [0x04c00000, 0x04c00000, 0x05600000)
  from space 1280K,  98% used [0x05740000, 0x0587b3f0, 0x05880000)
  to   space 1280K,   0% used [0x05600000, 0x05600000, 0x05740000)
 tenured generation   total 25484K, used 22759K [0x0a150000, 0x0ba33000, 0x14c00000)
   the space 25484K,  89% used [0x0a150000, 0x0b789c60, 0x0b789e00, 0x0ba33000)
 Metaspace       used 8783K, capacity 8946K, committed 9088K, reserved 9600K
}
Event: 471.295 GC heap before
{Heap before GC invocations=6561 (full 930):
 def new generation   total 11520K, used 11005K [0x04c00000, 0x05880000, 0x0a150000)
  eden space 10240K,  95% used [0x04c00000, 0x05584098, 0x05600000)
  from space 1280K,  98% used [0x05740000, 0x0587b3f0, 0x05880000)
  to   space 1280K,   0% used [0x05600000, 0x05600000, 0x05740000)
 tenured generation   total 25484K, used 22759K [0x0a150000, 0x0ba33000, 0x14c00000)
   the space 25484K,  89% used [0x0a150000, 0x0b789c60, 0x0b789e00, 0x0ba33000)
 Metaspace       used 8788K, capacity 8946K, committed 9088K, reserved 9600K
Event: 471.312 GC heap after
Heap after GC invocations=6562 (full 931):
 def new generation   total 11520K, used 0K [0x04c00000, 0x05880000, 0x0a150000)
  eden space 10240K,   0% used [0x04c00000, 0x04c00000, 0x05600000)
  from space 1280K,   0% used [0x05600000, 0x05600000, 0x05740000)
  to   space 1280K,   0% used [0x05740000, 0x05740000, 0x05880000)
 tenured generation   total 25484K, used 11004K [0x0a150000, 0x0ba33000, 0x14c00000)
   the space 25484K,  43% used [0x0a150000, 0x0ac0f120, 0x0ac0f200, 0x0ba33000)
 Metaspace       used 8788K, capacity 8946K, committed 9088K, reserved 9600K
}

