# JRE version: Java(TM) SE Runtime Environment (8.0_171-b11) (build 1.8.0_171-b11)
# Java VM: Java HotSpot(TM) Client VM (25.171-b11 mixed mode windows-x86 )
Heap:
 def new generation   total 7552K, used 5566K [0x04e00000, 0x05630000, 0x0a350000)
  eden space 6720K,  73% used [0x04e00000, 0x052dab28, 0x05490000)
  from space 832K,  71% used [0x05560000, 0x055f4f30, 0x05630000)
  to   space 832K,   0% used [0x05490000, 0x05490000, 0x05560000)
 tenured generation   total 16640K, used 15950K [0x0a350000, 0x0b390000, 0x14e00000)
   the space 16640K,  95% used [0x0a350000, 0x0b2e3bd8, 0x0b2e3c00, 0x0b390000)
 Metaspace       used 12182K, capacity 12390K, committed 12544K, reserved 12672K
GC Heap History (10 events):
Event: 261.503 GC heap before
{Heap before GC invocations=1246 (full 12):
 def new generation   total 7552K, used 6942K [0x04e00000, 0x05630000, 0x0a350000)
  eden space 6720K,  97% used [0x04e00000, 0x054680e0, 0x05490000)
  from space 832K,  45% used [0x05490000, 0x054ef908, 0x05560000)
  to   space 832K,   0% used [0x05560000, 0x05560000, 0x05630000)
 tenured generation   total 16640K, used 15640K [0x0a350000, 0x0b390000, 0x14e00000)
   the space 16640K,  93% used [0x0a350000, 0x0b2961c8, 0x0b296200, 0x0b390000)
 Metaspace       used 12158K, capacity 12358K, committed 12544K, reserved 12672K
Event: 261.504 GC heap after
Heap after GC invocations=1247 (full 12):
 def new generation   total 7552K, used 64K [0x04e00000, 0x05630000, 0x0a350000)
  eden space 6720K,   0% used [0x04e00000, 0x04e00000, 0x05490000)
  from space 832K,   7% used [0x05560000, 0x05570108, 0x05630000)
  to   space 832K,   0% used [0x05490000, 0x05490000, 0x05560000)
 tenured generation   total 16640K, used 15640K [0x0a350000, 0x0b390000, 0x14e00000)
   the space 16640K,  93% used [0x0a350000, 0x0b2961c8, 0x0b296200, 0x0b390000)
 Metaspace       used 12158K, capacity 12358K, committed 12544K, reserved 12672K
}
Event: 261.643 GC heap before
{Heap before GC invocations=1247 (full 12):
 def new generation   total 7552K, used 6781K [0x04e00000, 0x05630000, 0x0a350000)
  eden space 6720K,  99% used [0x04e00000, 0x0548f2f8, 0x05490000)
  from space 832K,   7% used [0x05560000, 0x05570108, 0x05630000)
  to   space 832K,   0% used [0x05490000, 0x05490000, 0x05560000)
 tenured generation   total 16640K, used 15640K [0x0a350000, 0x0b390000, 0x14e00000)
   the space 16640K,  93% used [0x0a350000, 0x0b2961c8, 0x0b296200, 0x0b390000)
 Metaspace       used 12158K, capacity 12358K, committed 12544K, reserved 12672K
Event: 261.644 GC heap after
Heap after GC invocations=1248 (full 12):
 def new generation   total 7552K, used 23K [0x04e00000, 0x05630000, 0x0a350000)
  eden space 6720K,   0% used [0x04e00000, 0x04e00000, 0x05490000)
  from space 832K,   2% used [0x05490000, 0x05495d00, 0x05560000)
  to   space 832K,   0% used [0x05560000, 0x05560000, 0x05630000)
 tenured generation   total 16640K, used 15640K [0x0a350000, 0x0b390000, 0x14e00000)
   the space 16640K,  93% used [0x0a350000, 0x0b2961c8, 0x0b296200, 0x0b390000)
 Metaspace       used 12158K, capacity 12358K, committed 12544K, reserved 12672K
}
Event: 261.940 GC heap before
{Heap before GC invocations=1248 (full 12):
 def new generation   total 7552K, used 6743K [0x04e00000, 0x05630000, 0x0a350000)
  eden space 6720K, 100% used [0x04e00000, 0x05490000, 0x05490000)
  from space 832K,   2% used [0x05490000, 0x05495d00, 0x05560000)
  to   space 832K,   0% used [0x05560000, 0x05560000, 0x05630000)
 tenured generation   total 16640K, used 15640K [0x0a350000, 0x0b390000, 0x14e00000)
   the space 16640K,  93% used [0x0a350000, 0x0b2961c8, 0x0b296200, 0x0b390000)
 Metaspace       used 12158K, capacity 12358K, committed 12544K, reserved 12672K
Event: 261.941 GC heap after
Heap after GC invocations=1249 (full 12):
 def new generation   total 7552K, used 560K [0x04e00000, 0x05630000, 0x0a350000)
  eden space 6720K,   0% used [0x04e00000, 0x04e00000, 0x05490000)
  from space 832K,  67% used [0x05560000, 0x055ec0f0, 0x05630000)
  to   space 832K,   0% used [0x05490000, 0x05490000, 0x05560000)
 tenured generation   total 16640K, used 15640K [0x0a350000, 0x0b390000, 0x14e00000)
   the space 16640K,  93% used [0x0a350000, 0x0b2961c8, 0x0b296200, 0x0b390000)
 Metaspace       used 12158K, capacity 12358K, committed 12544K, reserved 12672K
}
Event: 262.106 GC heap before
{Heap before GC invocations=1249 (full 12):
 def new generation   total 7552K, used 7278K [0x04e00000, 0x05630000, 0x0a350000)
  eden space 6720K,  99% used [0x04e00000, 0x0548fa78, 0x05490000)
  from space 832K,  67% used [0x05560000, 0x055ec0f0, 0x05630000)
  to   space 832K,   0% used [0x05490000, 0x05490000, 0x05560000)
 tenured generation   total 16640K, used 15640K [0x0a350000, 0x0b390000, 0x14e00000)
   the space 16640K,  93% used [0x0a350000, 0x0b2961c8, 0x0b296200, 0x0b390000)
 Metaspace       used 12158K, capacity 12358K, committed 12544K, reserved 12672K
Event: 262.108 GC heap after
Heap after GC invocations=1250 (full 12):
 def new generation   total 7552K, used 399K [0x04e00000, 0x05630000, 0x0a350000)
  eden space 6720K,   0% used [0x04e00000, 0x04e00000, 0x05490000)
  from space 832K,  48% used [0x05490000, 0x054f3fa8, 0x05560000)
  to   space 832K,   0% used [0x05560000, 0x05560000, 0x05630000)
 tenured generation   total 16640K, used 15650K [0x0a350000, 0x0b390000, 0x14e00000)
   the space 16640K,  94% used [0x0a350000, 0x0b298bc8, 0x0b298c00, 0x0b390000)
 Metaspace       used 12158K, capacity 12358K, committed 12544K, reserved 12672K
}
Event: 262.308 GC heap before
{Heap before GC invocations=1250 (full 12):
 def new generation   total 7552K, used 7119K [0x04e00000, 0x05630000, 0x0a350000)
  eden space 6720K, 100% used [0x04e00000, 0x05490000, 0x05490000)
  from space 832K,  48% used [0x05490000, 0x054f3fa8, 0x05560000)
  to   space 832K,   0% used [0x05560000, 0x05560000, 0x05630000)
 tenured generation   total 16640K, used 15650K [0x0a350000, 0x0b390000, 0x14e00000)
   the space 16640K,  94% used [0x0a350000, 0x0b298bc8, 0x0b298c00, 0x0b390000)
 Metaspace       used 12158K, capacity 12358K, committed 12544K, reserved 12672K
Event: 262.309 GC heap after
Heap after GC invocations=1251 (full 12):
 def new generation   total 7552K, used 595K [0x04e00000, 0x05630000, 0x0a350000)
  eden space 6720K,   0% used [0x04e00000, 0x04e00000, 0x05490000)
  from space 832K,  71% used [0x05560000, 0x055f4f30, 0x05630000)
  to   space 832K,   0% used [0x05490000, 0x05490000, 0x05560000)
 tenured generation   total 16640K, used 15950K [0x0a350000, 0x0b390000, 0x14e00000)
   the space 16640K,  95% used [0x0a350000, 0x0b2e3bd8, 0x0b2e3c00, 0x0b390000)
 Metaspace       used 12158K, capacity 12358K, committed 12544K, reserved 12672K
}

